# JRE version: Java(TM) SE Runtime Environment (8.0_66-b17) (build 1.8.0_66-b17)
# Java VM: Java HotSpot(TM) 64-Bit Server VM (25.66-b17 mixed mode linux-amd64 compressed oops)
Heap:
 PSYoungGen      total 476672K, used 0K [0x00000000d5580000, 0x0000000100000000, 0x0000000100000000)
  eden space 243712K, 0% used [0x00000000d5580000,0x00000000d5580000,0x00000000e4380000)
  from space 232960K, 0% used [0x00000000f1c80000,0x00000000f1c80000,0x0000000100000000)
  to   space 222208K, 0% used [0x00000000e4380000,0x00000000e4380000,0x00000000f1c80000)
 ParOldGen       total 657408K, used 646641K [0x0000000080000000, 0x00000000a8200000, 0x00000000d5580000)
  object space 657408K, 98% used [0x0000000080000000,0x00000000a777c728,0x00000000a8200000)
 Metaspace       used 6457K, capacity 7282K, committed 7552K, reserved 1056768K
  class space    used 608K, capacity 618K, committed 640K, reserved 1048576K
GC Heap History (10 events):
Event: 20,722 GC heap after
Heap after GC invocations=20 (full 4):
 PSYoungGen      total 487936K, used 92189K [0x00000000d5580000, 0x0000000100000000, 0x0000000100000000)
  eden space 347648K, 0% used [0x00000000d5580000,0x00000000d5580000,0x00000000ea900000)
  from space 140288K, 65% used [0x00000000f7700000,0x00000000fd1077b0,0x0000000100000000)
  to   space 175616K, 0% used [0x00000000ea900000,0x00000000ea900000,0x00000000f5480000)
 ParOldGen       total 657408K, used 445163K [0x0000000080000000, 0x00000000a8200000, 0x00000000d5580000)
  object space 657408K, 67% used [0x0000000080000000,0x000000009b2bad20,0x00000000a8200000)
 Metaspace       used 6446K, capacity 7282K, committed 7552K, reserved 1056768K
  class space    used 607K, capacity 618K, committed 640K, reserved 1048576K
}
Event: 21,912 GC heap before
{Heap before GC invocations=21 (full 4):
 PSYoungGen      total 487936K, used 439837K [0x00000000d5580000, 0x0000000100000000, 0x0000000100000000)
  eden space 347648K, 100% used [0x00000000d5580000,0x00000000ea900000,0x00000000ea900000)
  from space 140288K, 65% used [0x00000000f7700000,0x00000000fd1077b0,0x0000000100000000)
  to   space 175616K, 0% used [0x00000000ea900000,0x00000000ea900000,0x00000000f5480000)
 ParOldGen       total 657408K, used 445163K [0x0000000080000000, 0x00000000a8200000, 0x00000000d5580000)
  object space 657408K, 67% used [0x0000000080000000,0x000000009b2bad20,0x00000000a8200000)
 Metaspace       used 6455K, capacity 7282K, committed 7552K, reserved 1056768K
  class space    used 608K, capacity 618K, committed 640K, reserved 1048576K
Event: 22,163 GC heap after
Heap after GC invocations=21 (full 4):
 PSYoungGen      total 450048K, used 102346K [0x00000000d5580000, 0x0000000100000000, 0x0000000100000000)
  eden space 347648K, 0% used [0x00000000d5580000,0x00000000d5580000,0x00000000ea900000)
  from space 102400K, 99% used [0x00000000ea900000,0x00000000f0cf2b70,0x00000000f0d00000)
  to   space 177664K, 0% used [0x00000000f5280000,0x00000000f5280000,0x0000000100000000)
 ParOldGen       total 657408K, used 445163K [0x0000000080000000, 0x00000000a8200000, 0x00000000d5580000)
  object space 657408K, 67% used [0x0000000080000000,0x000000009b2bad20,0x00000000a8200000)
 Metaspace       used 6455K, capacity 7282K, committed 7552K, reserved 1056768K
  class space    used 608K, capacity 618K, committed 640K, reserved 1048576K
}
Event: 23,380 GC heap before
{Heap before GC invocations=22 (full 4):
 PSYoungGen      total 450048K, used 449994K [0x00000000d5580000, 0x0000000100000000, 0x0000000100000000)
  eden space 347648K, 100% used [0x00000000d5580000,0x00000000ea900000,0x00000000ea900000)
  from space 102400K, 99% used [0x00000000ea900000,0x00000000f0cf2b70,0x00000000f0d00000)
  to   space 177664K, 0% used [0x00000000f5280000,0x00000000f5280000,0x0000000100000000)
 ParOldGen       total 657408K, used 445163K [0x0000000080000000, 0x00000000a8200000, 0x00000000d5580000)
  object space 657408K, 67% used [0x0000000080000000,0x000000009b2bad20,0x00000000a8200000)
 Metaspace       used 6455K, capacity 7282K, committed 7552K, reserved 1056768K
  class space    used 608K, capacity 618K, committed 640K, reserved 1048576K
Event: 23,608 GC heap after
Heap after GC invocations=22 (full 4):
 PSYoungGen      total 449536K, used 177641K [0x00000000d5580000, 0x0000000100000000, 0x0000000100000000)
  eden space 271872K, 0% used [0x00000000d5580000,0x00000000d5580000,0x00000000e5f00000)
  from space 177664K, 99% used [0x00000000f5280000,0x00000000ffffa728,0x0000000100000000)
  to   space 213504K, 0% used [0x00000000e5f00000,0x00000000e5f00000,0x00000000f2f80000)
 ParOldGen       total 657408K, used 465222K [0x0000000080000000, 0x00000000a8200000, 0x00000000d5580000)
  object space 657408K, 70% used [0x0000000080000000,0x000000009c651ae8,0x00000000a8200000)
 Metaspace       used 6455K, capacity 7282K, committed 7552K, reserved 1056768K
  class space    used 608K, capacity 618K, committed 640K, reserved 1048576K
}
Event: 24,663 GC heap before
{Heap before GC invocations=23 (full 4):
 PSYoungGen      total 449536K, used 449513K [0x00000000d5580000, 0x0000000100000000, 0x0000000100000000)
  eden space 271872K, 100% used [0x00000000d5580000,0x00000000e5f00000,0x00000000e5f00000)
  from space 177664K, 99% used [0x00000000f5280000,0x00000000ffffa728,0x0000000100000000)
  to   space 213504K, 0% used [0x00000000e5f00000,0x00000000e5f00000,0x00000000f2f80000)
 ParOldGen       total 657408K, used 465222K [0x0000000080000000, 0x00000000a8200000, 0x00000000d5580000)
  object space 657408K, 70% used [0x0000000080000000,0x000000009c651ae8,0x00000000a8200000)
 Metaspace       used 6456K, capacity 7282K, committed 7552K, reserved 1056768K
  class space    used 608K, capacity 618K, committed 640K, reserved 1048576K
Event: 24,941 GC heap after
Heap after GC invocations=23 (full 4):
 PSYoungGen      total 453120K, used 181201K [0x00000000d5580000, 0x0000000100000000, 0x0000000100000000)
  eden space 271872K, 0% used [0x00000000d5580000,0x00000000d5580000,0x00000000e5f00000)
  from space 181248K, 99% used [0x00000000e5f00000,0x00000000f0ff44b8,0x00000000f1000000)
  to   space 232960K, 0% used [0x00000000f1c80000,0x00000000f1c80000,0x0000000100000000)
 ParOldGen       total 657408K, used 541802K [0x0000000080000000, 0x00000000a8200000, 0x00000000d5580000)
  object space 657408K, 82% used [0x0000000080000000,0x00000000a111a9f8,0x00000000a8200000)
 Metaspace       used 6456K, capacity 7282K, committed 7552K, reserved 1056768K
  class space    used 608K, capacity 618K, committed 640K, reserved 1048576K
}
Event: 25,962 GC heap before
{Heap before GC invocations=24 (full 4):
 PSYoungGen      total 453120K, used 453073K [0x00000000d5580000, 0x0000000100000000, 0x0000000100000000)
  eden space 271872K, 100% used [0x00000000d5580000,0x00000000e5f00000,0x00000000e5f00000)
  from space 181248K, 99% used [0x00000000e5f00000,0x00000000f0ff44b8,0x00000000f1000000)
  to   space 232960K, 0% used [0x00000000f1c80000,0x00000000f1c80000,0x0000000100000000)
 ParOldGen       total 657408K, used 541802K [0x0000000080000000, 0x00000000a8200000, 0x00000000d5580000)
  object space 657408K, 82% used [0x0000000080000000,0x00000000a111a9f8,0x00000000a8200000)
 Metaspace       used 6457K, capacity 7282K, committed 7552K, reserved 1056768K
  class space    used 608K, capacity 618K, committed 640K, reserved 1048576K
Event: 26,172 GC heap after
Heap after GC invocations=24 (full 4):
 PSYoungGen      total 476672K, used 93144K [0x00000000d5580000, 0x0000000100000000, 0x0000000100000000)
  eden space 243712K, 0% used [0x00000000d5580000,0x00000000d5580000,0x00000000e4380000)
  from space 232960K, 39% used [0x00000000f1c80000,0x00000000f7776320,0x0000000100000000)
  to   space 222208K, 0% used [0x00000000e4380000,0x00000000e4380000,0x00000000f1c80000)
 ParOldGen       total 657408K, used 597449K [0x0000000080000000, 0x00000000a8200000, 0x00000000d5580000)
  object space 657408K, 90% used [0x0000000080000000,0x00000000a47726c0,0x00000000a8200000)
 Metaspace       used 6457K, capacity 7282K, committed 7552K, reserved 1056768K
  class space    used 608K, capacity 618K, committed 640K, reserved 1048576K
}
Event: 26,172 GC heap before
{Heap before GC invocations=25 (full 5):
 PSYoungGen      total 476672K, used 93144K [0x00000000d5580000, 0x0000000100000000, 0x0000000100000000)
  eden space 243712K, 0% used [0x00000000d5580000,0x00000000d5580000,0x00000000e4380000)
  from space 232960K, 39% used [0x00000000f1c80000,0x00000000f7776320,0x0000000100000000)
  to   space 222208K, 0% used [0x00000000e4380000,0x00000000e4380000,0x00000000f1c80000)
 ParOldGen       total 657408K, used 597449K [0x0000000080000000, 0x00000000a8200000, 0x00000000d5580000)
  object space 657408K, 90% used [0x0000000080000000,0x00000000a47726c0,0x00000000a8200000)
 Metaspace       used 6457K, capacity 7282K, committed 7552K, reserved 1056768K
  class space    used 608K, capacity 618K, committed 640K, reserved 1048576K

