# JRE version: Java(TM) SE Runtime Environment (8.0_66-b17) (build 1.8.0_66-b17)
# Java VM: Java HotSpot(TM) 64-Bit Server VM (25.66-b17 mixed mode linux-amd64 compressed oops)
Heap:
 PSYoungGen      total 465920K, used 0K [0x00000000d5580000, 0x0000000100000000, 0x0000000100000000)
  eden space 232960K, 0% used [0x00000000d5580000,0x00000000d5580000,0x00000000e3900000)
  from space 232960K, 0% used [0x00000000e3900000,0x00000000e3900000,0x00000000f1c80000)
  to   space 232960K, 0% used [0x00000000f1c80000,0x00000000f1c80000,0x0000000100000000)
 ParOldGen       total 839168K, used 643580K [0x0000000080000000, 0x00000000b3380000, 0x00000000d5580000)
  object space 839168K, 76% used [0x0000000080000000,0x00000000a747f0c0,0x00000000b3380000)
 Metaspace       used 6451K, capacity 7282K, committed 7552K, reserved 1056768K
  class space    used 607K, capacity 618K, committed 640K, reserved 1048576K
GC Heap History (10 events):
Event: 26,981 GC heap after
Heap after GC invocations=20 (full 4):
 PSYoungGen      total 523264K, used 105533K [0x00000000d5580000, 0x0000000100000000, 0x0000000100000000)
  eden space 361984K, 0% used [0x00000000d5580000,0x00000000d5580000,0x00000000eb700000)
  from space 161280K, 65% used [0x00000000f6280000,0x00000000fc98f770,0x0000000100000000)
  to   space 168448K, 0% used [0x00000000eb700000,0x00000000eb700000,0x00000000f5b80000)
 ParOldGen       total 572928K, used 408668K [0x0000000080000000, 0x00000000a2f80000, 0x00000000d5580000)
  object space 572928K, 71% used [0x0000000080000000,0x0000000098f171f0,0x00000000a2f80000)
 Metaspace       used 6442K, capacity 7282K, committed 7552K, reserved 1056768K
  class space    used 606K, capacity 618K, committed 640K, reserved 1048576K
}
Event: 29,919 GC heap before
{Heap before GC invocations=21 (full 4):
 PSYoungGen      total 523264K, used 467517K [0x00000000d5580000, 0x0000000100000000, 0x0000000100000000)
  eden space 361984K, 100% used [0x00000000d5580000,0x00000000eb700000,0x00000000eb700000)
  from space 161280K, 65% used [0x00000000f6280000,0x00000000fc98f770,0x0000000100000000)
  to   space 168448K, 0% used [0x00000000eb700000,0x00000000eb700000,0x00000000f5b80000)
 ParOldGen       total 572928K, used 408668K [0x0000000080000000, 0x00000000a2f80000, 0x00000000d5580000)
  object space 572928K, 71% used [0x0000000080000000,0x0000000098f171f0,0x00000000a2f80000)
 Metaspace       used 6450K, capacity 7282K, committed 7552K, reserved 1056768K
  class space    used 607K, capacity 618K, committed 640K, reserved 1048576K
Event: 30,295 GC heap after
Heap after GC invocations=21 (full 4):
 PSYoungGen      total 530432K, used 168433K [0x00000000d5580000, 0x0000000100000000, 0x0000000100000000)
  eden space 361984K, 0% used [0x00000000d5580000,0x00000000d5580000,0x00000000eb700000)
  from space 168448K, 99% used [0x00000000eb700000,0x00000000f5b7c778,0x00000000f5b80000)
  to   space 168448K, 0% used [0x00000000f5b80000,0x00000000f5b80000,0x0000000100000000)
 ParOldGen       total 572928K, used 513670K [0x0000000080000000, 0x00000000a2f80000, 0x00000000d5580000)
  object space 572928K, 89% used [0x0000000080000000,0x000000009f5a1aa8,0x00000000a2f80000)
 Metaspace       used 6450K, capacity 7282K, committed 7552K, reserved 1056768K
  class space    used 607K, capacity 618K, committed 640K, reserved 1048576K
}
Event: 30,295 GC heap before
{Heap before GC invocations=22 (full 5):
 PSYoungGen      total 530432K, used 168433K [0x00000000d5580000, 0x0000000100000000, 0x0000000100000000)
  eden space 361984K, 0% used [0x00000000d5580000,0x00000000d5580000,0x00000000eb700000)
  from space 168448K, 99% used [0x00000000eb700000,0x00000000f5b7c778,0x00000000f5b80000)
  to   space 168448K, 0% used [0x00000000f5b80000,0x00000000f5b80000,0x0000000100000000)
 ParOldGen       total 572928K, used 513670K [0x0000000080000000, 0x00000000a2f80000, 0x00000000d5580000)
  object space 572928K, 89% used [0x0000000080000000,0x000000009f5a1aa8,0x00000000a2f80000)
 Metaspace       used 6450K, capacity 7282K, committed 7552K, reserved 1056768K
  class space    used 607K, capacity 618K, committed 640K, reserved 1048576K
Event: 35,671 GC heap after
Heap after GC invocations=22 (full 5):
 PSYoungGen      total 530432K, used 100938K [0x00000000d5580000, 0x0000000100000000, 0x0000000100000000)
  eden space 361984K, 0% used [0x00000000d5580000,0x00000000d5580000,0x00000000eb700000)
  from space 168448K, 59% used [0x00000000eb700000,0x00000000f1992888,0x00000000f5b80000)
  to   space 168448K, 0% used [0x00000000f5b80000,0x00000000f5b80000,0x0000000100000000)
 ParOldGen       total 839168K, used 572802K [0x0000000080000000, 0x00000000b3380000, 0x00000000d5580000)
  object space 839168K, 68% used [0x0000000080000000,0x00000000a2f60818,0x00000000b3380000)
 Metaspace       used 6450K, capacity 7282K, committed 7552K, reserved 1056768K
  class space    used 607K, capacity 618K, committed 640K, reserved 1048576K
}
Event: 37,609 GC heap before
{Heap before GC invocations=23 (full 5):
 PSYoungGen      total 530432K, used 462922K [0x00000000d5580000, 0x0000000100000000, 0x0000000100000000)
  eden space 361984K, 100% used [0x00000000d5580000,0x00000000eb700000,0x00000000eb700000)
  from space 168448K, 59% used [0x00000000eb700000,0x00000000f1992888,0x00000000f5b80000)
  to   space 168448K, 0% used [0x00000000f5b80000,0x00000000f5b80000,0x0000000100000000)
 ParOldGen       total 839168K, used 572802K [0x0000000080000000, 0x00000000b3380000, 0x00000000d5580000)
  object space 839168K, 68% used [0x0000000080000000,0x00000000a2f60818,0x00000000b3380000)
 Metaspace       used 6451K, capacity 7282K, committed 7552K, reserved 1056768K
  class space    used 607K, capacity 618K, committed 640K, reserved 1048576K
Event: 38,083 GC heap after
Heap after GC invocations=23 (full 5):
 PSYoungGen      total 401408K, used 168421K [0x00000000d5580000, 0x0000000100000000, 0x0000000100000000)
  eden space 232960K, 0% used [0x00000000d5580000,0x00000000d5580000,0x00000000e3900000)
  from space 168448K, 99% used [0x00000000f5b80000,0x00000000ffff95d8,0x0000000100000000)
  to   space 232960K, 0% used [0x00000000e3900000,0x00000000e3900000,0x00000000f1c80000)
 ParOldGen       total 839168K, used 633920K [0x0000000080000000, 0x00000000b3380000, 0x00000000d5580000)
  object space 839168K, 75% used [0x0000000080000000,0x00000000a6b10318,0x00000000b3380000)
 Metaspace       used 6451K, capacity 7282K, committed 7552K, reserved 1056768K
  class space    used 607K, capacity 618K, committed 640K, reserved 1048576K
}
Event: 38,490 GC heap before
{Heap before GC invocations=24 (full 5):
 PSYoungGen      total 401408K, used 401381K [0x00000000d5580000, 0x0000000100000000, 0x0000000100000000)
  eden space 232960K, 100% used [0x00000000d5580000,0x00000000e3900000,0x00000000e3900000)
  from space 168448K, 99% used [0x00000000f5b80000,0x00000000ffff95d8,0x0000000100000000)
  to   space 232960K, 0% used [0x00000000e3900000,0x00000000e3900000,0x00000000f1c80000)
 ParOldGen       total 839168K, used 633920K [0x0000000080000000, 0x00000000b3380000, 0x00000000d5580000)
  object space 839168K, 75% used [0x0000000080000000,0x00000000a6b10318,0x00000000b3380000)
 Metaspace       used 6451K, capacity 7282K, committed 7552K, reserved 1056768K
  class space    used 607K, capacity 618K, committed 640K, reserved 1048576K
Event: 38,759 GC heap after
Heap after GC invocations=24 (full 5):
 PSYoungGen      total 465920K, used 75767K [0x00000000d5580000, 0x0000000100000000, 0x0000000100000000)
  eden space 232960K, 0% used [0x00000000d5580000,0x00000000d5580000,0x00000000e3900000)
  from space 232960K, 32% used [0x00000000e3900000,0x00000000e82fdd30,0x00000000f1c80000)
  to   space 232960K, 0% used [0x00000000f1c80000,0x00000000f1c80000,0x0000000100000000)
 ParOldGen       total 839168K, used 767679K [0x0000000080000000, 0x00000000b3380000, 0x00000000d5580000)
  object space 839168K, 91% used [0x0000000080000000,0x00000000aedaffa8,0x00000000b3380000)
 Metaspace       used 6451K, capacity 7282K, committed 7552K, reserved 1056768K
  class space    used 607K, capacity 618K, committed 640K, reserved 1048576K
}
Event: 38,759 GC heap before
{Heap before GC invocations=25 (full 6):
 PSYoungGen      total 465920K, used 75767K [0x00000000d5580000, 0x0000000100000000, 0x0000000100000000)
  eden space 232960K, 0% used [0x00000000d5580000,0x00000000d5580000,0x00000000e3900000)
  from space 232960K, 32% used [0x00000000e3900000,0x00000000e82fdd30,0x00000000f1c80000)
  to   space 232960K, 0% used [0x00000000f1c80000,0x00000000f1c80000,0x0000000100000000)
 ParOldGen       total 839168K, used 767679K [0x0000000080000000, 0x00000000b3380000, 0x00000000d5580000)
  object space 839168K, 91% used [0x0000000080000000,0x00000000aedaffa8,0x00000000b3380000)
 Metaspace       used 6451K, capacity 7282K, committed 7552K, reserved 1056768K
  class space    used 607K, capacity 618K, committed 640K, reserved 1048576K

