# JRE version: Java(TM) SE Runtime Environment (8.0_66-b17) (build 1.8.0_66-b17)
# Java VM: Java HotSpot(TM) 64-Bit Server VM (25.66-b17 mixed mode linux-amd64 compressed oops)
Heap:
 PSYoungGen      total 465920K, used 0K [0x00000000d5580000, 0x0000000100000000, 0x0000000100000000)
  eden space 232960K, 0% used [0x00000000d5580000,0x00000000d5580000,0x00000000e3900000)
  from space 232960K, 0% used [0x00000000e3900000,0x00000000e3900000,0x00000000f1c80000)
  to   space 232960K, 0% used [0x00000000f1c80000,0x00000000f1c80000,0x0000000100000000)
 ParOldGen       total 910336K, used 879930K [0x0000000080000000, 0x00000000b7900000, 0x00000000d5580000)
  object space 910336K, 96% used [0x0000000080000000,0x00000000b5b4e8f8,0x00000000b7900000)
 Metaspace       used 6853K, capacity 7672K, committed 7936K, reserved 1056768K
  class space    used 629K, capacity 688K, committed 768K, reserved 1048576K
GC Heap History (10 events):
Event: 31,895 GC heap after
Heap after GC invocations=32 (full 5):
 PSYoungGen      total 445440K, used 192596K [0x00000000d5580000, 0x0000000100000000, 0x0000000100000000)
  eden space 252416K, 0% used [0x00000000d5580000,0x00000000d5580000,0x00000000e4c00000)
  from space 193024K, 99% used [0x00000000e4c00000,0x00000000f0815160,0x00000000f0880000)
  to   space 232960K, 0% used [0x00000000f1c80000,0x00000000f1c80000,0x0000000100000000)
 ParOldGen       total 910336K, used 655554K [0x0000000080000000, 0x00000000b7900000, 0x00000000d5580000)
  object space 910336K, 72% used [0x0000000080000000,0x00000000a8030898,0x00000000b7900000)
 Metaspace       used 6597K, capacity 7352K, committed 7552K, reserved 1056768K
  class space    used 616K, capacity 624K, committed 640K, reserved 1048576K
}
Event: 32,813 GC heap before
{Heap before GC invocations=33 (full 5):
 PSYoungGen      total 445440K, used 445012K [0x00000000d5580000, 0x0000000100000000, 0x0000000100000000)
  eden space 252416K, 100% used [0x00000000d5580000,0x00000000e4c00000,0x00000000e4c00000)
  from space 193024K, 99% used [0x00000000e4c00000,0x00000000f0815160,0x00000000f0880000)
  to   space 232960K, 0% used [0x00000000f1c80000,0x00000000f1c80000,0x0000000100000000)
 ParOldGen       total 910336K, used 655554K [0x0000000080000000, 0x00000000b7900000, 0x00000000d5580000)
  object space 910336K, 72% used [0x0000000080000000,0x00000000a8030898,0x00000000b7900000)
 Metaspace       used 6616K, capacity 7352K, committed 7552K, reserved 1056768K
  class space    used 616K, capacity 624K, committed 640K, reserved 1048576K
Event: 33,216 GC heap after
Heap after GC invocations=33 (full 5):
 PSYoungGen      total 465920K, used 231716K [0x00000000d5580000, 0x0000000100000000, 0x0000000100000000)
  eden space 232960K, 0% used [0x00000000d5580000,0x00000000d5580000,0x00000000e3900000)
  from space 232960K, 99% used [0x00000000f1c80000,0x00000000ffec9370,0x0000000100000000)
  to   space 232960K, 0% used [0x00000000e3900000,0x00000000e3900000,0x00000000f1c80000)
 ParOldGen       total 910336K, used 655554K [0x0000000080000000, 0x00000000b7900000, 0x00000000d5580000)
  object space 910336K, 72% used [0x0000000080000000,0x00000000a8030898,0x00000000b7900000)
 Metaspace       used 6616K, capacity 7352K, committed 7552K, reserved 1056768K
  class space    used 616K, capacity 624K, committed 640K, reserved 1048576K
}
Event: 33,933 GC heap before
{Heap before GC invocations=34 (full 5):
 PSYoungGen      total 465920K, used 464676K [0x00000000d5580000, 0x0000000100000000, 0x0000000100000000)
  eden space 232960K, 100% used [0x00000000d5580000,0x00000000e3900000,0x00000000e3900000)
  from space 232960K, 99% used [0x00000000f1c80000,0x00000000ffec9370,0x0000000100000000)
  to   space 232960K, 0% used [0x00000000e3900000,0x00000000e3900000,0x00000000f1c80000)
 ParOldGen       total 910336K, used 655554K [0x0000000080000000, 0x00000000b7900000, 0x00000000d5580000)
  object space 910336K, 72% used [0x0000000080000000,0x00000000a8030898,0x00000000b7900000)
 Metaspace       used 6826K, capacity 7608K, committed 7936K, reserved 1056768K
  class space    used 629K, capacity 688K, committed 768K, reserved 1048576K
Event: 34,447 GC heap after
Heap after GC invocations=34 (full 5):
 PSYoungGen      total 465920K, used 232935K [0x00000000d5580000, 0x0000000100000000, 0x0000000100000000)
  eden space 232960K, 0% used [0x00000000d5580000,0x00000000d5580000,0x00000000e3900000)
  from space 232960K, 99% used [0x00000000e3900000,0x00000000f1c79f10,0x00000000f1c80000)
  to   space 232960K, 0% used [0x00000000f1c80000,0x00000000f1c80000,0x0000000100000000)
 ParOldGen       total 910336K, used 694324K [0x0000000080000000, 0x00000000b7900000, 0x00000000d5580000)
  object space 910336K, 76% used [0x0000000080000000,0x00000000aa60d120,0x00000000b7900000)
 Metaspace       used 6826K, capacity 7608K, committed 7936K, reserved 1056768K
  class space    used 629K, capacity 688K, committed 768K, reserved 1048576K
}
Event: 35,116 GC heap before
{Heap before GC invocations=35 (full 5):
 PSYoungGen      total 465920K, used 465895K [0x00000000d5580000, 0x0000000100000000, 0x0000000100000000)
  eden space 232960K, 100% used [0x00000000d5580000,0x00000000e3900000,0x00000000e3900000)
  from space 232960K, 99% used [0x00000000e3900000,0x00000000f1c79f10,0x00000000f1c80000)
  to   space 232960K, 0% used [0x00000000f1c80000,0x00000000f1c80000,0x0000000100000000)
 ParOldGen       total 910336K, used 694324K [0x0000000080000000, 0x00000000b7900000, 0x00000000d5580000)
  object space 910336K, 76% used [0x0000000080000000,0x00000000aa60d120,0x00000000b7900000)
 Metaspace       used 6843K, capacity 7608K, committed 7936K, reserved 1056768K
  class space    used 629K, capacity 688K, committed 768K, reserved 1048576K
Event: 35,544 GC heap after
Heap after GC invocations=35 (full 5):
 PSYoungGen      total 465920K, used 195344K [0x00000000d5580000, 0x0000000100000000, 0x0000000100000000)
  eden space 232960K, 0% used [0x00000000d5580000,0x00000000d5580000,0x00000000e3900000)
  from space 232960K, 83% used [0x00000000f1c80000,0x00000000fdb44198,0x0000000100000000)
  to   space 232960K, 0% used [0x00000000e3900000,0x00000000e3900000,0x00000000f1c80000)
 ParOldGen       total 910336K, used 757197K [0x0000000080000000, 0x00000000b7900000, 0x00000000d5580000)
  object space 910336K, 83% used [0x0000000080000000,0x00000000ae373600,0x00000000b7900000)
 Metaspace       used 6843K, capacity 7608K, committed 7936K, reserved 1056768K
  class space    used 629K, capacity 688K, committed 768K, reserved 1048576K
}
Event: 36,234 GC heap before
{Heap before GC invocations=36 (full 5):
 PSYoungGen      total 465920K, used 428304K [0x00000000d5580000, 0x0000000100000000, 0x0000000100000000)
  eden space 232960K, 100% used [0x00000000d5580000,0x00000000e3900000,0x00000000e3900000)
  from space 232960K, 83% used [0x00000000f1c80000,0x00000000fdb44198,0x0000000100000000)
  to   space 232960K, 0% used [0x00000000e3900000,0x00000000e3900000,0x00000000f1c80000)
 ParOldGen       total 910336K, used 757197K [0x0000000080000000, 0x00000000b7900000, 0x00000000d5580000)
  object space 910336K, 83% used [0x0000000080000000,0x00000000ae373600,0x00000000b7900000)
 Metaspace       used 6853K, capacity 7672K, committed 7936K, reserved 1056768K
  class space    used 629K, capacity 688K, committed 768K, reserved 1048576K
Event: 36,524 GC heap after
Heap after GC invocations=36 (full 5):
 PSYoungGen      total 465920K, used 162208K [0x00000000d5580000, 0x0000000100000000, 0x0000000100000000)
  eden space 232960K, 0% used [0x00000000d5580000,0x00000000d5580000,0x00000000e3900000)
  from space 232960K, 69% used [0x00000000e3900000,0x00000000ed768280,0x00000000f1c80000)
  to   space 232960K, 0% used [0x00000000f1c80000,0x00000000f1c80000,0x0000000100000000)
 ParOldGen       total 910336K, used 825644K [0x0000000080000000, 0x00000000b7900000, 0x00000000d5580000)
  object space 910336K, 90% used [0x0000000080000000,0x00000000b264b058,0x00000000b7900000)
 Metaspace       used 6853K, capacity 7672K, committed 7936K, reserved 1056768K
  class space    used 629K, capacity 688K, committed 768K, reserved 1048576K
}
Event: 36,524 GC heap before
{Heap before GC invocations=37 (full 6):
 PSYoungGen      total 465920K, used 162208K [0x00000000d5580000, 0x0000000100000000, 0x0000000100000000)
  eden space 232960K, 0% used [0x00000000d5580000,0x00000000d5580000,0x00000000e3900000)
  from space 232960K, 69% used [0x00000000e3900000,0x00000000ed768280,0x00000000f1c80000)
  to   space 232960K, 0% used [0x00000000f1c80000,0x00000000f1c80000,0x0000000100000000)
 ParOldGen       total 910336K, used 825644K [0x0000000080000000, 0x00000000b7900000, 0x00000000d5580000)
  object space 910336K, 90% used [0x0000000080000000,0x00000000b264b058,0x00000000b7900000)
 Metaspace       used 6853K, capacity 7672K, committed 7936K, reserved 1056768K
  class space    used 629K, capacity 688K, committed 768K, reserved 1048576K

