# JRE version: Java(TM) SE Runtime Environment (8.0_66-b17) (build 1.8.0_66-b17)
# Java VM: Java HotSpot(TM) 64-Bit Server VM (25.66-b17 mixed mode linux-amd64 compressed oops)
Heap:
 PSYoungGen      total 560128K, used 75327K [0x00000000d5580000, 0x0000000100000000, 0x0000000100000000)
  eden space 421376K, 0% used [0x00000000d5580000,0x00000000d5580000,0x00000000ef100000)
  from space 138752K, 54% used [0x00000000ef100000,0x00000000f3a8fcd8,0x00000000f7880000)
  to   space 138752K, 0% used [0x00000000f7880000,0x00000000f7880000,0x0000000100000000)
 ParOldGen       total 602112K, used 601713K [0x0000000080000000, 0x00000000a4c00000, 0x00000000d5580000)
  object space 602112K, 99% used [0x0000000080000000,0x00000000a4b9c730,0x00000000a4c00000)
 Metaspace       used 6481K, capacity 7282K, committed 7552K, reserved 1056768K
  class space    used 608K, capacity 618K, committed 640K, reserved 1048576K
GC Heap History (10 events):
Event: 15,142 GC heap after
Heap after GC invocations=17 (full 3):
 PSYoungGen      total 517632K, used 106993K [0x00000000d5580000, 0x00000000ff680000, 0x0000000100000000)
  eden space 410624K, 0% used [0x00000000d5580000,0x00000000d5580000,0x00000000ee680000)
  from space 107008K, 99% used [0x00000000f6200000,0x00000000fca7c4c0,0x00000000fca80000)
  to   space 126464K, 0% used [0x00000000ee680000,0x00000000ee680000,0x00000000f6200000)
 ParOldGen       total 376320K, used 285400K [0x0000000080000000, 0x0000000096f80000, 0x00000000d5580000)
  object space 376320K, 75% used [0x0000000080000000,0x00000000916b61e0,0x0000000096f80000)
 Metaspace       used 6468K, capacity 7282K, committed 7552K, reserved 1056768K
  class space    used 607K, capacity 618K, committed 640K, reserved 1048576K
}
Event: 16,989 GC heap before
{Heap before GC invocations=18 (full 3):
 PSYoungGen      total 517632K, used 517617K [0x00000000d5580000, 0x00000000ff680000, 0x0000000100000000)
  eden space 410624K, 100% used [0x00000000d5580000,0x00000000ee680000,0x00000000ee680000)
  from space 107008K, 99% used [0x00000000f6200000,0x00000000fca7c4c0,0x00000000fca80000)
  to   space 126464K, 0% used [0x00000000ee680000,0x00000000ee680000,0x00000000f6200000)
 ParOldGen       total 376320K, used 285400K [0x0000000080000000, 0x0000000096f80000, 0x00000000d5580000)
  object space 376320K, 75% used [0x0000000080000000,0x00000000916b61e0,0x0000000096f80000)
 Metaspace       used 6471K, capacity 7282K, committed 7552K, reserved 1056768K
  class space    used 607K, capacity 618K, committed 640K, reserved 1048576K
Event: 17,362 GC heap after
Heap after GC invocations=18 (full 3):
 PSYoungGen      total 537088K, used 62455K [0x00000000d5580000, 0x0000000100000000, 0x0000000100000000)
  eden space 410624K, 0% used [0x00000000d5580000,0x00000000d5580000,0x00000000ee680000)
  from space 126464K, 49% used [0x00000000ee680000,0x00000000f237de68,0x00000000f6200000)
  to   space 123392K, 0% used [0x00000000f8780000,0x00000000f8780000,0x0000000100000000)
 ParOldGen       total 393216K, used 392635K [0x0000000080000000, 0x0000000098000000, 0x00000000d5580000)
  object space 393216K, 99% used [0x0000000080000000,0x0000000097f6ef78,0x0000000098000000)
 Metaspace       used 6471K, capacity 7282K, committed 7552K, reserved 1056768K
  class space    used 607K, capacity 618K, committed 640K, reserved 1048576K
}
Event: 17,362 GC heap before
{Heap before GC invocations=19 (full 4):
 PSYoungGen      total 537088K, used 62455K [0x00000000d5580000, 0x0000000100000000, 0x0000000100000000)
  eden space 410624K, 0% used [0x00000000d5580000,0x00000000d5580000,0x00000000ee680000)
  from space 126464K, 49% used [0x00000000ee680000,0x00000000f237de68,0x00000000f6200000)
  to   space 123392K, 0% used [0x00000000f8780000,0x00000000f8780000,0x0000000100000000)
 ParOldGen       total 393216K, used 392635K [0x0000000080000000, 0x0000000098000000, 0x00000000d5580000)
  object space 393216K, 99% used [0x0000000080000000,0x0000000097f6ef78,0x0000000098000000)
 Metaspace       used 6471K, capacity 7282K, committed 7552K, reserved 1056768K
  class space    used 607K, capacity 618K, committed 640K, reserved 1048576K
Event: 20,918 GC heap after
Heap after GC invocations=19 (full 4):
 PSYoungGen      total 537088K, used 54401K [0x00000000d5580000, 0x0000000100000000, 0x0000000100000000)
  eden space 410624K, 0% used [0x00000000d5580000,0x00000000d5580000,0x00000000ee680000)
  from space 126464K, 43% used [0x00000000ee680000,0x00000000f1ba05b0,0x00000000f6200000)
  to   space 123392K, 0% used [0x00000000f8780000,0x00000000f8780000,0x0000000100000000)
 ParOldGen       total 602112K, used 393098K [0x0000000080000000, 0x00000000a4c00000, 0x00000000d5580000)
  object space 602112K, 65% used [0x0000000080000000,0x0000000097fe2840,0x00000000a4c00000)
 Metaspace       used 6471K, capacity 7282K, committed 7552K, reserved 1056768K
  class space    used 607K, capacity 618K, committed 640K, reserved 1048576K
}
Event: 22,303 GC heap before
{Heap before GC invocations=20 (full 4):
 PSYoungGen      total 537088K, used 465025K [0x00000000d5580000, 0x0000000100000000, 0x0000000100000000)
  eden space 410624K, 100% used [0x00000000d5580000,0x00000000ee680000,0x00000000ee680000)
  from space 126464K, 43% used [0x00000000ee680000,0x00000000f1ba05b0,0x00000000f6200000)
  to   space 123392K, 0% used [0x00000000f8780000,0x00000000f8780000,0x0000000100000000)
 ParOldGen       total 602112K, used 393098K [0x0000000080000000, 0x00000000a4c00000, 0x00000000d5580000)
  object space 602112K, 65% used [0x0000000080000000,0x0000000097fe2840,0x00000000a4c00000)
 Metaspace       used 6473K, capacity 7282K, committed 7552K, reserved 1056768K
  class space    used 607K, capacity 618K, committed 640K, reserved 1048576K
Event: 22,562 GC heap after
Heap after GC invocations=20 (full 4):
 PSYoungGen      total 544768K, used 112007K [0x00000000d5580000, 0x0000000100000000, 0x0000000100000000)
  eden space 421376K, 0% used [0x00000000d5580000,0x00000000d5580000,0x00000000ef100000)
  from space 123392K, 90% used [0x00000000f8780000,0x00000000ff4e1ff8,0x0000000100000000)
  to   space 138752K, 0% used [0x00000000ef100000,0x00000000ef100000,0x00000000f7880000)
 ParOldGen       total 602112K, used 393098K [0x0000000080000000, 0x00000000a4c00000, 0x00000000d5580000)
  object space 602112K, 65% used [0x0000000080000000,0x0000000097fe2840,0x00000000a4c00000)
 Metaspace       used 6473K, capacity 7282K, committed 7552K, reserved 1056768K
  class space    used 607K, capacity 618K, committed 640K, reserved 1048576K
}
Event: 24,552 GC heap before
{Heap before GC invocations=21 (full 4):
 PSYoungGen      total 544768K, used 533383K [0x00000000d5580000, 0x0000000100000000, 0x0000000100000000)
  eden space 421376K, 100% used [0x00000000d5580000,0x00000000ef100000,0x00000000ef100000)
  from space 123392K, 90% used [0x00000000f8780000,0x00000000ff4e1ff8,0x0000000100000000)
  to   space 138752K, 0% used [0x00000000ef100000,0x00000000ef100000,0x00000000f7880000)
 ParOldGen       total 602112K, used 393098K [0x0000000080000000, 0x00000000a4c00000, 0x00000000d5580000)
  object space 602112K, 65% used [0x0000000080000000,0x0000000097fe2840,0x00000000a4c00000)
 Metaspace       used 6481K, capacity 7282K, committed 7552K, reserved 1056768K
  class space    used 608K, capacity 618K, committed 640K, reserved 1048576K
Event: 25,058 GC heap after
Heap after GC invocations=21 (full 4):
 PSYoungGen      total 560128K, used 138723K [0x00000000d5580000, 0x0000000100000000, 0x0000000100000000)
  eden space 421376K, 0% used [0x00000000d5580000,0x00000000d5580000,0x00000000ef100000)
  from space 138752K, 99% used [0x00000000ef100000,0x00000000f7878e90,0x00000000f7880000)
  to   space 138752K, 0% used [0x00000000f7880000,0x00000000f7880000,0x0000000100000000)
 ParOldGen       total 602112K, used 543767K [0x0000000080000000, 0x00000000a4c00000, 0x00000000d5580000)
  object space 602112K, 90% used [0x0000000080000000,0x00000000a1305f48,0x00000000a4c00000)
 Metaspace       used 6481K, capacity 7282K, committed 7552K, reserved 1056768K
  class space    used 608K, capacity 618K, committed 640K, reserved 1048576K
}
Event: 25,058 GC heap before
{Heap before GC invocations=22 (full 5):
 PSYoungGen      total 560128K, used 138723K [0x00000000d5580000, 0x0000000100000000, 0x0000000100000000)
  eden space 421376K, 0% used [0x00000000d5580000,0x00000000d5580000,0x00000000ef100000)
  from space 138752K, 99% used [0x00000000ef100000,0x00000000f7878e90,0x00000000f7880000)
  to   space 138752K, 0% used [0x00000000f7880000,0x00000000f7880000,0x0000000100000000)
 ParOldGen       total 602112K, used 543767K [0x0000000080000000, 0x00000000a4c00000, 0x00000000d5580000)
  object space 602112K, 90% used [0x0000000080000000,0x00000000a1305f48,0x00000000a4c00000)
 Metaspace       used 6481K, capacity 7282K, committed 7552K, reserved 1056768K
  class space    used 608K, capacity 618K, committed 640K, reserved 1048576K

