# JRE version: Java(TM) SE Runtime Environment (8.0_66-b17) (build 1.8.0_66-b17)
# Java VM: Java HotSpot(TM) 64-Bit Server VM (25.66-b17 mixed mode linux-amd64 compressed oops)
Heap:
 PSYoungGen      total 535552K, used 62272K [0x00000000d5580000, 0x0000000100000000, 0x0000000100000000)
  eden space 382464K, 0% used [0x00000000d5580000,0x00000000d5580000,0x00000000ecb00000)
  from space 153088K, 40% used [0x00000000f6a80000,0x00000000fa750078,0x0000000100000000)
  to   space 158208K, 0% used [0x00000000ecb00000,0x00000000ecb00000,0x00000000f6580000)
 ParOldGen       total 442368K, used 442096K [0x0000000080000000, 0x000000009b000000, 0x00000000d5580000)
  object space 442368K, 99% used [0x0000000080000000,0x000000009afbc130,0x000000009b000000)
 Metaspace       used 6446K, capacity 7282K, committed 7552K, reserved 1056768K
  class space    used 607K, capacity 618K, committed 640K, reserved 1048576K
GC Heap History (10 events):
Event: 12,090 GC heap after
Heap after GC invocations=15 (full 2):
 PSYoungGen      total 465408K, used 60974K [0x00000000d5580000, 0x00000000fd100000, 0x0000000100000000)
  eden space 361984K, 0% used [0x00000000d5580000,0x00000000d5580000,0x00000000eb700000)
  from space 103424K, 58% used [0x00000000eb700000,0x00000000ef28b958,0x00000000f1c00000)
  to   space 104960K, 0% used [0x00000000f6a80000,0x00000000f6a80000,0x00000000fd100000)
 ParOldGen       total 281088K, used 280196K [0x0000000080000000, 0x0000000091280000, 0x00000000d5580000)
  object space 281088K, 99% used [0x0000000080000000,0x00000000911a1028,0x0000000091280000)
 Metaspace       used 6436K, capacity 7282K, committed 7552K, reserved 1056768K
  class space    used 606K, capacity 618K, committed 640K, reserved 1048576K
}
Event: 12,090 GC heap before
{Heap before GC invocations=16 (full 3):
 PSYoungGen      total 465408K, used 60974K [0x00000000d5580000, 0x00000000fd100000, 0x0000000100000000)
  eden space 361984K, 0% used [0x00000000d5580000,0x00000000d5580000,0x00000000eb700000)
  from space 103424K, 58% used [0x00000000eb700000,0x00000000ef28b958,0x00000000f1c00000)
  to   space 104960K, 0% used [0x00000000f6a80000,0x00000000f6a80000,0x00000000fd100000)
 ParOldGen       total 281088K, used 280196K [0x0000000080000000, 0x0000000091280000, 0x00000000d5580000)
  object space 281088K, 99% used [0x0000000080000000,0x00000000911a1028,0x0000000091280000)
 Metaspace       used 6436K, capacity 7282K, committed 7552K, reserved 1056768K
  class space    used 606K, capacity 618K, committed 640K, reserved 1048576K
Event: 14,132 GC heap after
Heap after GC invocations=16 (full 3):
 PSYoungGen      total 465408K, used 51453K [0x00000000d5580000, 0x00000000fd100000, 0x0000000100000000)
  eden space 361984K, 0% used [0x00000000d5580000,0x00000000d5580000,0x00000000eb700000)
  from space 103424K, 49% used [0x00000000eb700000,0x00000000ee93f540,0x00000000f1c00000)
  to   space 104960K, 0% used [0x00000000f6a80000,0x00000000f6a80000,0x00000000fd100000)
 ParOldGen       total 442368K, used 280614K [0x0000000080000000, 0x000000009b000000, 0x00000000d5580000)
  object space 442368K, 63% used [0x0000000080000000,0x0000000091209828,0x000000009b000000)
 Metaspace       used 6436K, capacity 7282K, committed 7552K, reserved 1056768K
  class space    used 606K, capacity 618K, committed 640K, reserved 1048576K
}
Event: 15,208 GC heap before
{Heap before GC invocations=17 (full 3):
 PSYoungGen      total 465408K, used 413437K [0x00000000d5580000, 0x00000000fd100000, 0x0000000100000000)
  eden space 361984K, 100% used [0x00000000d5580000,0x00000000eb700000,0x00000000eb700000)
  from space 103424K, 49% used [0x00000000eb700000,0x00000000ee93f540,0x00000000f1c00000)
  to   space 104960K, 0% used [0x00000000f6a80000,0x00000000f6a80000,0x00000000fd100000)
 ParOldGen       total 442368K, used 280614K [0x0000000080000000, 0x000000009b000000, 0x00000000d5580000)
  object space 442368K, 63% used [0x0000000080000000,0x0000000091209828,0x000000009b000000)
 Metaspace       used 6442K, capacity 7282K, committed 7552K, reserved 1056768K
  class space    used 606K, capacity 618K, committed 640K, reserved 1048576K
Event: 15,693 GC heap after
Heap after GC invocations=17 (full 3):
 PSYoungGen      total 528896K, used 104827K [0x00000000d5580000, 0x00000000fec00000, 0x0000000100000000)
  eden space 423936K, 0% used [0x00000000d5580000,0x00000000d5580000,0x00000000ef380000)
  from space 104960K, 99% used [0x00000000f6a80000,0x00000000fd0ded68,0x00000000fd100000)
  to   space 121856K, 0% used [0x00000000ef380000,0x00000000ef380000,0x00000000f6a80000)
 ParOldGen       total 442368K, used 280614K [0x0000000080000000, 0x000000009b000000, 0x00000000d5580000)
  object space 442368K, 63% used [0x0000000080000000,0x0000000091209828,0x000000009b000000)
 Metaspace       used 6442K, capacity 7282K, committed 7552K, reserved 1056768K
  class space    used 606K, capacity 618K, committed 640K, reserved 1048576K
}
Event: 16,936 GC heap before
{Heap before GC invocations=18 (full 3):
 PSYoungGen      total 528896K, used 528763K [0x00000000d5580000, 0x00000000fec00000, 0x0000000100000000)
  eden space 423936K, 100% used [0x00000000d5580000,0x00000000ef380000,0x00000000ef380000)
  from space 104960K, 99% used [0x00000000f6a80000,0x00000000fd0ded68,0x00000000fd100000)
  to   space 121856K, 0% used [0x00000000ef380000,0x00000000ef380000,0x00000000f6a80000)
 ParOldGen       total 442368K, used 280614K [0x0000000080000000, 0x000000009b000000, 0x00000000d5580000)
  object space 442368K, 63% used [0x0000000080000000,0x0000000091209828,0x000000009b000000)
 Metaspace       used 6444K, capacity 7282K, committed 7552K, reserved 1056768K
  class space    used 606K, capacity 618K, committed 640K, reserved 1048576K
Event: 17,164 GC heap after
Heap after GC invocations=18 (full 3):
 PSYoungGen      total 545792K, used 121833K [0x00000000d5580000, 0x0000000100000000, 0x0000000100000000)
  eden space 423936K, 0% used [0x00000000d5580000,0x00000000d5580000,0x00000000ef380000)
  from space 121856K, 99% used [0x00000000ef380000,0x00000000f6a7a7a0,0x00000000f6a80000)
  to   space 153088K, 0% used [0x00000000f6a80000,0x00000000f6a80000,0x0000000100000000)
 ParOldGen       total 442368K, used 321197K [0x0000000080000000, 0x000000009b000000, 0x00000000d5580000)
  object space 442368K, 72% used [0x0000000080000000,0x00000000939ab428,0x000000009b000000)
 Metaspace       used 6444K, capacity 7282K, committed 7552K, reserved 1056768K
  class space    used 606K, capacity 618K, committed 640K, reserved 1048576K
}
Event: 18,411 GC heap before
{Heap before GC invocations=19 (full 3):
 PSYoungGen      total 545792K, used 545769K [0x00000000d5580000, 0x0000000100000000, 0x0000000100000000)
  eden space 423936K, 100% used [0x00000000d5580000,0x00000000ef380000,0x00000000ef380000)
  from space 121856K, 99% used [0x00000000ef380000,0x00000000f6a7a7a0,0x00000000f6a80000)
  to   space 153088K, 0% used [0x00000000f6a80000,0x00000000f6a80000,0x0000000100000000)
 ParOldGen       total 442368K, used 321197K [0x0000000080000000, 0x000000009b000000, 0x00000000d5580000)
  object space 442368K, 72% used [0x0000000080000000,0x00000000939ab428,0x000000009b000000)
 Metaspace       used 6446K, capacity 7282K, committed 7552K, reserved 1056768K
  class space    used 607K, capacity 618K, committed 640K, reserved 1048576K
Event: 18,685 GC heap after
Heap after GC invocations=19 (full 3):
 PSYoungGen      total 535552K, used 90769K [0x00000000d5580000, 0x0000000100000000, 0x0000000100000000)
  eden space 382464K, 0% used [0x00000000d5580000,0x00000000d5580000,0x00000000ecb00000)
  from space 153088K, 59% used [0x00000000f6a80000,0x00000000fc324480,0x0000000100000000)
  to   space 158208K, 0% used [0x00000000ecb00000,0x00000000ecb00000,0x00000000f6580000)
 ParOldGen       total 442368K, used 417375K [0x0000000080000000, 0x000000009b000000, 0x00000000d5580000)
  object space 442368K, 94% used [0x0000000080000000,0x0000000099797c00,0x000000009b000000)
 Metaspace       used 6446K, capacity 7282K, committed 7552K, reserved 1056768K
  class space    used 607K, capacity 618K, committed 640K, reserved 1048576K
}
Event: 18,685 GC heap before
{Heap before GC invocations=20 (full 4):
 PSYoungGen      total 535552K, used 90769K [0x00000000d5580000, 0x0000000100000000, 0x0000000100000000)
  eden space 382464K, 0% used [0x00000000d5580000,0x00000000d5580000,0x00000000ecb00000)
  from space 153088K, 59% used [0x00000000f6a80000,0x00000000fc324480,0x0000000100000000)
  to   space 158208K, 0% used [0x00000000ecb00000,0x00000000ecb00000,0x00000000f6580000)
 ParOldGen       total 442368K, used 417375K [0x0000000080000000, 0x000000009b000000, 0x00000000d5580000)
  object space 442368K, 94% used [0x0000000080000000,0x0000000099797c00,0x000000009b000000)
 Metaspace       used 6446K, capacity 7282K, committed 7552K, reserved 1056768K
  class space    used 607K, capacity 618K, committed 640K, reserved 1048576K

