# JRE version: Java(TM) SE Runtime Environment (8.0_66-b17) (build 1.8.0_66-b17)
# Java VM: Java HotSpot(TM) 64-Bit Server VM (25.66-b17 mixed mode linux-amd64 compressed oops)
Heap:
 PSYoungGen      total 529920K, used 52404K [0x00000000d5580000, 0x0000000100000000, 0x0000000100000000)
  eden space 405504K, 0% used [0x00000000d5580000,0x00000000d5580000,0x00000000ee180000)
  from space 124416K, 42% used [0x00000000ee180000,0x00000000f14ad120,0x00000000f5b00000)
  to   space 120832K, 0% used [0x00000000f8a00000,0x00000000f8a00000,0x0000000100000000)
 ParOldGen       total 389632K, used 389446K [0x0000000080000000, 0x0000000097c80000, 0x00000000d5580000)
  object space 389632K, 99% used [0x0000000080000000,0x0000000097c51ab0,0x0000000097c80000)
 Metaspace       used 6469K, capacity 7282K, committed 7552K, reserved 1056768K
  class space    used 607K, capacity 618K, committed 640K, reserved 1048576K
GC Heap History (10 events):
Event: 9,783 GC heap after
Heap after GC invocations=14 (full 2):
 PSYoungGen      total 447488K, used 86527K [0x00000000d5580000, 0x00000000f9b80000, 0x0000000100000000)
  eden space 360960K, 0% used [0x00000000d5580000,0x00000000d5580000,0x00000000eb600000)
  from space 86528K, 99% used [0x00000000f1d00000,0x00000000f717fe50,0x00000000f7180000)
  to   space 105472K, 0% used [0x00000000eb600000,0x00000000eb600000,0x00000000f1d00000)
 ParOldGen       total 239616K, used 199503K [0x0000000080000000, 0x000000008ea00000, 0x00000000d5580000)
  object space 239616K, 83% used [0x0000000080000000,0x000000008c2d3e98,0x000000008ea00000)
 Metaspace       used 6454K, capacity 7282K, committed 7552K, reserved 1056768K
  class space    used 607K, capacity 618K, committed 640K, reserved 1048576K
}
Event: 9,783 GC heap before
{Heap before GC invocations=15 (full 3):
 PSYoungGen      total 447488K, used 86527K [0x00000000d5580000, 0x00000000f9b80000, 0x0000000100000000)
  eden space 360960K, 0% used [0x00000000d5580000,0x00000000d5580000,0x00000000eb600000)
  from space 86528K, 99% used [0x00000000f1d00000,0x00000000f717fe50,0x00000000f7180000)
  to   space 105472K, 0% used [0x00000000eb600000,0x00000000eb600000,0x00000000f1d00000)
 ParOldGen       total 239616K, used 199503K [0x0000000080000000, 0x000000008ea00000, 0x00000000d5580000)
  object space 239616K, 83% used [0x0000000080000000,0x000000008c2d3e98,0x000000008ea00000)
 Metaspace       used 6454K, capacity 7282K, committed 7552K, reserved 1056768K
  class space    used 607K, capacity 618K, committed 640K, reserved 1048576K
Event: 10,899 GC heap after
Heap after GC invocations=15 (full 3):
 PSYoungGen      total 447488K, used 40875K [0x00000000d5580000, 0x00000000f9b80000, 0x0000000100000000)
  eden space 360960K, 0% used [0x00000000d5580000,0x00000000d5580000,0x00000000eb600000)
  from space 86528K, 47% used [0x00000000f1d00000,0x00000000f44eac90,0x00000000f7180000)
  to   space 105472K, 0% used [0x00000000eb600000,0x00000000eb600000,0x00000000f1d00000)
 ParOldGen       total 377344K, used 239356K [0x0000000080000000, 0x0000000097080000, 0x00000000d5580000)
  object space 377344K, 63% used [0x0000000080000000,0x000000008e9bf1b0,0x0000000097080000)
 Metaspace       used 6454K, capacity 7282K, committed 7552K, reserved 1056768K
  class space    used 607K, capacity 618K, committed 640K, reserved 1048576K
}
Event: 12,036 GC heap before
{Heap before GC invocations=16 (full 3):
 PSYoungGen      total 447488K, used 401835K [0x00000000d5580000, 0x00000000f9b80000, 0x0000000100000000)
  eden space 360960K, 100% used [0x00000000d5580000,0x00000000eb600000,0x00000000eb600000)
  from space 86528K, 47% used [0x00000000f1d00000,0x00000000f44eac90,0x00000000f7180000)
  to   space 105472K, 0% used [0x00000000eb600000,0x00000000eb600000,0x00000000f1d00000)
 ParOldGen       total 377344K, used 239356K [0x0000000080000000, 0x0000000097080000, 0x00000000d5580000)
  object space 377344K, 63% used [0x0000000080000000,0x000000008e9bf1b0,0x0000000097080000)
 Metaspace       used 6465K, capacity 7282K, committed 7552K, reserved 1056768K
  class space    used 607K, capacity 618K, committed 640K, reserved 1048576K
Event: 12,205 GC heap after
Heap after GC invocations=16 (full 3):
 PSYoungGen      total 466432K, used 60580K [0x00000000d5580000, 0x00000000fc300000, 0x0000000100000000)
  eden space 360960K, 0% used [0x00000000d5580000,0x00000000d5580000,0x00000000eb600000)
  from space 105472K, 57% used [0x00000000eb600000,0x00000000ef129120,0x00000000f1d00000)
  to   space 106496K, 0% used [0x00000000f5b00000,0x00000000f5b00000,0x00000000fc300000)
 ParOldGen       total 377344K, used 280459K [0x0000000080000000, 0x0000000097080000, 0x00000000d5580000)
  object space 377344K, 74% used [0x0000000080000000,0x00000000911e2c60,0x0000000097080000)
 Metaspace       used 6465K, capacity 7282K, committed 7552K, reserved 1056768K
  class space    used 607K, capacity 618K, committed 640K, reserved 1048576K
}
Event: 13,180 GC heap before
{Heap before GC invocations=17 (full 3):
 PSYoungGen      total 466432K, used 421540K [0x00000000d5580000, 0x00000000fc300000, 0x0000000100000000)
  eden space 360960K, 100% used [0x00000000d5580000,0x00000000eb600000,0x00000000eb600000)
  from space 105472K, 57% used [0x00000000eb600000,0x00000000ef129120,0x00000000f1d00000)
  to   space 106496K, 0% used [0x00000000f5b00000,0x00000000f5b00000,0x00000000fc300000)
 ParOldGen       total 377344K, used 280459K [0x0000000080000000, 0x0000000097080000, 0x00000000d5580000)
  object space 377344K, 74% used [0x0000000080000000,0x00000000911e2c60,0x0000000097080000)
 Metaspace       used 6466K, capacity 7282K, committed 7552K, reserved 1056768K
  class space    used 607K, capacity 618K, committed 640K, reserved 1048576K
Event: 13,336 GC heap after
Heap after GC invocations=17 (full 3):
 PSYoungGen      total 512000K, used 106485K [0x00000000d5580000, 0x00000000fea00000, 0x0000000100000000)
  eden space 405504K, 0% used [0x00000000d5580000,0x00000000d5580000,0x00000000ee180000)
  from space 106496K, 99% used [0x00000000f5b00000,0x00000000fc2fd658,0x00000000fc300000)
  to   space 124416K, 0% used [0x00000000ee180000,0x00000000ee180000,0x00000000f5b00000)
 ParOldGen       total 377344K, used 282294K [0x0000000080000000, 0x0000000097080000, 0x00000000d5580000)
  object space 377344K, 74% used [0x0000000080000000,0x00000000913ada80,0x0000000097080000)
 Metaspace       used 6466K, capacity 7282K, committed 7552K, reserved 1056768K
  class space    used 607K, capacity 618K, committed 640K, reserved 1048576K
}
Event: 14,417 GC heap before
{Heap before GC invocations=18 (full 3):
 PSYoungGen      total 512000K, used 511989K [0x00000000d5580000, 0x00000000fea00000, 0x0000000100000000)
  eden space 405504K, 100% used [0x00000000d5580000,0x00000000ee180000,0x00000000ee180000)
  from space 106496K, 99% used [0x00000000f5b00000,0x00000000fc2fd658,0x00000000fc300000)
  to   space 124416K, 0% used [0x00000000ee180000,0x00000000ee180000,0x00000000f5b00000)
 ParOldGen       total 377344K, used 282294K [0x0000000080000000, 0x0000000097080000, 0x00000000d5580000)
  object space 377344K, 74% used [0x0000000080000000,0x00000000913ada80,0x0000000097080000)
 Metaspace       used 6469K, capacity 7282K, committed 7552K, reserved 1056768K
  class space    used 607K, capacity 618K, committed 640K, reserved 1048576K
Event: 14,682 GC heap after
Heap after GC invocations=18 (full 3):
 PSYoungGen      total 529920K, used 60384K [0x00000000d5580000, 0x0000000100000000, 0x0000000100000000)
  eden space 405504K, 0% used [0x00000000d5580000,0x00000000d5580000,0x00000000ee180000)
  from space 124416K, 48% used [0x00000000ee180000,0x00000000f1c78238,0x00000000f5b00000)
  to   space 120832K, 0% used [0x00000000f8a00000,0x00000000f8a00000,0x0000000100000000)
 ParOldGen       total 389632K, used 388761K [0x0000000080000000, 0x0000000097c80000, 0x00000000d5580000)
  object space 389632K, 99% used [0x0000000080000000,0x0000000097ba67b0,0x0000000097c80000)
 Metaspace       used 6469K, capacity 7282K, committed 7552K, reserved 1056768K
  class space    used 607K, capacity 618K, committed 640K, reserved 1048576K
}
Event: 14,682 GC heap before
{Heap before GC invocations=19 (full 4):
 PSYoungGen      total 529920K, used 60384K [0x00000000d5580000, 0x0000000100000000, 0x0000000100000000)
  eden space 405504K, 0% used [0x00000000d5580000,0x00000000d5580000,0x00000000ee180000)
  from space 124416K, 48% used [0x00000000ee180000,0x00000000f1c78238,0x00000000f5b00000)
  to   space 120832K, 0% used [0x00000000f8a00000,0x00000000f8a00000,0x0000000100000000)
 ParOldGen       total 389632K, used 388761K [0x0000000080000000, 0x0000000097c80000, 0x00000000d5580000)
  object space 389632K, 99% used [0x0000000080000000,0x0000000097ba67b0,0x0000000097c80000)
 Metaspace       used 6469K, capacity 7282K, committed 7552K, reserved 1056768K
  class space    used 607K, capacity 618K, committed 640K, reserved 1048576K

