# JRE version: Java(TM) SE Runtime Environment (8.0_66-b17) (build 1.8.0_66-b17)
# Java VM: Java HotSpot(TM) 64-Bit Server VM (25.66-b17 mixed mode linux-amd64 compressed oops)
Heap:
 PSYoungGen      total 465920K, used 0K [0x00000000d5580000, 0x0000000100000000, 0x0000000100000000)
  eden space 232960K, 0% used [0x00000000d5580000,0x00000000d5580000,0x00000000e3900000)
  from space 232960K, 0% used [0x00000000e3900000,0x00000000e3900000,0x00000000f1c80000)
  to   space 232960K, 0% used [0x00000000f1c80000,0x00000000f1c80000,0x0000000100000000)
 ParOldGen       total 944640K, used 882265K [0x0000000080000000, 0x00000000b9a80000, 0x00000000d5580000)
  object space 944640K, 93% used [0x0000000080000000,0x00000000b5d96610,0x00000000b9a80000)
 Metaspace       used 6633K, capacity 7448K, committed 7680K, reserved 1056768K
  class space    used 618K, capacity 656K, committed 768K, reserved 1048576K
GC Heap History (10 events):
Event: 36,188 GC heap after
Heap after GC invocations=31 (full 6):
 PSYoungGen      total 358912K, used 113409K [0x00000000d5580000, 0x00000000fed00000, 0x0000000100000000)
  eden space 245248K, 0% used [0x00000000d5580000,0x00000000d5580000,0x00000000e4500000)
  from space 113664K, 99% used [0x00000000e4500000,0x00000000eb3c0510,0x00000000eb400000)
  to   space 216064K, 0% used [0x00000000f1a00000,0x00000000f1a00000,0x00000000fed00000)
 ParOldGen       total 944640K, used 715329K [0x0000000080000000, 0x00000000b9a80000, 0x00000000d5580000)
  object space 944640K, 75% used [0x0000000080000000,0x00000000aba90650,0x00000000b9a80000)
 Metaspace       used 6473K, capacity 7282K, committed 7552K, reserved 1056768K
  class space    used 608K, capacity 618K, committed 640K, reserved 1048576K
}
Event: 37,026 GC heap before
{Heap before GC invocations=32 (full 6):
 PSYoungGen      total 358912K, used 358657K [0x00000000d5580000, 0x00000000fed00000, 0x0000000100000000)
  eden space 245248K, 100% used [0x00000000d5580000,0x00000000e4500000,0x00000000e4500000)
  from space 113664K, 99% used [0x00000000e4500000,0x00000000eb3c0510,0x00000000eb400000)
  to   space 216064K, 0% used [0x00000000f1a00000,0x00000000f1a00000,0x00000000fed00000)
 ParOldGen       total 944640K, used 715329K [0x0000000080000000, 0x00000000b9a80000, 0x00000000d5580000)
  object space 944640K, 75% used [0x0000000080000000,0x00000000aba90650,0x00000000b9a80000)
 Metaspace       used 6559K, capacity 7350K, committed 7552K, reserved 1056768K
  class space    used 613K, capacity 622K, committed 640K, reserved 1048576K
Event: 37,268 GC heap after
Heap after GC invocations=32 (full 6):
 PSYoungGen      total 452096K, used 154243K [0x00000000d5580000, 0x0000000100000000, 0x0000000100000000)
  eden space 236032K, 0% used [0x00000000d5580000,0x00000000d5580000,0x00000000e3c00000)
  from space 216064K, 71% used [0x00000000f1a00000,0x00000000fb0a0e30,0x00000000fed00000)
  to   space 227328K, 0% used [0x00000000e3c00000,0x00000000e3c00000,0x00000000f1a00000)
 ParOldGen       total 944640K, used 715337K [0x0000000080000000, 0x00000000b9a80000, 0x00000000d5580000)
  object space 944640K, 75% used [0x0000000080000000,0x00000000aba92650,0x00000000b9a80000)
 Metaspace       used 6559K, capacity 7350K, committed 7552K, reserved 1056768K
  class space    used 613K, capacity 622K, committed 640K, reserved 1048576K
}
Event: 38,059 GC heap before
{Heap before GC invocations=33 (full 6):
 PSYoungGen      total 452096K, used 390275K [0x00000000d5580000, 0x0000000100000000, 0x0000000100000000)
  eden space 236032K, 100% used [0x00000000d5580000,0x00000000e3c00000,0x00000000e3c00000)
  from space 216064K, 71% used [0x00000000f1a00000,0x00000000fb0a0e30,0x00000000fed00000)
  to   space 227328K, 0% used [0x00000000e3c00000,0x00000000e3c00000,0x00000000f1a00000)
 ParOldGen       total 944640K, used 715337K [0x0000000080000000, 0x00000000b9a80000, 0x00000000d5580000)
  object space 944640K, 75% used [0x0000000080000000,0x00000000aba92650,0x00000000b9a80000)
 Metaspace       used 6591K, capacity 7352K, committed 7552K, reserved 1056768K
  class space    used 616K, capacity 624K, committed 640K, reserved 1048576K
Event: 38,307 GC heap after
Heap after GC invocations=33 (full 6):
 PSYoungGen      total 463360K, used 186138K [0x00000000d5580000, 0x0000000100000000, 0x0000000100000000)
  eden space 236032K, 0% used [0x00000000d5580000,0x00000000d5580000,0x00000000e3c00000)
  from space 227328K, 81% used [0x00000000e3c00000,0x00000000ef1c6a88,0x00000000f1a00000)
  to   space 232960K, 0% used [0x00000000f1c80000,0x00000000f1c80000,0x0000000100000000)
 ParOldGen       total 944640K, used 715337K [0x0000000080000000, 0x00000000b9a80000, 0x00000000d5580000)
  object space 944640K, 75% used [0x0000000080000000,0x00000000aba92650,0x00000000b9a80000)
 Metaspace       used 6591K, capacity 7352K, committed 7552K, reserved 1056768K
  class space    used 616K, capacity 624K, committed 640K, reserved 1048576K
}
Event: 38,933 GC heap before
{Heap before GC invocations=34 (full 6):
 PSYoungGen      total 463360K, used 422170K [0x00000000d5580000, 0x0000000100000000, 0x0000000100000000)
  eden space 236032K, 100% used [0x00000000d5580000,0x00000000e3c00000,0x00000000e3c00000)
  from space 227328K, 81% used [0x00000000e3c00000,0x00000000ef1c6a88,0x00000000f1a00000)
  to   space 232960K, 0% used [0x00000000f1c80000,0x00000000f1c80000,0x0000000100000000)
 ParOldGen       total 944640K, used 715337K [0x0000000080000000, 0x00000000b9a80000, 0x00000000d5580000)
  object space 944640K, 75% used [0x0000000080000000,0x00000000aba92650,0x00000000b9a80000)
 Metaspace       used 6592K, capacity 7352K, committed 7552K, reserved 1056768K
  class space    used 616K, capacity 624K, committed 640K, reserved 1048576K
Event: 39,237 GC heap after
Heap after GC invocations=34 (full 6):
 PSYoungGen      total 465920K, used 148141K [0x00000000d5580000, 0x0000000100000000, 0x0000000100000000)
  eden space 232960K, 0% used [0x00000000d5580000,0x00000000d5580000,0x00000000e3900000)
  from space 232960K, 63% used [0x00000000f1c80000,0x00000000fad2b570,0x0000000100000000)
  to   space 232960K, 0% used [0x00000000e3900000,0x00000000e3900000,0x00000000f1c80000)
 ParOldGen       total 944640K, used 789356K [0x0000000080000000, 0x00000000b9a80000, 0x00000000d5580000)
  object space 944640K, 83% used [0x0000000080000000,0x00000000b02db3a0,0x00000000b9a80000)
 Metaspace       used 6592K, capacity 7352K, committed 7552K, reserved 1056768K
  class space    used 616K, capacity 624K, committed 640K, reserved 1048576K
}
Event: 39,871 GC heap before
{Heap before GC invocations=35 (full 6):
 PSYoungGen      total 465920K, used 381101K [0x00000000d5580000, 0x0000000100000000, 0x0000000100000000)
  eden space 232960K, 100% used [0x00000000d5580000,0x00000000e3900000,0x00000000e3900000)
  from space 232960K, 63% used [0x00000000f1c80000,0x00000000fad2b570,0x0000000100000000)
  to   space 232960K, 0% used [0x00000000e3900000,0x00000000e3900000,0x00000000f1c80000)
 ParOldGen       total 944640K, used 789356K [0x0000000080000000, 0x00000000b9a80000, 0x00000000d5580000)
  object space 944640K, 83% used [0x0000000080000000,0x00000000b02db3a0,0x00000000b9a80000)
 Metaspace       used 6633K, capacity 7448K, committed 7680K, reserved 1056768K
  class space    used 618K, capacity 656K, committed 768K, reserved 1048576K
Event: 40,105 GC heap after
Heap after GC invocations=35 (full 6):
 PSYoungGen      total 465920K, used 115586K [0x00000000d5580000, 0x0000000100000000, 0x0000000100000000)
  eden space 232960K, 0% used [0x00000000d5580000,0x00000000d5580000,0x00000000e3900000)
  from space 232960K, 49% used [0x00000000e3900000,0x00000000ea9e0938,0x00000000f1c80000)
  to   space 232960K, 0% used [0x00000000f1c80000,0x00000000f1c80000,0x0000000100000000)
 ParOldGen       total 944640K, used 862023K [0x0000000080000000, 0x00000000b9a80000, 0x00000000d5580000)
  object space 944640K, 91% used [0x0000000080000000,0x00000000b49d1fc0,0x00000000b9a80000)
 Metaspace       used 6633K, capacity 7448K, committed 7680K, reserved 1056768K
  class space    used 618K, capacity 656K, committed 768K, reserved 1048576K
}
Event: 40,106 GC heap before
{Heap before GC invocations=36 (full 7):
 PSYoungGen      total 465920K, used 115586K [0x00000000d5580000, 0x0000000100000000, 0x0000000100000000)
  eden space 232960K, 0% used [0x00000000d5580000,0x00000000d5580000,0x00000000e3900000)
  from space 232960K, 49% used [0x00000000e3900000,0x00000000ea9e0938,0x00000000f1c80000)
  to   space 232960K, 0% used [0x00000000f1c80000,0x00000000f1c80000,0x0000000100000000)
 ParOldGen       total 944640K, used 862023K [0x0000000080000000, 0x00000000b9a80000, 0x00000000d5580000)
  object space 944640K, 91% used [0x0000000080000000,0x00000000b49d1fc0,0x00000000b9a80000)
 Metaspace       used 6633K, capacity 7448K, committed 7680K, reserved 1056768K
  class space    used 618K, capacity 656K, committed 768K, reserved 1048576K

