# JRE version: Java(TM) SE Runtime Environment (8.0_66-b17) (build 1.8.0_66-b17)
# Java VM: Java HotSpot(TM) 64-Bit Server VM (25.66-b17 mixed mode linux-amd64 compressed oops)
Heap:
 PSYoungGen      total 356352K, used 0K [0x00000000d5580000, 0x0000000100000000, 0x0000000100000000)
  eden space 232960K, 0% used [0x00000000d5580000,0x00000000d5580000,0x00000000e3900000)
  from space 123392K, 0% used [0x00000000f8780000,0x00000000f8780000,0x0000000100000000)
  to   space 232960K, 0% used [0x00000000e3900000,0x00000000e3900000,0x00000000f1c80000)
 ParOldGen       total 702464K, used 699521K [0x0000000080000000, 0x00000000aae00000, 0x00000000d5580000)
  object space 702464K, 99% used [0x0000000080000000,0x00000000aab205d0,0x00000000aae00000)
 Metaspace       used 6455K, capacity 7282K, committed 7552K, reserved 1056768K
  class space    used 608K, capacity 618K, committed 640K, reserved 1048576K
GC Heap History (10 events):
Event: 15,919 GC heap after
Heap after GC invocations=18 (full 3):
 PSYoungGen      total 548352K, used 66456K [0x00000000d5580000, 0x0000000100000000, 0x0000000100000000)
  eden space 425472K, 0% used [0x00000000d5580000,0x00000000d5580000,0x00000000ef500000)
  from space 122880K, 54% used [0x00000000ef500000,0x00000000f35e61a8,0x00000000f6d00000)
  to   space 122368K, 0% used [0x00000000f8880000,0x00000000f8880000,0x0000000100000000)
 ParOldGen       total 441344K, used 385583K [0x0000000080000000, 0x000000009af00000, 0x00000000d5580000)
  object space 441344K, 87% used [0x0000000080000000,0x000000009788be10,0x000000009af00000)
 Metaspace       used 6436K, capacity 7282K, committed 7552K, reserved 1056768K
  class space    used 606K, capacity 618K, committed 640K, reserved 1048576K
}
Event: 15,919 GC heap before
{Heap before GC invocations=19 (full 4):
 PSYoungGen      total 548352K, used 66456K [0x00000000d5580000, 0x0000000100000000, 0x0000000100000000)
  eden space 425472K, 0% used [0x00000000d5580000,0x00000000d5580000,0x00000000ef500000)
  from space 122880K, 54% used [0x00000000ef500000,0x00000000f35e61a8,0x00000000f6d00000)
  to   space 122368K, 0% used [0x00000000f8880000,0x00000000f8880000,0x0000000100000000)
 ParOldGen       total 441344K, used 385583K [0x0000000080000000, 0x000000009af00000, 0x00000000d5580000)
  object space 441344K, 87% used [0x0000000080000000,0x000000009788be10,0x000000009af00000)
 Metaspace       used 6436K, capacity 7282K, committed 7552K, reserved 1056768K
  class space    used 606K, capacity 618K, committed 640K, reserved 1048576K
Event: 17,937 GC heap after
Heap after GC invocations=19 (full 4):
 PSYoungGen      total 548352K, used 8375K [0x00000000d5580000, 0x0000000100000000, 0x0000000100000000)
  eden space 425472K, 0% used [0x00000000d5580000,0x00000000d5580000,0x00000000ef500000)
  from space 122880K, 6% used [0x00000000ef500000,0x00000000efd2deb8,0x00000000f6d00000)
  to   space 122368K, 0% used [0x00000000f8880000,0x00000000f8880000,0x0000000100000000)
 ParOldGen       total 668160K, used 441050K [0x0000000080000000, 0x00000000a8c80000, 0x00000000d5580000)
  object space 668160K, 66% used [0x0000000080000000,0x000000009aeb68d8,0x00000000a8c80000)
 Metaspace       used 6436K, capacity 7282K, committed 7552K, reserved 1056768K
  class space    used 606K, capacity 618K, committed 640K, reserved 1048576K
}
Event: 18,959 GC heap before
{Heap before GC invocations=20 (full 4):
 PSYoungGen      total 548352K, used 433847K [0x00000000d5580000, 0x0000000100000000, 0x0000000100000000)
  eden space 425472K, 100% used [0x00000000d5580000,0x00000000ef500000,0x00000000ef500000)
  from space 122880K, 6% used [0x00000000ef500000,0x00000000efd2deb8,0x00000000f6d00000)
  to   space 122368K, 0% used [0x00000000f8880000,0x00000000f8880000,0x0000000100000000)
 ParOldGen       total 668160K, used 441050K [0x0000000080000000, 0x00000000a8c80000, 0x00000000d5580000)
  object space 668160K, 66% used [0x0000000080000000,0x000000009aeb68d8,0x00000000a8c80000)
 Metaspace       used 6440K, capacity 7282K, committed 7552K, reserved 1056768K
  class space    used 606K, capacity 618K, committed 640K, reserved 1048576K
Event: 19,154 GC heap after
Heap after GC invocations=20 (full 4):
 PSYoungGen      total 574464K, used 68668K [0x00000000d5580000, 0x00000000ffe80000, 0x0000000100000000)
  eden space 453632K, 0% used [0x00000000d5580000,0x00000000d5580000,0x00000000f1080000)
  from space 120832K, 56% used [0x00000000f8880000,0x00000000fcb8f240,0x00000000ffe80000)
  to   space 121856K, 0% used [0x00000000f1080000,0x00000000f1080000,0x00000000f8780000)
 ParOldGen       total 668160K, used 441050K [0x0000000080000000, 0x00000000a8c80000, 0x00000000d5580000)
  object space 668160K, 66% used [0x0000000080000000,0x000000009aeb68d8,0x00000000a8c80000)
 Metaspace       used 6440K, capacity 7282K, committed 7552K, reserved 1056768K
  class space    used 606K, capacity 618K, committed 640K, reserved 1048576K
}
Event: 21,202 GC heap before
{Heap before GC invocations=21 (full 4):
 PSYoungGen      total 574464K, used 522300K [0x00000000d5580000, 0x00000000ffe80000, 0x0000000100000000)
  eden space 453632K, 100% used [0x00000000d5580000,0x00000000f1080000,0x00000000f1080000)
  from space 120832K, 56% used [0x00000000f8880000,0x00000000fcb8f240,0x00000000ffe80000)
  to   space 121856K, 0% used [0x00000000f1080000,0x00000000f1080000,0x00000000f8780000)
 ParOldGen       total 668160K, used 441050K [0x0000000080000000, 0x00000000a8c80000, 0x00000000d5580000)
  object space 668160K, 66% used [0x0000000080000000,0x000000009aeb68d8,0x00000000a8c80000)
 Metaspace       used 6451K, capacity 7282K, committed 7552K, reserved 1056768K
  class space    used 608K, capacity 618K, committed 640K, reserved 1048576K
Event: 21,390 GC heap after
Heap after GC invocations=21 (full 4):
 PSYoungGen      total 575488K, used 121837K [0x00000000d5580000, 0x0000000100000000, 0x0000000100000000)
  eden space 453632K, 0% used [0x00000000d5580000,0x00000000d5580000,0x00000000f1080000)
  from space 121856K, 99% used [0x00000000f1080000,0x00000000f877b610,0x00000000f8780000)
  to   space 123392K, 0% used [0x00000000f8780000,0x00000000f8780000,0x0000000100000000)
 ParOldGen       total 668160K, used 528777K [0x0000000080000000, 0x00000000a8c80000, 0x00000000d5580000)
  object space 668160K, 79% used [0x0000000080000000,0x00000000a04626c8,0x00000000a8c80000)
 Metaspace       used 6451K, capacity 7282K, committed 7552K, reserved 1056768K
  class space    used 608K, capacity 618K, committed 640K, reserved 1048576K
}
Event: 22,959 GC heap before
{Heap before GC invocations=22 (full 4):
 PSYoungGen      total 575488K, used 575469K [0x00000000d5580000, 0x0000000100000000, 0x0000000100000000)
  eden space 453632K, 100% used [0x00000000d5580000,0x00000000f1080000,0x00000000f1080000)
  from space 121856K, 99% used [0x00000000f1080000,0x00000000f877b610,0x00000000f8780000)
  to   space 123392K, 0% used [0x00000000f8780000,0x00000000f8780000,0x0000000100000000)
 ParOldGen       total 668160K, used 528777K [0x0000000080000000, 0x00000000a8c80000, 0x00000000d5580000)
  object space 668160K, 79% used [0x0000000080000000,0x00000000a04626c8,0x00000000a8c80000)
 Metaspace       used 6455K, capacity 7282K, committed 7552K, reserved 1056768K
  class space    used 608K, capacity 618K, committed 640K, reserved 1048576K
Event: 23,227 GC heap after
Heap after GC invocations=22 (full 4):
 PSYoungGen      total 356352K, used 123389K [0x00000000d5580000, 0x0000000100000000, 0x0000000100000000)
  eden space 232960K, 0% used [0x00000000d5580000,0x00000000d5580000,0x00000000e3900000)
  from space 123392K, 99% used [0x00000000f8780000,0x00000000fffff560,0x0000000100000000)
  to   space 232960K, 0% used [0x00000000e3900000,0x00000000e3900000,0x00000000f1c80000)
 ParOldGen       total 702464K, used 701869K [0x0000000080000000, 0x00000000aae00000, 0x00000000d5580000)
  object space 702464K, 99% used [0x0000000080000000,0x00000000aad6b5c8,0x00000000aae00000)
 Metaspace       used 6455K, capacity 7282K, committed 7552K, reserved 1056768K
  class space    used 608K, capacity 618K, committed 640K, reserved 1048576K
}
Event: 23,227 GC heap before
{Heap before GC invocations=23 (full 5):
 PSYoungGen      total 356352K, used 123389K [0x00000000d5580000, 0x0000000100000000, 0x0000000100000000)
  eden space 232960K, 0% used [0x00000000d5580000,0x00000000d5580000,0x00000000e3900000)
  from space 123392K, 99% used [0x00000000f8780000,0x00000000fffff560,0x0000000100000000)
  to   space 232960K, 0% used [0x00000000e3900000,0x00000000e3900000,0x00000000f1c80000)
 ParOldGen       total 702464K, used 701869K [0x0000000080000000, 0x00000000aae00000, 0x00000000d5580000)
  object space 702464K, 99% used [0x0000000080000000,0x00000000aad6b5c8,0x00000000aae00000)
 Metaspace       used 6455K, capacity 7282K, committed 7552K, reserved 1056768K
  class space    used 608K, capacity 618K, committed 640K, reserved 1048576K

