# JRE version: Java(TM) SE Runtime Environment (8.0_66-b17) (build 1.8.0_66-b17)
# Java VM: Java HotSpot(TM) 64-Bit Server VM (25.66-b17 mixed mode linux-amd64 compressed oops)
Heap:
 PSYoungGen      total 326656K, used 0K [0x00000000d5580000, 0x00000000ff900000, 0x0000000100000000)
  eden space 232960K, 0% used [0x00000000d5580000,0x00000000d5580000,0x00000000e3900000)
  from space 93696K, 0% used [0x00000000e3900000,0x00000000e3900000,0x00000000e9480000)
  to   space 229376K, 0% used [0x00000000f1900000,0x00000000f1900000,0x00000000ff900000)
 ParOldGen       total 795648K, used 748078K [0x0000000080000000, 0x00000000b0900000, 0x00000000d5580000)
  object space 795648K, 94% used [0x0000000080000000,0x00000000ada8bac0,0x00000000b0900000)
 Metaspace       used 6462K, capacity 7282K, committed 7552K, reserved 1056768K
  class space    used 608K, capacity 618K, committed 640K, reserved 1048576K
GC Heap History (10 events):
Event: 26,922 GC heap after
Heap after GC invocations=22 (full 5):
 PSYoungGen      total 536064K, used 95040K [0x00000000d5580000, 0x0000000100000000, 0x0000000100000000)
  eden space 373248K, 0% used [0x00000000d5580000,0x00000000d5580000,0x00000000ec200000)
  from space 162816K, 58% used [0x00000000ec200000,0x00000000f1ed03f0,0x00000000f6100000)
  to   space 162816K, 0% used [0x00000000f6100000,0x00000000f6100000,0x0000000100000000)
 ParOldGen       total 795648K, used 547795K [0x0000000080000000, 0x00000000b0900000, 0x00000000d5580000)
  object space 795648K, 68% used [0x0000000080000000,0x00000000a16f4e20,0x00000000b0900000)
 Metaspace       used 6456K, capacity 7282K, committed 7552K, reserved 1056768K
  class space    used 607K, capacity 618K, committed 640K, reserved 1048576K
}
Event: 29,790 GC heap before
{Heap before GC invocations=23 (full 5):
 PSYoungGen      total 536064K, used 468288K [0x00000000d5580000, 0x0000000100000000, 0x0000000100000000)
  eden space 373248K, 100% used [0x00000000d5580000,0x00000000ec200000,0x00000000ec200000)
  from space 162816K, 58% used [0x00000000ec200000,0x00000000f1ed03f0,0x00000000f6100000)
  to   space 162816K, 0% used [0x00000000f6100000,0x00000000f6100000,0x0000000100000000)
 ParOldGen       total 795648K, used 547795K [0x0000000080000000, 0x00000000b0900000, 0x00000000d5580000)
  object space 795648K, 68% used [0x0000000080000000,0x00000000a16f4e20,0x00000000b0900000)
 Metaspace       used 6461K, capacity 7282K, committed 7552K, reserved 1056768K
  class space    used 607K, capacity 618K, committed 640K, reserved 1048576K
Event: 30,182 GC heap after
Heap after GC invocations=23 (full 5):
 PSYoungGen      total 398848K, used 152231K [0x00000000d5580000, 0x0000000100000000, 0x0000000100000000)
  eden space 236032K, 0% used [0x00000000d5580000,0x00000000d5580000,0x00000000e3c00000)
  from space 162816K, 93% used [0x00000000f6100000,0x00000000ff5a9fe0,0x0000000100000000)
  to   space 231424K, 0% used [0x00000000e3c00000,0x00000000e3c00000,0x00000000f1e00000)
 ParOldGen       total 795648K, used 583461K [0x0000000080000000, 0x00000000b0900000, 0x00000000d5580000)
  object space 795648K, 73% used [0x0000000080000000,0x00000000a39c9750,0x00000000b0900000)
 Metaspace       used 6461K, capacity 7282K, committed 7552K, reserved 1056768K
  class space    used 607K, capacity 618K, committed 640K, reserved 1048576K
}
Event: 30,550 GC heap before
{Heap before GC invocations=24 (full 5):
 PSYoungGen      total 398848K, used 388263K [0x00000000d5580000, 0x0000000100000000, 0x0000000100000000)
  eden space 236032K, 100% used [0x00000000d5580000,0x00000000e3c00000,0x00000000e3c00000)
  from space 162816K, 93% used [0x00000000f6100000,0x00000000ff5a9fe0,0x0000000100000000)
  to   space 231424K, 0% used [0x00000000e3c00000,0x00000000e3c00000,0x00000000f1e00000)
 ParOldGen       total 795648K, used 583461K [0x0000000080000000, 0x00000000b0900000, 0x00000000d5580000)
  object space 795648K, 73% used [0x0000000080000000,0x00000000a39c9750,0x00000000b0900000)
 Metaspace       used 6461K, capacity 7282K, committed 7552K, reserved 1056768K
  class space    used 607K, capacity 618K, committed 640K, reserved 1048576K
Event: 30,697 GC heap after
Heap after GC invocations=24 (full 5):
 PSYoungGen      total 430592K, used 194153K [0x00000000d5580000, 0x0000000100000000, 0x0000000100000000)
  eden space 236032K, 0% used [0x00000000d5580000,0x00000000d5580000,0x00000000e3c00000)
  from space 194560K, 99% used [0x00000000e3c00000,0x00000000ef99a7c8,0x00000000efa00000)
  to   space 232960K, 0% used [0x00000000f1c80000,0x00000000f1c80000,0x0000000100000000)
 ParOldGen       total 795648K, used 583461K [0x0000000080000000, 0x00000000b0900000, 0x00000000d5580000)
  object space 795648K, 73% used [0x0000000080000000,0x00000000a39c9750,0x00000000b0900000)
 Metaspace       used 6461K, capacity 7282K, committed 7552K, reserved 1056768K
  class space    used 607K, capacity 618K, committed 640K, reserved 1048576K
}
Event: 32,748 GC heap before
{Heap before GC invocations=25 (full 5):
 PSYoungGen      total 430592K, used 430185K [0x00000000d5580000, 0x0000000100000000, 0x0000000100000000)
  eden space 236032K, 100% used [0x00000000d5580000,0x00000000e3c00000,0x00000000e3c00000)
  from space 194560K, 99% used [0x00000000e3c00000,0x00000000ef99a7c8,0x00000000efa00000)
  to   space 232960K, 0% used [0x00000000f1c80000,0x00000000f1c80000,0x0000000100000000)
 ParOldGen       total 795648K, used 583461K [0x0000000080000000, 0x00000000b0900000, 0x00000000d5580000)
  object space 795648K, 73% used [0x0000000080000000,0x00000000a39c9750,0x00000000b0900000)
 Metaspace       used 6461K, capacity 7282K, committed 7552K, reserved 1056768K
  class space    used 607K, capacity 618K, committed 640K, reserved 1048576K
Event: 33,021 GC heap after
Heap after GC invocations=25 (full 5):
 PSYoungGen      total 465920K, used 104928K [0x00000000d5580000, 0x0000000100000000, 0x0000000100000000)
  eden space 232960K, 0% used [0x00000000d5580000,0x00000000d5580000,0x00000000e3900000)
  from space 232960K, 45% used [0x00000000f1c80000,0x00000000f82f82b0,0x0000000100000000)
  to   space 232960K, 0% used [0x00000000e3900000,0x00000000e3900000,0x00000000f1c80000)
 ParOldGen       total 795648K, used 689782K [0x0000000080000000, 0x00000000b0900000, 0x00000000d5580000)
  object space 795648K, 86% used [0x0000000080000000,0x00000000aa19d918,0x00000000b0900000)
 Metaspace       used 6461K, capacity 7282K, committed 7552K, reserved 1056768K
  class space    used 607K, capacity 618K, committed 640K, reserved 1048576K
}
Event: 33,255 GC heap before
{Heap before GC invocations=26 (full 5):
 PSYoungGen      total 465920K, used 337888K [0x00000000d5580000, 0x0000000100000000, 0x0000000100000000)
  eden space 232960K, 100% used [0x00000000d5580000,0x00000000e3900000,0x00000000e3900000)
  from space 232960K, 45% used [0x00000000f1c80000,0x00000000f82f82b0,0x0000000100000000)
  to   space 232960K, 0% used [0x00000000e3900000,0x00000000e3900000,0x00000000f1c80000)
 ParOldGen       total 795648K, used 689782K [0x0000000080000000, 0x00000000b0900000, 0x00000000d5580000)
  object space 795648K, 86% used [0x0000000080000000,0x00000000aa19d918,0x00000000b0900000)
 Metaspace       used 6462K, capacity 7282K, committed 7552K, reserved 1056768K
  class space    used 608K, capacity 618K, committed 640K, reserved 1048576K
Event: 33,429 GC heap after
Heap after GC invocations=26 (full 5):
 PSYoungGen      total 326656K, used 93328K [0x00000000d5580000, 0x00000000ff900000, 0x0000000100000000)
  eden space 232960K, 0% used [0x00000000d5580000,0x00000000d5580000,0x00000000e3900000)
  from space 93696K, 99% used [0x00000000e3900000,0x00000000e94240a8,0x00000000e9480000)
  to   space 229376K, 0% used [0x00000000f1900000,0x00000000f1900000,0x00000000ff900000)
 ParOldGen       total 795648K, used 793089K [0x0000000080000000, 0x00000000b0900000, 0x00000000d5580000)
  object space 795648K, 99% used [0x0000000080000000,0x00000000b0680740,0x00000000b0900000)
 Metaspace       used 6462K, capacity 7282K, committed 7552K, reserved 1056768K
  class space    used 608K, capacity 618K, committed 640K, reserved 1048576K
}
Event: 33,429 GC heap before
{Heap before GC invocations=27 (full 6):
 PSYoungGen      total 326656K, used 93328K [0x00000000d5580000, 0x00000000ff900000, 0x0000000100000000)
  eden space 232960K, 0% used [0x00000000d5580000,0x00000000d5580000,0x00000000e3900000)
  from space 93696K, 99% used [0x00000000e3900000,0x00000000e94240a8,0x00000000e9480000)
  to   space 229376K, 0% used [0x00000000f1900000,0x00000000f1900000,0x00000000ff900000)
 ParOldGen       total 795648K, used 793089K [0x0000000080000000, 0x00000000b0900000, 0x00000000d5580000)
  object space 795648K, 99% used [0x0000000080000000,0x00000000b0680740,0x00000000b0900000)
 Metaspace       used 6462K, capacity 7282K, committed 7552K, reserved 1056768K
  class space    used 608K, capacity 618K, committed 640K, reserved 1048576K

