# JRE version: Java(TM) SE Runtime Environment (8.0_66-b17) (build 1.8.0_66-b17)
# Java VM: Java HotSpot(TM) 64-Bit Server VM (25.66-b17 mixed mode linux-amd64 compressed oops)
Heap:
 PSYoungGen      total 454656K, used 0K [0x00000000d5580000, 0x00000000ff500000, 0x0000000100000000)
  eden space 232960K, 0% used [0x00000000d5580000,0x00000000d5580000,0x00000000e3900000)
  from space 221696K, 0% used [0x00000000f1c80000,0x00000000f1c80000,0x00000000ff500000)
  to   space 227328K, 0% used [0x00000000e3900000,0x00000000e3900000,0x00000000f1700000)
 ParOldGen       total 865280K, used 792906K [0x0000000080000000, 0x00000000b4d00000, 0x00000000d5580000)
  object space 865280K, 91% used [0x0000000080000000,0x00000000b0652998,0x00000000b4d00000)
 Metaspace       used 6604K, capacity 7352K, committed 7552K, reserved 1056768K
  class space    used 616K, capacity 624K, committed 640K, reserved 1048576K
GC Heap History (10 events):
Event: 28,688 GC heap after
Heap after GC invocations=25 (full 5):
 PSYoungGen      total 485376K, used 149443K [0x00000000d5580000, 0x0000000100000000, 0x0000000100000000)
  eden space 305664K, 0% used [0x00000000d5580000,0x00000000d5580000,0x00000000e8000000)
  from space 179712K, 83% used [0x00000000f5080000,0x00000000fe270d80,0x0000000100000000)
  to   space 196608K, 0% used [0x00000000e8000000,0x00000000e8000000,0x00000000f4000000)
 ParOldGen       total 865280K, used 601628K [0x0000000080000000, 0x00000000b4d00000, 0x00000000d5580000)
  object space 865280K, 69% used [0x0000000080000000,0x00000000a4b87148,0x00000000b4d00000)
 Metaspace       used 6483K, capacity 7282K, committed 7552K, reserved 1056768K
  class space    used 608K, capacity 618K, committed 640K, reserved 1048576K
}
Event: 29,515 GC heap before
{Heap before GC invocations=26 (full 5):
 PSYoungGen      total 485376K, used 455107K [0x00000000d5580000, 0x0000000100000000, 0x0000000100000000)
  eden space 305664K, 100% used [0x00000000d5580000,0x00000000e8000000,0x00000000e8000000)
  from space 179712K, 83% used [0x00000000f5080000,0x00000000fe270d80,0x0000000100000000)
  to   space 196608K, 0% used [0x00000000e8000000,0x00000000e8000000,0x00000000f4000000)
 ParOldGen       total 865280K, used 601628K [0x0000000080000000, 0x00000000b4d00000, 0x00000000d5580000)
  object space 865280K, 69% used [0x0000000080000000,0x00000000a4b87148,0x00000000b4d00000)
 Metaspace       used 6484K, capacity 7282K, committed 7552K, reserved 1056768K
  class space    used 608K, capacity 618K, committed 640K, reserved 1048576K
Event: 29,777 GC heap after
Heap after GC invocations=26 (full 5):
 PSYoungGen      total 502272K, used 196599K [0x00000000d5580000, 0x0000000100000000, 0x0000000100000000)
  eden space 305664K, 0% used [0x00000000d5580000,0x00000000d5580000,0x00000000e8000000)
  from space 196608K, 99% used [0x00000000e8000000,0x00000000f3ffdfb8,0x00000000f4000000)
  to   space 196608K, 0% used [0x00000000f4000000,0x00000000f4000000,0x0000000100000000)
 ParOldGen       total 865280K, used 602088K [0x0000000080000000, 0x00000000b4d00000, 0x00000000d5580000)
  object space 865280K, 69% used [0x0000000080000000,0x00000000a4bfa1b8,0x00000000b4d00000)
 Metaspace       used 6484K, capacity 7282K, committed 7552K, reserved 1056768K
  class space    used 608K, capacity 618K, committed 640K, reserved 1048576K
}
Event: 30,508 GC heap before
{Heap before GC invocations=27 (full 5):
 PSYoungGen      total 502272K, used 502263K [0x00000000d5580000, 0x0000000100000000, 0x0000000100000000)
  eden space 305664K, 100% used [0x00000000d5580000,0x00000000e8000000,0x00000000e8000000)
  from space 196608K, 99% used [0x00000000e8000000,0x00000000f3ffdfb8,0x00000000f4000000)
  to   space 196608K, 0% used [0x00000000f4000000,0x00000000f4000000,0x0000000100000000)
 ParOldGen       total 865280K, used 602088K [0x0000000080000000, 0x00000000b4d00000, 0x00000000d5580000)
  object space 865280K, 69% used [0x0000000080000000,0x00000000a4bfa1b8,0x00000000b4d00000)
 Metaspace       used 6486K, capacity 7282K, committed 7552K, reserved 1056768K
  class space    used 608K, capacity 618K, committed 640K, reserved 1048576K
Event: 30,895 GC heap after
Heap after GC invocations=27 (full 5):
 PSYoungGen      total 429568K, used 154747K [0x00000000d5580000, 0x0000000100000000, 0x0000000100000000)
  eden space 232960K, 0% used [0x00000000d5580000,0x00000000d5580000,0x00000000e3900000)
  from space 196608K, 78% used [0x00000000f4000000,0x00000000fd71efd8,0x0000000100000000)
  to   space 232960K, 0% used [0x00000000e3900000,0x00000000e3900000,0x00000000f1c80000)
 ParOldGen       total 865280K, used 696861K [0x0000000080000000, 0x00000000b4d00000, 0x00000000d5580000)
  object space 865280K, 80% used [0x0000000080000000,0x00000000aa8876d0,0x00000000b4d00000)
 Metaspace       used 6486K, capacity 7282K, committed 7552K, reserved 1056768K
  class space    used 608K, capacity 618K, committed 640K, reserved 1048576K
}
Event: 31,554 GC heap before
{Heap before GC invocations=28 (full 5):
 PSYoungGen      total 429568K, used 387707K [0x00000000d5580000, 0x0000000100000000, 0x0000000100000000)
  eden space 232960K, 100% used [0x00000000d5580000,0x00000000e3900000,0x00000000e3900000)
  from space 196608K, 78% used [0x00000000f4000000,0x00000000fd71efd8,0x0000000100000000)
  to   space 232960K, 0% used [0x00000000e3900000,0x00000000e3900000,0x00000000f1c80000)
 ParOldGen       total 865280K, used 696861K [0x0000000080000000, 0x00000000b4d00000, 0x00000000d5580000)
  object space 865280K, 80% used [0x0000000080000000,0x00000000aa8876d0,0x00000000b4d00000)
 Metaspace       used 6511K, capacity 7286K, committed 7552K, reserved 1056768K
  class space    used 612K, capacity 622K, committed 640K, reserved 1048576K
Event: 31,839 GC heap after
Heap after GC invocations=28 (full 5):
 PSYoungGen      total 465920K, used 134995K [0x00000000d5580000, 0x0000000100000000, 0x0000000100000000)
  eden space 232960K, 0% used [0x00000000d5580000,0x00000000d5580000,0x00000000e3900000)
  from space 232960K, 57% used [0x00000000e3900000,0x00000000ebcd4cd8,0x00000000f1c80000)
  to   space 232960K, 0% used [0x00000000f1c80000,0x00000000f1c80000,0x0000000100000000)
 ParOldGen       total 865280K, used 753573K [0x0000000080000000, 0x00000000b4d00000, 0x00000000d5580000)
  object space 865280K, 87% used [0x0000000080000000,0x00000000adfe9590,0x00000000b4d00000)
 Metaspace       used 6511K, capacity 7286K, committed 7552K, reserved 1056768K
  class space    used 612K, capacity 622K, committed 640K, reserved 1048576K
}
Event: 32,535 GC heap before
{Heap before GC invocations=29 (full 5):
 PSYoungGen      total 465920K, used 367955K [0x00000000d5580000, 0x0000000100000000, 0x0000000100000000)
  eden space 232960K, 100% used [0x00000000d5580000,0x00000000e3900000,0x00000000e3900000)
  from space 232960K, 57% used [0x00000000e3900000,0x00000000ebcd4cd8,0x00000000f1c80000)
  to   space 232960K, 0% used [0x00000000f1c80000,0x00000000f1c80000,0x0000000100000000)
 ParOldGen       total 865280K, used 753573K [0x0000000080000000, 0x00000000b4d00000, 0x00000000d5580000)
  object space 865280K, 87% used [0x0000000080000000,0x00000000adfe9590,0x00000000b4d00000)
 Metaspace       used 6604K, capacity 7352K, committed 7552K, reserved 1056768K
  class space    used 616K, capacity 624K, committed 640K, reserved 1048576K
Event: 32,836 GC heap after
Heap after GC invocations=29 (full 5):
 PSYoungGen      total 454656K, used 73414K [0x00000000d5580000, 0x00000000ff500000, 0x0000000100000000)
  eden space 232960K, 0% used [0x00000000d5580000,0x00000000d5580000,0x00000000e3900000)
  from space 221696K, 33% used [0x00000000f1c80000,0x00000000f6431958,0x00000000ff500000)
  to   space 227328K, 0% used [0x00000000e3900000,0x00000000e3900000,0x00000000f1700000)
 ParOldGen       total 865280K, used 849461K [0x0000000080000000, 0x00000000b4d00000, 0x00000000d5580000)
  object space 865280K, 98% used [0x0000000080000000,0x00000000b3d8d600,0x00000000b4d00000)
 Metaspace       used 6604K, capacity 7352K, committed 7552K, reserved 1056768K
  class space    used 616K, capacity 624K, committed 640K, reserved 1048576K
}
Event: 32,836 GC heap before
{Heap before GC invocations=30 (full 6):
 PSYoungGen      total 454656K, used 73414K [0x00000000d5580000, 0x00000000ff500000, 0x0000000100000000)
  eden space 232960K, 0% used [0x00000000d5580000,0x00000000d5580000,0x00000000e3900000)
  from space 221696K, 33% used [0x00000000f1c80000,0x00000000f6431958,0x00000000ff500000)
  to   space 227328K, 0% used [0x00000000e3900000,0x00000000e3900000,0x00000000f1700000)
 ParOldGen       total 865280K, used 849461K [0x0000000080000000, 0x00000000b4d00000, 0x00000000d5580000)
  object space 865280K, 98% used [0x0000000080000000,0x00000000b3d8d600,0x00000000b4d00000)
 Metaspace       used 6604K, capacity 7352K, committed 7552K, reserved 1056768K
  class space    used 616K, capacity 624K, committed 640K, reserved 1048576K

