# JRE version: Java(TM) SE Runtime Environment (8.0_66-b17) (build 1.8.0_66-b17)
# Java VM: Java HotSpot(TM) 64-Bit Server VM (25.66-b17 mixed mode linux-amd64 compressed oops)
Heap:
 PSYoungGen      total 465920K, used 0K [0x00000000d5580000, 0x0000000100000000, 0x0000000100000000)
  eden space 232960K, 0% used [0x00000000d5580000,0x00000000d5580000,0x00000000e3900000)
  from space 232960K, 0% used [0x00000000e3900000,0x00000000e3900000,0x00000000f1c80000)
  to   space 232960K, 0% used [0x00000000f1c80000,0x00000000f1c80000,0x0000000100000000)
 ParOldGen       total 977408K, used 882758K [0x0000000080000000, 0x00000000bba80000, 0x00000000d5580000)
  object space 977408K, 90% used [0x0000000080000000,0x00000000b5e11bf0,0x00000000bba80000)
 Metaspace       used 6606K, capacity 7352K, committed 7552K, reserved 1056768K
  class space    used 616K, capacity 624K, committed 640K, reserved 1048576K
GC Heap History (10 events):
Event: 30,727 GC heap after
Heap after GC invocations=28 (full 5):
 PSYoungGen      total 442880K, used 178076K [0x00000000d5580000, 0x0000000100000000, 0x0000000100000000)
  eden space 264704K, 0% used [0x00000000d5580000,0x00000000d5580000,0x00000000e5800000)
  from space 178176K, 99% used [0x00000000e5800000,0x00000000f05e7168,0x00000000f0600000)
  to   space 231424K, 0% used [0x00000000f1e00000,0x00000000f1e00000,0x0000000100000000)
 ParOldGen       total 977408K, used 680942K [0x0000000080000000, 0x00000000bba80000, 0x00000000d5580000)
  object space 977408K, 69% used [0x0000000080000000,0x00000000a98fb898,0x00000000bba80000)
 Metaspace       used 6466K, capacity 7282K, committed 7552K, reserved 1056768K
  class space    used 608K, capacity 618K, committed 640K, reserved 1048576K
}
Event: 31,355 GC heap before
{Heap before GC invocations=29 (full 5):
 PSYoungGen      total 442880K, used 442780K [0x00000000d5580000, 0x0000000100000000, 0x0000000100000000)
  eden space 264704K, 100% used [0x00000000d5580000,0x00000000e5800000,0x00000000e5800000)
  from space 178176K, 99% used [0x00000000e5800000,0x00000000f05e7168,0x00000000f0600000)
  to   space 231424K, 0% used [0x00000000f1e00000,0x00000000f1e00000,0x0000000100000000)
 ParOldGen       total 977408K, used 680942K [0x0000000080000000, 0x00000000bba80000, 0x00000000d5580000)
  object space 977408K, 69% used [0x0000000080000000,0x00000000a98fb898,0x00000000bba80000)
 Metaspace       used 6555K, capacity 7350K, committed 7552K, reserved 1056768K
  class space    used 613K, capacity 622K, committed 640K, reserved 1048576K
Event: 31,575 GC heap after
Heap after GC invocations=29 (full 5):
 PSYoungGen      total 464384K, used 220711K [0x00000000d5580000, 0x0000000100000000, 0x0000000100000000)
  eden space 232960K, 0% used [0x00000000d5580000,0x00000000d5580000,0x00000000e3900000)
  from space 231424K, 95% used [0x00000000f1e00000,0x00000000ff589fb8,0x0000000100000000)
  to   space 232960K, 0% used [0x00000000e3900000,0x00000000e3900000,0x00000000f1c80000)
 ParOldGen       total 977408K, used 680942K [0x0000000080000000, 0x00000000bba80000, 0x00000000d5580000)
  object space 977408K, 69% used [0x0000000080000000,0x00000000a98fb898,0x00000000bba80000)
 Metaspace       used 6555K, capacity 7350K, committed 7552K, reserved 1056768K
  class space    used 613K, capacity 622K, committed 640K, reserved 1048576K
}
Event: 32,173 GC heap before
{Heap before GC invocations=30 (full 5):
 PSYoungGen      total 464384K, used 453671K [0x00000000d5580000, 0x0000000100000000, 0x0000000100000000)
  eden space 232960K, 100% used [0x00000000d5580000,0x00000000e3900000,0x00000000e3900000)
  from space 231424K, 95% used [0x00000000f1e00000,0x00000000ff589fb8,0x0000000100000000)
  to   space 232960K, 0% used [0x00000000e3900000,0x00000000e3900000,0x00000000f1c80000)
 ParOldGen       total 977408K, used 681075K [0x0000000080000000, 0x00000000bba80000, 0x00000000d5580000)
  object space 977408K, 69% used [0x0000000080000000,0x00000000a991cc48,0x00000000bba80000)
 Metaspace       used 6585K, capacity 7352K, committed 7552K, reserved 1056768K
  class space    used 616K, capacity 624K, committed 640K, reserved 1048576K
Event: 32,441 GC heap after
Heap after GC invocations=30 (full 5):
 PSYoungGen      total 465920K, used 206283K [0x00000000d5580000, 0x0000000100000000, 0x0000000100000000)
  eden space 232960K, 0% used [0x00000000d5580000,0x00000000d5580000,0x00000000e3900000)
  from space 232960K, 88% used [0x00000000e3900000,0x00000000f0272d00,0x00000000f1c80000)
  to   space 232960K, 0% used [0x00000000f1c80000,0x00000000f1c80000,0x0000000100000000)
 ParOldGen       total 977408K, used 729739K [0x0000000080000000, 0x00000000bba80000, 0x00000000d5580000)
  object space 977408K, 74% used [0x0000000080000000,0x00000000ac8a2c80,0x00000000bba80000)
 Metaspace       used 6585K, capacity 7352K, committed 7552K, reserved 1056768K
  class space    used 616K, capacity 624K, committed 640K, reserved 1048576K
}
Event: 33,032 GC heap before
{Heap before GC invocations=31 (full 5):
 PSYoungGen      total 465920K, used 439243K [0x00000000d5580000, 0x0000000100000000, 0x0000000100000000)
  eden space 232960K, 100% used [0x00000000d5580000,0x00000000e3900000,0x00000000e3900000)
  from space 232960K, 88% used [0x00000000e3900000,0x00000000f0272d00,0x00000000f1c80000)
  to   space 232960K, 0% used [0x00000000f1c80000,0x00000000f1c80000,0x0000000100000000)
 ParOldGen       total 977408K, used 729741K [0x0000000080000000, 0x00000000bba80000, 0x00000000d5580000)
  object space 977408K, 74% used [0x0000000080000000,0x00000000ac8a35e8,0x00000000bba80000)
 Metaspace       used 6585K, capacity 7352K, committed 7552K, reserved 1056768K
  class space    used 616K, capacity 624K, committed 640K, reserved 1048576K
Event: 33,339 GC heap after
Heap after GC invocations=31 (full 5):
 PSYoungGen      total 465920K, used 157431K [0x00000000d5580000, 0x0000000100000000, 0x0000000100000000)
  eden space 232960K, 0% used [0x00000000d5580000,0x00000000d5580000,0x00000000e3900000)
  from space 232960K, 67% used [0x00000000f1c80000,0x00000000fb63df40,0x0000000100000000)
  to   space 232960K, 0% used [0x00000000e3900000,0x00000000e3900000,0x00000000f1c80000)
 ParOldGen       total 977408K, used 814123K [0x0000000080000000, 0x00000000bba80000, 0x00000000d5580000)
  object space 977408K, 83% used [0x0000000080000000,0x00000000b1b0ac90,0x00000000bba80000)
 Metaspace       used 6585K, capacity 7352K, committed 7552K, reserved 1056768K
  class space    used 616K, capacity 624K, committed 640K, reserved 1048576K
}
Event: 33,890 GC heap before
{Heap before GC invocations=32 (full 5):
 PSYoungGen      total 465920K, used 390391K [0x00000000d5580000, 0x0000000100000000, 0x0000000100000000)
  eden space 232960K, 100% used [0x00000000d5580000,0x00000000e3900000,0x00000000e3900000)
  from space 232960K, 67% used [0x00000000f1c80000,0x00000000fb63df40,0x0000000100000000)
  to   space 232960K, 0% used [0x00000000e3900000,0x00000000e3900000,0x00000000f1c80000)
 ParOldGen       total 977408K, used 814123K [0x0000000080000000, 0x00000000bba80000, 0x00000000d5580000)
  object space 977408K, 83% used [0x0000000080000000,0x00000000b1b0ac90,0x00000000bba80000)
 Metaspace       used 6606K, capacity 7352K, committed 7552K, reserved 1056768K
  class space    used 616K, capacity 624K, committed 640K, reserved 1048576K
Event: 34,130 GC heap after
Heap after GC invocations=32 (full 5):
 PSYoungGen      total 465920K, used 112096K [0x00000000d5580000, 0x0000000100000000, 0x0000000100000000)
  eden space 232960K, 0% used [0x00000000d5580000,0x00000000d5580000,0x00000000e3900000)
  from space 232960K, 48% used [0x00000000e3900000,0x00000000ea678210,0x00000000f1c80000)
  to   space 232960K, 0% used [0x00000000f1c80000,0x00000000f1c80000,0x0000000100000000)
 ParOldGen       total 977408K, used 898440K [0x0000000080000000, 0x00000000bba80000, 0x00000000d5580000)
  object space 977408K, 91% used [0x0000000080000000,0x00000000b6d62320,0x00000000bba80000)
 Metaspace       used 6606K, capacity 7352K, committed 7552K, reserved 1056768K
  class space    used 616K, capacity 624K, committed 640K, reserved 1048576K
}
Event: 34,130 GC heap before
{Heap before GC invocations=33 (full 6):
 PSYoungGen      total 465920K, used 112096K [0x00000000d5580000, 0x0000000100000000, 0x0000000100000000)
  eden space 232960K, 0% used [0x00000000d5580000,0x00000000d5580000,0x00000000e3900000)
  from space 232960K, 48% used [0x00000000e3900000,0x00000000ea678210,0x00000000f1c80000)
  to   space 232960K, 0% used [0x00000000f1c80000,0x00000000f1c80000,0x0000000100000000)
 ParOldGen       total 977408K, used 898440K [0x0000000080000000, 0x00000000bba80000, 0x00000000d5580000)
  object space 977408K, 91% used [0x0000000080000000,0x00000000b6d62320,0x00000000bba80000)
 Metaspace       used 6606K, capacity 7352K, committed 7552K, reserved 1056768K
  class space    used 616K, capacity 624K, committed 640K, reserved 1048576K

