# JRE version: Java(TM) SE Runtime Environment (8.0_66-b17) (build 1.8.0_66-b17)
# Java VM: Java HotSpot(TM) 64-Bit Server VM (25.66-b17 mixed mode linux-amd64 compressed oops)
Heap:
 PSYoungGen      total 465920K, used 0K [0x00000000d5580000, 0x0000000100000000, 0x0000000100000000)
  eden space 232960K, 0% used [0x00000000d5580000,0x00000000d5580000,0x00000000e3900000)
  from space 232960K, 0% used [0x00000000e3900000,0x00000000e3900000,0x00000000f1c80000)
  to   space 228352K, 0% used [0x00000000f2100000,0x00000000f2100000,0x0000000100000000)
 ParOldGen       total 945152K, used 739848K [0x0000000080000000, 0x00000000b9b00000, 0x00000000d5580000)
  object space 945152K, 78% used [0x0000000080000000,0x00000000ad2823f0,0x00000000b9b00000)
 Metaspace       used 6483K, capacity 7282K, committed 7552K, reserved 1056768K
  class space    used 608K, capacity 618K, committed 640K, reserved 1048576K
GC Heap History (10 events):
Event: 27,830 GC heap after
Heap after GC invocations=24 (full 5):
 PSYoungGen      total 504832K, used 194031K [0x00000000d5580000, 0x0000000100000000, 0x0000000100000000)
  eden space 310784K, 0% used [0x00000000d5580000,0x00000000d5580000,0x00000000e8500000)
  from space 194048K, 99% used [0x00000000e8500000,0x00000000f427bca0,0x00000000f4280000)
  to   space 194048K, 0% used [0x00000000f4280000,0x00000000f4280000,0x0000000100000000)
 ParOldGen       total 945152K, used 671005K [0x0000000080000000, 0x00000000b9b00000, 0x00000000d5580000)
  object space 945152K, 70% used [0x0000000080000000,0x00000000a8f475b0,0x00000000b9b00000)
 Metaspace       used 6480K, capacity 7282K, committed 7552K, reserved 1056768K
  class space    used 608K, capacity 618K, committed 640K, reserved 1048576K
}
Event: 28,411 GC heap before
{Heap before GC invocations=25 (full 5):
 PSYoungGen      total 504832K, used 504815K [0x00000000d5580000, 0x0000000100000000, 0x0000000100000000)
  eden space 310784K, 100% used [0x00000000d5580000,0x00000000e8500000,0x00000000e8500000)
  from space 194048K, 99% used [0x00000000e8500000,0x00000000f427bca0,0x00000000f4280000)
  to   space 194048K, 0% used [0x00000000f4280000,0x00000000f4280000,0x0000000100000000)
 ParOldGen       total 945152K, used 671005K [0x0000000080000000, 0x00000000b9b00000, 0x00000000d5580000)
  object space 945152K, 70% used [0x0000000080000000,0x00000000a8f475b0,0x00000000b9b00000)
 Metaspace       used 6480K, capacity 7282K, committed 7552K, reserved 1056768K
  class space    used 608K, capacity 618K, committed 640K, reserved 1048576K
Event: 28,668 GC heap after
Heap after GC invocations=25 (full 5):
 PSYoungGen      total 460800K, used 87755K [0x00000000d5580000, 0x0000000100000000, 0x0000000100000000)
  eden space 266752K, 0% used [0x00000000d5580000,0x00000000d5580000,0x00000000e5a00000)
  from space 194048K, 45% used [0x00000000f4280000,0x00000000f9832cc0,0x0000000100000000)
  to   space 216064K, 0% used [0x00000000e5a00000,0x00000000e5a00000,0x00000000f2d00000)
 ParOldGen       total 945152K, used 738954K [0x0000000080000000, 0x00000000b9b00000, 0x00000000d5580000)
  object space 945152K, 78% used [0x0000000080000000,0x00000000ad1a29d8,0x00000000b9b00000)
 Metaspace       used 6480K, capacity 7282K, committed 7552K, reserved 1056768K
  class space    used 608K, capacity 618K, committed 640K, reserved 1048576K
}
Event: 29,301 GC heap before
{Heap before GC invocations=26 (full 5):
 PSYoungGen      total 460800K, used 354507K [0x00000000d5580000, 0x0000000100000000, 0x0000000100000000)
  eden space 266752K, 100% used [0x00000000d5580000,0x00000000e5a00000,0x00000000e5a00000)
  from space 194048K, 45% used [0x00000000f4280000,0x00000000f9832cc0,0x0000000100000000)
  to   space 216064K, 0% used [0x00000000e5a00000,0x00000000e5a00000,0x00000000f2d00000)
 ParOldGen       total 945152K, used 738954K [0x0000000080000000, 0x00000000b9b00000, 0x00000000d5580000)
  object space 945152K, 78% used [0x0000000080000000,0x00000000ad1a29d8,0x00000000b9b00000)
 Metaspace       used 6481K, capacity 7282K, committed 7552K, reserved 1056768K
  class space    used 608K, capacity 618K, committed 640K, reserved 1048576K
Event: 29,489 GC heap after
Heap after GC invocations=26 (full 5):
 PSYoungGen      total 395264K, used 128042K [0x00000000d5580000, 0x0000000100000000, 0x0000000100000000)
  eden space 266752K, 0% used [0x00000000d5580000,0x00000000d5580000,0x00000000e5a00000)
  from space 128512K, 99% used [0x00000000e5a00000,0x00000000ed70aa08,0x00000000ed780000)
  to   space 218112K, 0% used [0x00000000f2b00000,0x00000000f2b00000,0x0000000100000000)
 ParOldGen       total 945152K, used 738954K [0x0000000080000000, 0x00000000b9b00000, 0x00000000d5580000)
  object space 945152K, 78% used [0x0000000080000000,0x00000000ad1a29d8,0x00000000b9b00000)
 Metaspace       used 6481K, capacity 7282K, committed 7552K, reserved 1056768K
  class space    used 608K, capacity 618K, committed 640K, reserved 1048576K
}
Event: 30,227 GC heap before
{Heap before GC invocations=27 (full 5):
 PSYoungGen      total 395264K, used 394794K [0x00000000d5580000, 0x0000000100000000, 0x0000000100000000)
  eden space 266752K, 100% used [0x00000000d5580000,0x00000000e5a00000,0x00000000e5a00000)
  from space 128512K, 99% used [0x00000000e5a00000,0x00000000ed70aa08,0x00000000ed780000)
  to   space 218112K, 0% used [0x00000000f2b00000,0x00000000f2b00000,0x0000000100000000)
 ParOldGen       total 945152K, used 738954K [0x0000000080000000, 0x00000000b9b00000, 0x00000000d5580000)
  object space 945152K, 78% used [0x0000000080000000,0x00000000ad1a29d8,0x00000000b9b00000)
 Metaspace       used 6483K, capacity 7282K, committed 7552K, reserved 1056768K
  class space    used 608K, capacity 618K, committed 640K, reserved 1048576K
Event: 30,477 GC heap after
Heap after GC invocations=27 (full 5):
 PSYoungGen      total 451072K, used 172569K [0x00000000d5580000, 0x0000000100000000, 0x0000000100000000)
  eden space 232960K, 0% used [0x00000000d5580000,0x00000000d5580000,0x00000000e3900000)
  from space 218112K, 79% used [0x00000000f2b00000,0x00000000fd386668,0x0000000100000000)
  to   space 232960K, 0% used [0x00000000e3900000,0x00000000e3900000,0x00000000f1c80000)
 ParOldGen       total 945152K, used 738954K [0x0000000080000000, 0x00000000b9b00000, 0x00000000d5580000)
  object space 945152K, 78% used [0x0000000080000000,0x00000000ad1a29d8,0x00000000b9b00000)
 Metaspace       used 6483K, capacity 7282K, committed 7552K, reserved 1056768K
  class space    used 608K, capacity 618K, committed 640K, reserved 1048576K
}
Event: 31,035 GC heap before
{Heap before GC invocations=28 (full 5):
 PSYoungGen      total 451072K, used 405529K [0x00000000d5580000, 0x0000000100000000, 0x0000000100000000)
  eden space 232960K, 100% used [0x00000000d5580000,0x00000000e3900000,0x00000000e3900000)
  from space 218112K, 79% used [0x00000000f2b00000,0x00000000fd386668,0x0000000100000000)
  to   space 232960K, 0% used [0x00000000e3900000,0x00000000e3900000,0x00000000f1c80000)
 ParOldGen       total 945152K, used 738954K [0x0000000080000000, 0x00000000b9b00000, 0x00000000d5580000)
  object space 945152K, 78% used [0x0000000080000000,0x00000000ad1a29d8,0x00000000b9b00000)
 Metaspace       used 6483K, capacity 7282K, committed 7552K, reserved 1056768K
  class space    used 608K, capacity 618K, committed 640K, reserved 1048576K
Event: 31,316 GC heap after
Heap after GC invocations=28 (full 5):
 PSYoungGen      total 465920K, used 120305K [0x00000000d5580000, 0x0000000100000000, 0x0000000100000000)
  eden space 232960K, 0% used [0x00000000d5580000,0x00000000d5580000,0x00000000e3900000)
  from space 232960K, 51% used [0x00000000e3900000,0x00000000eae7c740,0x00000000f1c80000)
  to   space 228352K, 0% used [0x00000000f2100000,0x00000000f2100000,0x0000000100000000)
 ParOldGen       total 945152K, used 828644K [0x0000000080000000, 0x00000000b9b00000, 0x00000000d5580000)
  object space 945152K, 87% used [0x0000000080000000,0x00000000b2939230,0x00000000b9b00000)
 Metaspace       used 6483K, capacity 7282K, committed 7552K, reserved 1056768K
  class space    used 608K, capacity 618K, committed 640K, reserved 1048576K
}
Event: 31,319 GC heap before
{Heap before GC invocations=29 (full 6):
 PSYoungGen      total 465920K, used 120305K [0x00000000d5580000, 0x0000000100000000, 0x0000000100000000)
  eden space 232960K, 0% used [0x00000000d5580000,0x00000000d5580000,0x00000000e3900000)
  from space 232960K, 51% used [0x00000000e3900000,0x00000000eae7c740,0x00000000f1c80000)
  to   space 228352K, 0% used [0x00000000f2100000,0x00000000f2100000,0x0000000100000000)
 ParOldGen       total 945152K, used 828644K [0x0000000080000000, 0x00000000b9b00000, 0x00000000d5580000)
  object space 945152K, 87% used [0x0000000080000000,0x00000000b2939230,0x00000000b9b00000)
 Metaspace       used 6483K, capacity 7282K, committed 7552K, reserved 1056768K
  class space    used 608K, capacity 618K, committed 640K, reserved 1048576K

