# JRE version: Java(TM) SE Runtime Environment (8.0_66-b17) (build 1.8.0_66-b17)
# Java VM: Java HotSpot(TM) 64-Bit Server VM (25.66-b17 mixed mode linux-amd64 compressed oops)
Heap:
 PSYoungGen      total 452608K, used 0K [0x00000000d5580000, 0x00000000ff300000, 0x0000000100000000)
  eden space 232960K, 0% used [0x00000000d5580000,0x00000000d5580000,0x00000000e3900000)
  from space 219648K, 0% used [0x00000000f1c80000,0x00000000f1c80000,0x00000000ff300000)
  to   space 226304K, 0% used [0x00000000e3900000,0x00000000e3900000,0x00000000f1600000)
 ParOldGen       total 952832K, used 860620K [0x0000000080000000, 0x00000000ba280000, 0x00000000d5580000)
  object space 952832K, 90% used [0x0000000080000000,0x00000000b4873010,0x00000000ba280000)
 Metaspace       used 6614K, capacity 7352K, committed 7552K, reserved 1056768K
  class space    used 617K, capacity 624K, committed 640K, reserved 1048576K
GC Heap History (10 events):
Event: 30,075 GC heap after
Heap after GC invocations=27 (full 5):
 PSYoungGen      total 470528K, used 132964K [0x00000000d5580000, 0x00000000ffd00000, 0x0000000100000000)
  eden space 260608K, 0% used [0x00000000d5580000,0x00000000d5580000,0x00000000e5400000)
  from space 209920K, 63% used [0x00000000f3000000,0x00000000fb1d90b0,0x00000000ffd00000)
  to   space 217600K, 0% used [0x00000000e5400000,0x00000000e5400000,0x00000000f2880000)
 ParOldGen       total 952832K, used 673501K [0x0000000080000000, 0x00000000ba280000, 0x00000000d5580000)
  object space 952832K, 70% used [0x0000000080000000,0x00000000a91b77c0,0x00000000ba280000)
 Metaspace       used 6471K, capacity 7282K, committed 7552K, reserved 1056768K
  class space    used 609K, capacity 618K, committed 640K, reserved 1048576K
}
Event: 30,645 GC heap before
{Heap before GC invocations=28 (full 5):
 PSYoungGen      total 470528K, used 393572K [0x00000000d5580000, 0x00000000ffd00000, 0x0000000100000000)
  eden space 260608K, 100% used [0x00000000d5580000,0x00000000e5400000,0x00000000e5400000)
  from space 209920K, 63% used [0x00000000f3000000,0x00000000fb1d90b0,0x00000000ffd00000)
  to   space 217600K, 0% used [0x00000000e5400000,0x00000000e5400000,0x00000000f2880000)
 ParOldGen       total 952832K, used 673501K [0x0000000080000000, 0x00000000ba280000, 0x00000000d5580000)
  object space 952832K, 70% used [0x0000000080000000,0x00000000a91b77c0,0x00000000ba280000)
 Metaspace       used 6524K, capacity 7286K, committed 7552K, reserved 1056768K
  class space    used 613K, capacity 622K, committed 640K, reserved 1048576K
Event: 30,846 GC heap after
Heap after GC invocations=28 (full 5):
 PSYoungGen      total 433664K, used 172836K [0x00000000d5580000, 0x0000000100000000, 0x0000000100000000)
  eden space 260608K, 0% used [0x00000000d5580000,0x00000000d5580000,0x00000000e5400000)
  from space 173056K, 99% used [0x00000000e5400000,0x00000000efcc93f8,0x00000000efd00000)
  to   space 232960K, 0% used [0x00000000f1c80000,0x00000000f1c80000,0x0000000100000000)
 ParOldGen       total 952832K, used 673501K [0x0000000080000000, 0x00000000ba280000, 0x00000000d5580000)
  object space 952832K, 70% used [0x0000000080000000,0x00000000a91b77c0,0x00000000ba280000)
 Metaspace       used 6524K, capacity 7286K, committed 7552K, reserved 1056768K
  class space    used 613K, capacity 622K, committed 640K, reserved 1048576K
}
Event: 31,744 GC heap before
{Heap before GC invocations=29 (full 5):
 PSYoungGen      total 433664K, used 433444K [0x00000000d5580000, 0x0000000100000000, 0x0000000100000000)
  eden space 260608K, 100% used [0x00000000d5580000,0x00000000e5400000,0x00000000e5400000)
  from space 173056K, 99% used [0x00000000e5400000,0x00000000efcc93f8,0x00000000efd00000)
  to   space 232960K, 0% used [0x00000000f1c80000,0x00000000f1c80000,0x0000000100000000)
 ParOldGen       total 952832K, used 673501K [0x0000000080000000, 0x00000000ba280000, 0x00000000d5580000)
  object space 952832K, 70% used [0x0000000080000000,0x00000000a91b77c0,0x00000000ba280000)
 Metaspace       used 6591K, capacity 7352K, committed 7552K, reserved 1056768K
  class space    used 616K, capacity 624K, committed 640K, reserved 1048576K
Event: 31,970 GC heap after
Heap after GC invocations=29 (full 5):
 PSYoungGen      total 465920K, used 159371K [0x00000000d5580000, 0x0000000100000000, 0x0000000100000000)
  eden space 232960K, 0% used [0x00000000d5580000,0x00000000d5580000,0x00000000e3900000)
  from space 232960K, 68% used [0x00000000f1c80000,0x00000000fb822d90,0x0000000100000000)
  to   space 232960K, 0% used [0x00000000e3900000,0x00000000e3900000,0x00000000f1c80000)
 ParOldGen       total 952832K, used 725115K [0x0000000080000000, 0x00000000ba280000, 0x00000000d5580000)
  object space 952832K, 76% used [0x0000000080000000,0x00000000ac41eeb8,0x00000000ba280000)
 Metaspace       used 6591K, capacity 7352K, committed 7552K, reserved 1056768K
  class space    used 616K, capacity 624K, committed 640K, reserved 1048576K
}
Event: 32,705 GC heap before
{Heap before GC invocations=30 (full 5):
 PSYoungGen      total 465920K, used 392331K [0x00000000d5580000, 0x0000000100000000, 0x0000000100000000)
  eden space 232960K, 100% used [0x00000000d5580000,0x00000000e3900000,0x00000000e3900000)
  from space 232960K, 68% used [0x00000000f1c80000,0x00000000fb822d90,0x0000000100000000)
  to   space 232960K, 0% used [0x00000000e3900000,0x00000000e3900000,0x00000000f1c80000)
 ParOldGen       total 952832K, used 725115K [0x0000000080000000, 0x00000000ba280000, 0x00000000d5580000)
  object space 952832K, 76% used [0x0000000080000000,0x00000000ac41eeb8,0x00000000ba280000)
 Metaspace       used 6591K, capacity 7352K, committed 7552K, reserved 1056768K
  class space    used 616K, capacity 624K, committed 640K, reserved 1048576K
Event: 32,959 GC heap after
Heap after GC invocations=30 (full 5):
 PSYoungGen      total 465920K, used 116717K [0x00000000d5580000, 0x0000000100000000, 0x0000000100000000)
  eden space 232960K, 0% used [0x00000000d5580000,0x00000000d5580000,0x00000000e3900000)
  from space 232960K, 50% used [0x00000000e3900000,0x00000000eaafb648,0x00000000f1c80000)
  to   space 232960K, 0% used [0x00000000f1c80000,0x00000000f1c80000,0x0000000100000000)
 ParOldGen       total 952832K, used 804458K [0x0000000080000000, 0x00000000ba280000, 0x00000000d5580000)
  object space 952832K, 84% used [0x0000000080000000,0x00000000b119a8d0,0x00000000ba280000)
 Metaspace       used 6591K, capacity 7352K, committed 7552K, reserved 1056768K
  class space    used 616K, capacity 624K, committed 640K, reserved 1048576K
}
Event: 33,602 GC heap before
{Heap before GC invocations=31 (full 5):
 PSYoungGen      total 465920K, used 349677K [0x00000000d5580000, 0x0000000100000000, 0x0000000100000000)
  eden space 232960K, 100% used [0x00000000d5580000,0x00000000e3900000,0x00000000e3900000)
  from space 232960K, 50% used [0x00000000e3900000,0x00000000eaafb648,0x00000000f1c80000)
  to   space 232960K, 0% used [0x00000000f1c80000,0x00000000f1c80000,0x0000000100000000)
 ParOldGen       total 952832K, used 804458K [0x0000000080000000, 0x00000000ba280000, 0x00000000d5580000)
  object space 952832K, 84% used [0x0000000080000000,0x00000000b119a8d0,0x00000000ba280000)
 Metaspace       used 6614K, capacity 7352K, committed 7552K, reserved 1056768K
  class space    used 617K, capacity 624K, committed 640K, reserved 1048576K
Event: 33,849 GC heap after
Heap after GC invocations=31 (full 5):
 PSYoungGen      total 452608K, used 77333K [0x00000000d5580000, 0x00000000ff300000, 0x0000000100000000)
  eden space 232960K, 0% used [0x00000000d5580000,0x00000000d5580000,0x00000000e3900000)
  from space 219648K, 35% used [0x00000000f1c80000,0x00000000f6805700,0x00000000ff300000)
  to   space 226304K, 0% used [0x00000000e3900000,0x00000000e3900000,0x00000000f1600000)
 ParOldGen       total 952832K, used 883600K [0x0000000080000000, 0x00000000ba280000, 0x00000000d5580000)
  object space 952832K, 92% used [0x0000000080000000,0x00000000b5ee4380,0x00000000ba280000)
 Metaspace       used 6614K, capacity 7352K, committed 7552K, reserved 1056768K
  class space    used 617K, capacity 624K, committed 640K, reserved 1048576K
}
Event: 33,849 GC heap before
{Heap before GC invocations=32 (full 6):
 PSYoungGen      total 452608K, used 77333K [0x00000000d5580000, 0x00000000ff300000, 0x0000000100000000)
  eden space 232960K, 0% used [0x00000000d5580000,0x00000000d5580000,0x00000000e3900000)
  from space 219648K, 35% used [0x00000000f1c80000,0x00000000f6805700,0x00000000ff300000)
  to   space 226304K, 0% used [0x00000000e3900000,0x00000000e3900000,0x00000000f1600000)
 ParOldGen       total 952832K, used 883600K [0x0000000080000000, 0x00000000ba280000, 0x00000000d5580000)
  object space 952832K, 92% used [0x0000000080000000,0x00000000b5ee4380,0x00000000ba280000)
 Metaspace       used 6614K, capacity 7352K, committed 7552K, reserved 1056768K
  class space    used 617K, capacity 624K, committed 640K, reserved 1048576K

