# JRE version: Java(TM) SE Runtime Environment (8.0_66-b17) (build 1.8.0_66-b17)
# Java VM: Java HotSpot(TM) 64-Bit Server VM (25.66-b17 mixed mode linux-amd64 compressed oops)
Heap:
 PSYoungGen      total 576512K, used 23637K [0x00000000d5580000, 0x0000000100000000, 0x0000000100000000)
  eden space 454144K, 0% used [0x00000000d5580000,0x00000000d5580000,0x00000000f1100000)
  from space 122368K, 19% used [0x00000000f1100000,0x00000000f2815698,0x00000000f8880000)
  to   space 122368K, 0% used [0x00000000f8880000,0x00000000f8880000,0x0000000100000000)
 ParOldGen       total 659456K, used 659395K [0x0000000080000000, 0x00000000a8400000, 0x00000000d5580000)
  object space 659456K, 99% used [0x0000000080000000,0x00000000a83f0fc0,0x00000000a8400000)
 Metaspace       used 6457K, capacity 7282K, committed 7552K, reserved 1056768K
  class space    used 608K, capacity 618K, committed 640K, reserved 1048576K
GC Heap History (10 events):
Event: 12,761 GC heap after
Heap after GC invocations=17 (full 3):
 PSYoungGen      total 543744K, used 102880K [0x00000000d5580000, 0x00000000ff200000, 0x0000000100000000)
  eden space 440832K, 0% used [0x00000000d5580000,0x00000000d5580000,0x00000000f0400000)
  from space 102912K, 99% used [0x00000000f7900000,0x00000000fdd78090,0x00000000fdd80000)
  to   space 119808K, 0% used [0x00000000f0400000,0x00000000f0400000,0x00000000f7900000)
 ParOldGen       total 437760K, used 278467K [0x0000000080000000, 0x000000009ab80000, 0x00000000d5580000)
  object space 437760K, 63% used [0x0000000080000000,0x0000000090ff0c50,0x000000009ab80000)
 Metaspace       used 6443K, capacity 7282K, committed 7552K, reserved 1056768K
  class space    used 607K, capacity 618K, committed 640K, reserved 1048576K
}
Event: 14,081 GC heap before
{Heap before GC invocations=18 (full 3):
 PSYoungGen      total 543744K, used 543712K [0x00000000d5580000, 0x00000000ff200000, 0x0000000100000000)
  eden space 440832K, 100% used [0x00000000d5580000,0x00000000f0400000,0x00000000f0400000)
  from space 102912K, 99% used [0x00000000f7900000,0x00000000fdd78090,0x00000000fdd80000)
  to   space 119808K, 0% used [0x00000000f0400000,0x00000000f0400000,0x00000000f7900000)
 ParOldGen       total 437760K, used 278467K [0x0000000080000000, 0x000000009ab80000, 0x00000000d5580000)
  object space 437760K, 63% used [0x0000000080000000,0x0000000090ff0c50,0x000000009ab80000)
 Metaspace       used 6444K, capacity 7282K, committed 7552K, reserved 1056768K
  class space    used 607K, capacity 618K, committed 640K, reserved 1048576K
Event: 14,352 GC heap after
Heap after GC invocations=18 (full 3):
 PSYoungGen      total 560640K, used 71776K [0x00000000d5580000, 0x0000000100000000, 0x0000000100000000)
  eden space 440832K, 0% used [0x00000000d5580000,0x00000000d5580000,0x00000000f0400000)
  from space 119808K, 59% used [0x00000000f0400000,0x00000000f4a180d8,0x00000000f7900000)
  to   space 121344K, 0% used [0x00000000f8980000,0x00000000f8980000,0x0000000100000000)
 ParOldGen       total 437760K, used 379174K [0x0000000080000000, 0x000000009ab80000, 0x00000000d5580000)
  object space 437760K, 86% used [0x0000000080000000,0x0000000097249b50,0x000000009ab80000)
 Metaspace       used 6444K, capacity 7282K, committed 7552K, reserved 1056768K
  class space    used 607K, capacity 618K, committed 640K, reserved 1048576K
}
Event: 14,352 GC heap before
{Heap before GC invocations=19 (full 4):
 PSYoungGen      total 560640K, used 71776K [0x00000000d5580000, 0x0000000100000000, 0x0000000100000000)
  eden space 440832K, 0% used [0x00000000d5580000,0x00000000d5580000,0x00000000f0400000)
  from space 119808K, 59% used [0x00000000f0400000,0x00000000f4a180d8,0x00000000f7900000)
  to   space 121344K, 0% used [0x00000000f8980000,0x00000000f8980000,0x0000000100000000)
 ParOldGen       total 437760K, used 379174K [0x0000000080000000, 0x000000009ab80000, 0x00000000d5580000)
  object space 437760K, 86% used [0x0000000080000000,0x0000000097249b50,0x000000009ab80000)
 Metaspace       used 6444K, capacity 7282K, committed 7552K, reserved 1056768K
  class space    used 607K, capacity 618K, committed 640K, reserved 1048576K
Event: 16,491 GC heap after
Heap after GC invocations=19 (full 4):
 PSYoungGen      total 560640K, used 11587K [0x00000000d5580000, 0x0000000100000000, 0x0000000100000000)
  eden space 440832K, 0% used [0x00000000d5580000,0x00000000d5580000,0x00000000f0400000)
  from space 119808K, 9% used [0x00000000f0400000,0x00000000f0f50f50,0x00000000f7900000)
  to   space 121344K, 0% used [0x00000000f8980000,0x00000000f8980000,0x0000000100000000)
 ParOldGen       total 659456K, used 437399K [0x0000000080000000, 0x00000000a8400000, 0x00000000d5580000)
  object space 659456K, 66% used [0x0000000080000000,0x000000009ab25ea8,0x00000000a8400000)
 Metaspace       used 6444K, capacity 7282K, committed 7552K, reserved 1056768K
  class space    used 607K, capacity 618K, committed 640K, reserved 1048576K
}
Event: 17,614 GC heap before
{Heap before GC invocations=20 (full 4):
 PSYoungGen      total 560640K, used 452419K [0x00000000d5580000, 0x0000000100000000, 0x0000000100000000)
  eden space 440832K, 100% used [0x00000000d5580000,0x00000000f0400000,0x00000000f0400000)
  from space 119808K, 9% used [0x00000000f0400000,0x00000000f0f50f50,0x00000000f7900000)
  to   space 121344K, 0% used [0x00000000f8980000,0x00000000f8980000,0x0000000100000000)
 ParOldGen       total 659456K, used 437399K [0x0000000080000000, 0x00000000a8400000, 0x00000000d5580000)
  object space 659456K, 66% used [0x0000000080000000,0x000000009ab25ea8,0x00000000a8400000)
 Metaspace       used 6448K, capacity 7282K, committed 7552K, reserved 1056768K
  class space    used 607K, capacity 618K, committed 640K, reserved 1048576K
Event: 17,811 GC heap after
Heap after GC invocations=20 (full 4):
 PSYoungGen      total 575488K, used 72520K [0x00000000d5580000, 0x0000000100000000, 0x0000000100000000)
  eden space 454144K, 0% used [0x00000000d5580000,0x00000000d5580000,0x00000000f1100000)
  from space 121344K, 59% used [0x00000000f8980000,0x00000000fd0522e0,0x0000000100000000)
  to   space 122368K, 0% used [0x00000000f1100000,0x00000000f1100000,0x00000000f8880000)
 ParOldGen       total 659456K, used 437407K [0x0000000080000000, 0x00000000a8400000, 0x00000000d5580000)
  object space 659456K, 66% used [0x0000000080000000,0x000000009ab27ea8,0x00000000a8400000)
 Metaspace       used 6448K, capacity 7282K, committed 7552K, reserved 1056768K
  class space    used 607K, capacity 618K, committed 640K, reserved 1048576K
}
Event: 20,583 GC heap before
{Heap before GC invocations=21 (full 4):
 PSYoungGen      total 575488K, used 526664K [0x00000000d5580000, 0x0000000100000000, 0x0000000100000000)
  eden space 454144K, 100% used [0x00000000d5580000,0x00000000f1100000,0x00000000f1100000)
  from space 121344K, 59% used [0x00000000f8980000,0x00000000fd0522e0,0x0000000100000000)
  to   space 122368K, 0% used [0x00000000f1100000,0x00000000f1100000,0x00000000f8880000)
 ParOldGen       total 659456K, used 437407K [0x0000000080000000, 0x00000000a8400000, 0x00000000d5580000)
  object space 659456K, 66% used [0x0000000080000000,0x000000009ab27ea8,0x00000000a8400000)
 Metaspace       used 6457K, capacity 7282K, committed 7552K, reserved 1056768K
  class space    used 608K, capacity 618K, committed 640K, reserved 1048576K
Event: 20,799 GC heap after
Heap after GC invocations=21 (full 4):
 PSYoungGen      total 576512K, used 122359K [0x00000000d5580000, 0x0000000100000000, 0x0000000100000000)
  eden space 454144K, 0% used [0x00000000d5580000,0x00000000d5580000,0x00000000f1100000)
  from space 122368K, 99% used [0x00000000f1100000,0x00000000f887de88,0x00000000f8880000)
  to   space 122368K, 0% used [0x00000000f8880000,0x00000000f8880000,0x0000000100000000)
 ParOldGen       total 659456K, used 564299K [0x0000000080000000, 0x00000000a8400000, 0x00000000d5580000)
  object space 659456K, 85% used [0x0000000080000000,0x00000000a2712ee0,0x00000000a8400000)
 Metaspace       used 6457K, capacity 7282K, committed 7552K, reserved 1056768K
  class space    used 608K, capacity 618K, committed 640K, reserved 1048576K
}
Event: 20,799 GC heap before
{Heap before GC invocations=22 (full 5):
 PSYoungGen      total 576512K, used 122359K [0x00000000d5580000, 0x0000000100000000, 0x0000000100000000)
  eden space 454144K, 0% used [0x00000000d5580000,0x00000000d5580000,0x00000000f1100000)
  from space 122368K, 99% used [0x00000000f1100000,0x00000000f887de88,0x00000000f8880000)
  to   space 122368K, 0% used [0x00000000f8880000,0x00000000f8880000,0x0000000100000000)
 ParOldGen       total 659456K, used 564299K [0x0000000080000000, 0x00000000a8400000, 0x00000000d5580000)
  object space 659456K, 85% used [0x0000000080000000,0x00000000a2712ee0,0x00000000a8400000)
 Metaspace       used 6457K, capacity 7282K, committed 7552K, reserved 1056768K
  class space    used 608K, capacity 618K, committed 640K, reserved 1048576K

