# JRE version: Java(TM) SE Runtime Environment (8.0_66-b17) (build 1.8.0_66-b17)
# Java VM: Java HotSpot(TM) 64-Bit Server VM (25.66-b17 mixed mode linux-amd64 compressed oops)
Heap:
 PSYoungGen      total 465920K, used 0K [0x00000000d5580000, 0x0000000100000000, 0x0000000100000000)
  eden space 232960K, 0% used [0x00000000d5580000,0x00000000d5580000,0x00000000e3900000)
  from space 232960K, 0% used [0x00000000e3900000,0x00000000e3900000,0x00000000f1c80000)
  to   space 232960K, 0% used [0x00000000f1c80000,0x00000000f1c80000,0x0000000100000000)
 ParOldGen       total 1012224K, used 902768K [0x0000000080000000, 0x00000000bdc80000, 0x00000000d5580000)
  object space 1012224K, 89% used [0x0000000080000000,0x00000000b719c028,0x00000000bdc80000)
 Metaspace       used 6792K, capacity 7608K, committed 7936K, reserved 1056768K
  class space    used 630K, capacity 688K, committed 768K, reserved 1048576K
GC Heap History (10 events):
Event: 36,627 GC heap after
Heap after GC invocations=31 (full 6):
 PSYoungGen      total 458240K, used 169721K [0x00000000d5580000, 0x0000000100000000, 0x0000000100000000)
  eden space 243712K, 0% used [0x00000000d5580000,0x00000000d5580000,0x00000000e4380000)
  from space 214528K, 79% used [0x00000000e4380000,0x00000000ee93e7f8,0x00000000f1500000)
  to   space 231424K, 0% used [0x00000000f1e00000,0x00000000f1e00000,0x0000000100000000)
 ParOldGen       total 1012224K, used 686885K [0x0000000080000000, 0x00000000bdc80000, 0x00000000d5580000)
  object space 1012224K, 67% used [0x0000000080000000,0x00000000a9ec9698,0x00000000bdc80000)
 Metaspace       used 6553K, capacity 7350K, committed 7552K, reserved 1056768K
  class space    used 613K, capacity 622K, committed 640K, reserved 1048576K
}
Event: 37,289 GC heap before
{Heap before GC invocations=32 (full 6):
 PSYoungGen      total 458240K, used 413433K [0x00000000d5580000, 0x0000000100000000, 0x0000000100000000)
  eden space 243712K, 100% used [0x00000000d5580000,0x00000000e4380000,0x00000000e4380000)
  from space 214528K, 79% used [0x00000000e4380000,0x00000000ee93e7f8,0x00000000f1500000)
  to   space 231424K, 0% used [0x00000000f1e00000,0x00000000f1e00000,0x0000000100000000)
 ParOldGen       total 1012224K, used 686885K [0x0000000080000000, 0x00000000bdc80000, 0x00000000d5580000)
  object space 1012224K, 67% used [0x0000000080000000,0x00000000a9ec9698,0x00000000bdc80000)
 Metaspace       used 6595K, capacity 7352K, committed 7552K, reserved 1056768K
  class space    used 616K, capacity 624K, committed 640K, reserved 1048576K
Event: 37,494 GC heap after
Heap after GC invocations=32 (full 6):
 PSYoungGen      total 464384K, used 205628K [0x00000000d5580000, 0x0000000100000000, 0x0000000100000000)
  eden space 232960K, 0% used [0x00000000d5580000,0x00000000d5580000,0x00000000e3900000)
  from space 231424K, 88% used [0x00000000f1e00000,0x00000000fe6cf0d8,0x0000000100000000)
  to   space 232960K, 0% used [0x00000000e3900000,0x00000000e3900000,0x00000000f1c80000)
 ParOldGen       total 1012224K, used 686885K [0x0000000080000000, 0x00000000bdc80000, 0x00000000d5580000)
  object space 1012224K, 67% used [0x0000000080000000,0x00000000a9ec9698,0x00000000bdc80000)
 Metaspace       used 6595K, capacity 7352K, committed 7552K, reserved 1056768K
  class space    used 616K, capacity 624K, committed 640K, reserved 1048576K
}
Event: 38,185 GC heap before
{Heap before GC invocations=33 (full 6):
 PSYoungGen      total 464384K, used 438588K [0x00000000d5580000, 0x0000000100000000, 0x0000000100000000)
  eden space 232960K, 100% used [0x00000000d5580000,0x00000000e3900000,0x00000000e3900000)
  from space 231424K, 88% used [0x00000000f1e00000,0x00000000fe6cf0d8,0x0000000100000000)
  to   space 232960K, 0% used [0x00000000e3900000,0x00000000e3900000,0x00000000f1c80000)
 ParOldGen       total 1012224K, used 686885K [0x0000000080000000, 0x00000000bdc80000, 0x00000000d5580000)
  object space 1012224K, 67% used [0x0000000080000000,0x00000000a9ec9698,0x00000000bdc80000)
 Metaspace       used 6596K, capacity 7352K, committed 7552K, reserved 1056768K
  class space    used 616K, capacity 624K, committed 640K, reserved 1048576K
Event: 38,427 GC heap after
Heap after GC invocations=33 (full 6):
 PSYoungGen      total 465920K, used 189161K [0x00000000d5580000, 0x0000000100000000, 0x0000000100000000)
  eden space 232960K, 0% used [0x00000000d5580000,0x00000000d5580000,0x00000000e3900000)
  from space 232960K, 81% used [0x00000000e3900000,0x00000000ef1ba700,0x00000000f1c80000)
  to   space 232960K, 0% used [0x00000000f1c80000,0x00000000f1c80000,0x0000000100000000)
 ParOldGen       total 1012224K, used 739645K [0x0000000080000000, 0x00000000bdc80000, 0x00000000d5580000)
  object space 1012224K, 73% used [0x0000000080000000,0x00000000ad24f440,0x00000000bdc80000)
 Metaspace       used 6596K, capacity 7352K, committed 7552K, reserved 1056768K
  class space    used 616K, capacity 624K, committed 640K, reserved 1048576K
}
Event: 39,121 GC heap before
{Heap before GC invocations=34 (full 6):
 PSYoungGen      total 465920K, used 422121K [0x00000000d5580000, 0x0000000100000000, 0x0000000100000000)
  eden space 232960K, 100% used [0x00000000d5580000,0x00000000e3900000,0x00000000e3900000)
  from space 232960K, 81% used [0x00000000e3900000,0x00000000ef1ba700,0x00000000f1c80000)
  to   space 232960K, 0% used [0x00000000f1c80000,0x00000000f1c80000,0x0000000100000000)
 ParOldGen       total 1012224K, used 739645K [0x0000000080000000, 0x00000000bdc80000, 0x00000000d5580000)
  object space 1012224K, 73% used [0x0000000080000000,0x00000000ad24f440,0x00000000bdc80000)
 Metaspace       used 6616K, capacity 7352K, committed 7552K, reserved 1056768K
  class space    used 617K, capacity 624K, committed 640K, reserved 1048576K
Event: 39,537 GC heap after
Heap after GC invocations=34 (full 6):
 PSYoungGen      total 465920K, used 151414K [0x00000000d5580000, 0x0000000100000000, 0x0000000100000000)
  eden space 232960K, 0% used [0x00000000d5580000,0x00000000d5580000,0x00000000e3900000)
  from space 232960K, 64% used [0x00000000f1c80000,0x00000000fb05d9f8,0x0000000100000000)
  to   space 232960K, 0% used [0x00000000e3900000,0x00000000e3900000,0x00000000f1c80000)
 ParOldGen       total 1012224K, used 815831K [0x0000000080000000, 0x00000000bdc80000, 0x00000000d5580000)
  object space 1012224K, 80% used [0x0000000080000000,0x00000000b1cb5ea0,0x00000000bdc80000)
 Metaspace       used 6616K, capacity 7352K, committed 7552K, reserved 1056768K
  class space    used 617K, capacity 624K, committed 640K, reserved 1048576K
}
Event: 40,337 GC heap before
{Heap before GC invocations=35 (full 6):
 PSYoungGen      total 465920K, used 384374K [0x00000000d5580000, 0x0000000100000000, 0x0000000100000000)
  eden space 232960K, 100% used [0x00000000d5580000,0x00000000e3900000,0x00000000e3900000)
  from space 232960K, 64% used [0x00000000f1c80000,0x00000000fb05d9f8,0x0000000100000000)
  to   space 232960K, 0% used [0x00000000e3900000,0x00000000e3900000,0x00000000f1c80000)
 ParOldGen       total 1012224K, used 815831K [0x0000000080000000, 0x00000000bdc80000, 0x00000000d5580000)
  object space 1012224K, 80% used [0x0000000080000000,0x00000000b1cb5ea0,0x00000000bdc80000)
 Metaspace       used 6792K, capacity 7608K, committed 7936K, reserved 1056768K
  class space    used 630K, capacity 688K, committed 768K, reserved 1048576K
Event: 40,761 GC heap after
Heap after GC invocations=35 (full 6):
 PSYoungGen      total 465920K, used 114824K [0x00000000d5580000, 0x0000000100000000, 0x0000000100000000)
  eden space 232960K, 0% used [0x00000000d5580000,0x00000000d5580000,0x00000000e3900000)
  from space 232960K, 49% used [0x00000000e3900000,0x00000000ea922338,0x00000000f1c80000)
  to   space 232960K, 0% used [0x00000000f1c80000,0x00000000f1c80000,0x0000000100000000)
 ParOldGen       total 1012224K, used 890931K [0x0000000080000000, 0x00000000bdc80000, 0x00000000d5580000)
  object space 1012224K, 88% used [0x0000000080000000,0x00000000b660cc58,0x00000000bdc80000)
 Metaspace       used 6792K, capacity 7608K, committed 7936K, reserved 1056768K
  class space    used 630K, capacity 688K, committed 768K, reserved 1048576K
}
Event: 40,761 GC heap before
{Heap before GC invocations=36 (full 7):
 PSYoungGen      total 465920K, used 114824K [0x00000000d5580000, 0x0000000100000000, 0x0000000100000000)
  eden space 232960K, 0% used [0x00000000d5580000,0x00000000d5580000,0x00000000e3900000)
  from space 232960K, 49% used [0x00000000e3900000,0x00000000ea922338,0x00000000f1c80000)
  to   space 232960K, 0% used [0x00000000f1c80000,0x00000000f1c80000,0x0000000100000000)
 ParOldGen       total 1012224K, used 890931K [0x0000000080000000, 0x00000000bdc80000, 0x00000000d5580000)
  object space 1012224K, 88% used [0x0000000080000000,0x00000000b660cc58,0x00000000bdc80000)
 Metaspace       used 6792K, capacity 7608K, committed 7936K, reserved 1056768K
  class space    used 630K, capacity 688K, committed 768K, reserved 1048576K

