# JRE version: Java(TM) SE Runtime Environment (8.0_66-b17) (build 1.8.0_66-b17)
# Java VM: Java HotSpot(TM) 64-Bit Server VM (25.66-b17 mixed mode linux-amd64 compressed oops)
Heap:
 PSYoungGen      total 465920K, used 18157K [0x00000000d5580000, 0x0000000100000000, 0x0000000100000000)
  eden space 232960K, 0% used [0x00000000d5580000,0x00000000d5580000,0x00000000e3900000)
  from space 232960K, 7% used [0x00000000e3900000,0x00000000e4abb518,0x00000000f1c80000)
  to   space 232960K, 0% used [0x00000000f1c80000,0x00000000f1c80000,0x0000000100000000)
 ParOldGen       total 870400K, used 870153K [0x0000000080000000, 0x00000000b5200000, 0x00000000d5580000)
  object space 870400K, 99% used [0x0000000080000000,0x00000000b51c26f0,0x00000000b5200000)
 Metaspace       used 6827K, capacity 7608K, committed 7936K, reserved 1056768K
  class space    used 630K, capacity 688K, committed 768K, reserved 1048576K
GC Heap History (10 events):
Event: 32,326 GC heap after
Heap after GC invocations=30 (full 5):
 PSYoungGen      total 452608K, used 112080K [0x00000000d5580000, 0x00000000ffa00000, 0x0000000100000000)
  eden space 232960K, 0% used [0x00000000d5580000,0x00000000d5580000,0x00000000e3900000)
  from space 219648K, 51% used [0x00000000e3900000,0x00000000ea674338,0x00000000f0f80000)
  to   space 216576K, 0% used [0x00000000f2680000,0x00000000f2680000,0x00000000ffa00000)
 ParOldGen       total 870400K, used 650747K [0x0000000080000000, 0x00000000b5200000, 0x00000000d5580000)
  object space 870400K, 74% used [0x0000000080000000,0x00000000a7b7ec88,0x00000000b5200000)
 Metaspace       used 6538K, capacity 7286K, committed 7552K, reserved 1056768K
  class space    used 613K, capacity 622K, committed 640K, reserved 1048576K
}
Event: 32,979 GC heap before
{Heap before GC invocations=31 (full 5):
 PSYoungGen      total 452608K, used 345040K [0x00000000d5580000, 0x00000000ffa00000, 0x0000000100000000)
  eden space 232960K, 100% used [0x00000000d5580000,0x00000000e3900000,0x00000000e3900000)
  from space 219648K, 51% used [0x00000000e3900000,0x00000000ea674338,0x00000000f0f80000)
  to   space 216576K, 0% used [0x00000000f2680000,0x00000000f2680000,0x00000000ffa00000)
 ParOldGen       total 870400K, used 650747K [0x0000000080000000, 0x00000000b5200000, 0x00000000d5580000)
  object space 870400K, 74% used [0x0000000080000000,0x00000000a7b7ec88,0x00000000b5200000)
 Metaspace       used 6591K, capacity 7352K, committed 7552K, reserved 1056768K
  class space    used 616K, capacity 624K, committed 640K, reserved 1048576K
Event: 33,187 GC heap after
Heap after GC invocations=31 (full 5):
 PSYoungGen      total 464896K, used 145848K [0x00000000d5580000, 0x0000000100000000, 0x0000000100000000)
  eden space 248320K, 0% used [0x00000000d5580000,0x00000000d5580000,0x00000000e4800000)
  from space 216576K, 67% used [0x00000000f2680000,0x00000000fb4ee3b8,0x00000000ffa00000)
  to   space 225280K, 0% used [0x00000000e4800000,0x00000000e4800000,0x00000000f2400000)
 ParOldGen       total 870400K, used 650747K [0x0000000080000000, 0x00000000b5200000, 0x00000000d5580000)
  object space 870400K, 74% used [0x0000000080000000,0x00000000a7b7ec88,0x00000000b5200000)
 Metaspace       used 6591K, capacity 7352K, committed 7552K, reserved 1056768K
  class space    used 616K, capacity 624K, committed 640K, reserved 1048576K
}
Event: 33,955 GC heap before
{Heap before GC invocations=32 (full 5):
 PSYoungGen      total 464896K, used 394168K [0x00000000d5580000, 0x0000000100000000, 0x0000000100000000)
  eden space 248320K, 100% used [0x00000000d5580000,0x00000000e4800000,0x00000000e4800000)
  from space 216576K, 67% used [0x00000000f2680000,0x00000000fb4ee3b8,0x00000000ffa00000)
  to   space 225280K, 0% used [0x00000000e4800000,0x00000000e4800000,0x00000000f2400000)
 ParOldGen       total 870400K, used 650747K [0x0000000080000000, 0x00000000b5200000, 0x00000000d5580000)
  object space 870400K, 74% used [0x0000000080000000,0x00000000a7b7ec88,0x00000000b5200000)
 Metaspace       used 6592K, capacity 7352K, committed 7552K, reserved 1056768K
  class space    used 616K, capacity 624K, committed 640K, reserved 1048576K
Event: 34,146 GC heap after
Heap after GC invocations=32 (full 5):
 PSYoungGen      total 433152K, used 184543K [0x00000000d5580000, 0x0000000100000000, 0x0000000100000000)
  eden space 248320K, 0% used [0x00000000d5580000,0x00000000d5580000,0x00000000e4800000)
  from space 184832K, 99% used [0x00000000e4800000,0x00000000efc37e78,0x00000000efc80000)
  to   space 232960K, 0% used [0x00000000f1c80000,0x00000000f1c80000,0x0000000100000000)
 ParOldGen       total 870400K, used 650747K [0x0000000080000000, 0x00000000b5200000, 0x00000000d5580000)
  object space 870400K, 74% used [0x0000000080000000,0x00000000a7b7ec88,0x00000000b5200000)
 Metaspace       used 6592K, capacity 7352K, committed 7552K, reserved 1056768K
  class space    used 616K, capacity 624K, committed 640K, reserved 1048576K
}
Event: 34,817 GC heap before
{Heap before GC invocations=33 (full 5):
 PSYoungGen      total 433152K, used 432863K [0x00000000d5580000, 0x0000000100000000, 0x0000000100000000)
  eden space 248320K, 100% used [0x00000000d5580000,0x00000000e4800000,0x00000000e4800000)
  from space 184832K, 99% used [0x00000000e4800000,0x00000000efc37e78,0x00000000efc80000)
  to   space 232960K, 0% used [0x00000000f1c80000,0x00000000f1c80000,0x0000000100000000)
 ParOldGen       total 870400K, used 650747K [0x0000000080000000, 0x00000000b5200000, 0x00000000d5580000)
  object space 870400K, 74% used [0x0000000080000000,0x00000000a7b7ec88,0x00000000b5200000)
 Metaspace       used 6611K, capacity 7352K, committed 7552K, reserved 1056768K
  class space    used 617K, capacity 624K, committed 640K, reserved 1048576K
Event: 35,084 GC heap after
Heap after GC invocations=33 (full 5):
 PSYoungGen      total 465920K, used 150801K [0x00000000d5580000, 0x0000000100000000, 0x0000000100000000)
  eden space 232960K, 0% used [0x00000000d5580000,0x00000000d5580000,0x00000000e3900000)
  from space 232960K, 64% used [0x00000000f1c80000,0x00000000fafc4620,0x0000000100000000)
  to   space 232960K, 0% used [0x00000000e3900000,0x00000000e3900000,0x00000000f1c80000)
 ParOldGen       total 870400K, used 724335K [0x0000000080000000, 0x00000000b5200000, 0x00000000d5580000)
  object space 870400K, 83% used [0x0000000080000000,0x00000000ac35be88,0x00000000b5200000)
 Metaspace       used 6611K, capacity 7352K, committed 7552K, reserved 1056768K
  class space    used 617K, capacity 624K, committed 640K, reserved 1048576K
}
Event: 35,690 GC heap before
{Heap before GC invocations=34 (full 5):
 PSYoungGen      total 465920K, used 383761K [0x00000000d5580000, 0x0000000100000000, 0x0000000100000000)
  eden space 232960K, 100% used [0x00000000d5580000,0x00000000e3900000,0x00000000e3900000)
  from space 232960K, 64% used [0x00000000f1c80000,0x00000000fafc4620,0x0000000100000000)
  to   space 232960K, 0% used [0x00000000e3900000,0x00000000e3900000,0x00000000f1c80000)
 ParOldGen       total 870400K, used 724335K [0x0000000080000000, 0x00000000b5200000, 0x00000000d5580000)
  object space 870400K, 83% used [0x0000000080000000,0x00000000ac35be88,0x00000000b5200000)
 Metaspace       used 6827K, capacity 7608K, committed 7936K, reserved 1056768K
  class space    used 630K, capacity 688K, committed 768K, reserved 1048576K
Event: 35,913 GC heap after
Heap after GC invocations=34 (full 5):
 PSYoungGen      total 465920K, used 119226K [0x00000000d5580000, 0x0000000100000000, 0x0000000100000000)
  eden space 232960K, 0% used [0x00000000d5580000,0x00000000d5580000,0x00000000e3900000)
  from space 232960K, 51% used [0x00000000e3900000,0x00000000ead6e810,0x00000000f1c80000)
  to   space 232960K, 0% used [0x00000000f1c80000,0x00000000f1c80000,0x0000000100000000)
 ParOldGen       total 870400K, used 795109K [0x0000000080000000, 0x00000000b5200000, 0x00000000d5580000)
  object space 870400K, 91% used [0x0000000080000000,0x00000000b0879648,0x00000000b5200000)
 Metaspace       used 6827K, capacity 7608K, committed 7936K, reserved 1056768K
  class space    used 630K, capacity 688K, committed 768K, reserved 1048576K
}
Event: 35,914 GC heap before
{Heap before GC invocations=35 (full 6):
 PSYoungGen      total 465920K, used 119226K [0x00000000d5580000, 0x0000000100000000, 0x0000000100000000)
  eden space 232960K, 0% used [0x00000000d5580000,0x00000000d5580000,0x00000000e3900000)
  from space 232960K, 51% used [0x00000000e3900000,0x00000000ead6e810,0x00000000f1c80000)
  to   space 232960K, 0% used [0x00000000f1c80000,0x00000000f1c80000,0x0000000100000000)
 ParOldGen       total 870400K, used 795109K [0x0000000080000000, 0x00000000b5200000, 0x00000000d5580000)
  object space 870400K, 91% used [0x0000000080000000,0x00000000b0879648,0x00000000b5200000)
 Metaspace       used 6827K, capacity 7608K, committed 7936K, reserved 1056768K
  class space    used 630K, capacity 688K, committed 768K, reserved 1048576K

