# JRE version: Java(TM) SE Runtime Environment (8.0_66-b17) (build 1.8.0_66-b17)
# Java VM: Java HotSpot(TM) 64-Bit Server VM (25.66-b17 mixed mode linux-amd64 compressed oops)
Heap:
 PSYoungGen      total 465920K, used 34046K [0x00000000d5580000, 0x0000000100000000, 0x0000000100000000)
  eden space 232960K, 0% used [0x00000000d5580000,0x00000000d5580000,0x00000000e3900000)
  from space 232960K, 14% used [0x00000000f1c80000,0x00000000f3dbf9d0,0x0000000100000000)
  to   space 232960K, 0% used [0x00000000e3900000,0x00000000e3900000,0x00000000f1c80000)
 ParOldGen       total 797696K, used 797655K [0x0000000080000000, 0x00000000b0b00000, 0x00000000d5580000)
  object space 797696K, 99% used [0x0000000080000000,0x00000000b0af5f28,0x00000000b0b00000)
 Metaspace       used 6603K, capacity 7352K, committed 7552K, reserved 1056768K
  class space    used 616K, capacity 624K, committed 640K, reserved 1048576K
GC Heap History (10 events):
Event: 34,895 GC heap after
Heap after GC invocations=26 (full 5):
 PSYoungGen      total 487936K, used 136664K [0x00000000d5580000, 0x0000000100000000, 0x0000000100000000)
  eden space 295424K, 0% used [0x00000000d5580000,0x00000000d5580000,0x00000000e7600000)
  from space 192512K, 70% used [0x00000000f4400000,0x00000000fc9761a8,0x0000000100000000)
  to   space 201728K, 0% used [0x00000000e7600000,0x00000000e7600000,0x00000000f3b00000)
 ParOldGen       total 797696K, used 649538K [0x0000000080000000, 0x00000000b0b00000, 0x00000000d5580000)
  object space 797696K, 81% used [0x0000000080000000,0x00000000a7a50808,0x00000000b0b00000)
 Metaspace       used 6481K, capacity 7282K, committed 7552K, reserved 1056768K
  class space    used 608K, capacity 618K, committed 640K, reserved 1048576K
}
Event: 35,630 GC heap before
{Heap before GC invocations=27 (full 5):
 PSYoungGen      total 487936K, used 432088K [0x00000000d5580000, 0x0000000100000000, 0x0000000100000000)
  eden space 295424K, 100% used [0x00000000d5580000,0x00000000e7600000,0x00000000e7600000)
  from space 192512K, 70% used [0x00000000f4400000,0x00000000fc9761a8,0x0000000100000000)
  to   space 201728K, 0% used [0x00000000e7600000,0x00000000e7600000,0x00000000f3b00000)
 ParOldGen       total 797696K, used 649538K [0x0000000080000000, 0x00000000b0b00000, 0x00000000d5580000)
  object space 797696K, 81% used [0x0000000080000000,0x00000000a7a50808,0x00000000b0b00000)
 Metaspace       used 6483K, capacity 7282K, committed 7552K, reserved 1056768K
  class space    used 608K, capacity 618K, committed 640K, reserved 1048576K
Event: 35,848 GC heap after
Heap after GC invocations=27 (full 5):
 PSYoungGen      total 479232K, used 183663K [0x00000000d5580000, 0x0000000100000000, 0x0000000100000000)
  eden space 295424K, 0% used [0x00000000d5580000,0x00000000d5580000,0x00000000e7600000)
  from space 183808K, 99% used [0x00000000e7600000,0x00000000f295bfb8,0x00000000f2980000)
  to   space 219648K, 0% used [0x00000000f2980000,0x00000000f2980000,0x0000000100000000)
 ParOldGen       total 797696K, used 649538K [0x0000000080000000, 0x00000000b0b00000, 0x00000000d5580000)
  object space 797696K, 81% used [0x0000000080000000,0x00000000a7a50808,0x00000000b0b00000)
 Metaspace       used 6483K, capacity 7282K, committed 7552K, reserved 1056768K
  class space    used 608K, capacity 618K, committed 640K, reserved 1048576K
}
Event: 36,707 GC heap before
{Heap before GC invocations=28 (full 5):
 PSYoungGen      total 479232K, used 479087K [0x00000000d5580000, 0x0000000100000000, 0x0000000100000000)
  eden space 295424K, 100% used [0x00000000d5580000,0x00000000e7600000,0x00000000e7600000)
  from space 183808K, 99% used [0x00000000e7600000,0x00000000f295bfb8,0x00000000f2980000)
  to   space 219648K, 0% used [0x00000000f2980000,0x00000000f2980000,0x0000000100000000)
 ParOldGen       total 797696K, used 649538K [0x0000000080000000, 0x00000000b0b00000, 0x00000000d5580000)
  object space 797696K, 81% used [0x0000000080000000,0x00000000a7a50808,0x00000000b0b00000)
 Metaspace       used 6573K, capacity 7350K, committed 7552K, reserved 1056768K
  class space    used 613K, capacity 622K, committed 640K, reserved 1048576K
Event: 36,935 GC heap after
Heap after GC invocations=28 (full 5):
 PSYoungGen      total 452608K, used 219631K [0x00000000d5580000, 0x0000000100000000, 0x0000000100000000)
  eden space 232960K, 0% used [0x00000000d5580000,0x00000000d5580000,0x00000000e3900000)
  from space 219648K, 99% used [0x00000000f2980000,0x00000000ffffbe10,0x0000000100000000)
  to   space 232960K, 0% used [0x00000000e3900000,0x00000000e3900000,0x00000000f1c80000)
 ParOldGen       total 797696K, used 662605K [0x0000000080000000, 0x00000000b0b00000, 0x00000000d5580000)
  object space 797696K, 83% used [0x0000000080000000,0x00000000a8713510,0x00000000b0b00000)
 Metaspace       used 6573K, capacity 7350K, committed 7552K, reserved 1056768K
  class space    used 613K, capacity 622K, committed 640K, reserved 1048576K
}
Event: 37,656 GC heap before
{Heap before GC invocations=29 (full 5):
 PSYoungGen      total 452608K, used 452591K [0x00000000d5580000, 0x0000000100000000, 0x0000000100000000)
  eden space 232960K, 100% used [0x00000000d5580000,0x00000000e3900000,0x00000000e3900000)
  from space 219648K, 99% used [0x00000000f2980000,0x00000000ffffbe10,0x0000000100000000)
  to   space 232960K, 0% used [0x00000000e3900000,0x00000000e3900000,0x00000000f1c80000)
 ParOldGen       total 797696K, used 662605K [0x0000000080000000, 0x00000000b0b00000, 0x00000000d5580000)
  object space 797696K, 83% used [0x0000000080000000,0x00000000a8713510,0x00000000b0b00000)
 Metaspace       used 6603K, capacity 7352K, committed 7552K, reserved 1056768K
  class space    used 616K, capacity 624K, committed 640K, reserved 1048576K
Event: 38,002 GC heap after
Heap after GC invocations=29 (full 5):
 PSYoungGen      total 465920K, used 212376K [0x00000000d5580000, 0x0000000100000000, 0x0000000100000000)
  eden space 232960K, 0% used [0x00000000d5580000,0x00000000d5580000,0x00000000e3900000)
  from space 232960K, 91% used [0x00000000e3900000,0x00000000f0866190,0x00000000f1c80000)
  to   space 232960K, 0% used [0x00000000f1c80000,0x00000000f1c80000,0x0000000100000000)
 ParOldGen       total 797696K, used 709239K [0x0000000080000000, 0x00000000b0b00000, 0x00000000d5580000)
  object space 797696K, 88% used [0x0000000080000000,0x00000000ab49dd90,0x00000000b0b00000)
 Metaspace       used 6603K, capacity 7352K, committed 7552K, reserved 1056768K
  class space    used 616K, capacity 624K, committed 640K, reserved 1048576K
}
Event: 38,795 GC heap before
{Heap before GC invocations=30 (full 5):
 PSYoungGen      total 465920K, used 445336K [0x00000000d5580000, 0x0000000100000000, 0x0000000100000000)
  eden space 232960K, 100% used [0x00000000d5580000,0x00000000e3900000,0x00000000e3900000)
  from space 232960K, 91% used [0x00000000e3900000,0x00000000f0866190,0x00000000f1c80000)
  to   space 232960K, 0% used [0x00000000f1c80000,0x00000000f1c80000,0x0000000100000000)
 ParOldGen       total 797696K, used 709239K [0x0000000080000000, 0x00000000b0b00000, 0x00000000d5580000)
  object space 797696K, 88% used [0x0000000080000000,0x00000000ab49dd90,0x00000000b0b00000)
 Metaspace       used 6603K, capacity 7352K, committed 7552K, reserved 1056768K
  class space    used 616K, capacity 624K, committed 640K, reserved 1048576K
Event: 39,097 GC heap after
Heap after GC invocations=30 (full 5):
 PSYoungGen      total 465920K, used 162784K [0x00000000d5580000, 0x0000000100000000, 0x0000000100000000)
  eden space 232960K, 0% used [0x00000000d5580000,0x00000000d5580000,0x00000000e3900000)
  from space 232960K, 69% used [0x00000000f1c80000,0x00000000fbb78340,0x0000000100000000)
  to   space 232960K, 0% used [0x00000000e3900000,0x00000000e3900000,0x00000000f1c80000)
 ParOldGen       total 797696K, used 794752K [0x0000000080000000, 0x00000000b0b00000, 0x00000000d5580000)
  object space 797696K, 99% used [0x0000000080000000,0x00000000b0820370,0x00000000b0b00000)
 Metaspace       used 6603K, capacity 7352K, committed 7552K, reserved 1056768K
  class space    used 616K, capacity 624K, committed 640K, reserved 1048576K
}
Event: 39,097 GC heap before
{Heap before GC invocations=31 (full 6):
 PSYoungGen      total 465920K, used 162784K [0x00000000d5580000, 0x0000000100000000, 0x0000000100000000)
  eden space 232960K, 0% used [0x00000000d5580000,0x00000000d5580000,0x00000000e3900000)
  from space 232960K, 69% used [0x00000000f1c80000,0x00000000fbb78340,0x0000000100000000)
  to   space 232960K, 0% used [0x00000000e3900000,0x00000000e3900000,0x00000000f1c80000)
 ParOldGen       total 797696K, used 794752K [0x0000000080000000, 0x00000000b0b00000, 0x00000000d5580000)
  object space 797696K, 99% used [0x0000000080000000,0x00000000b0820370,0x00000000b0b00000)
 Metaspace       used 6603K, capacity 7352K, committed 7552K, reserved 1056768K
  class space    used 616K, capacity 624K, committed 640K, reserved 1048576K

