# JRE version: Java(TM) SE Runtime Environment (8.0_66-b17) (build 1.8.0_66-b17)
# Java VM: Java HotSpot(TM) 64-Bit Server VM (25.66-b17 mixed mode linux-amd64 compressed oops)
Heap:
 PSYoungGen      total 465920K, used 0K [0x00000000d5580000, 0x0000000100000000, 0x0000000100000000)
  eden space 232960K, 0% used [0x00000000d5580000,0x00000000d5580000,0x00000000e3900000)
  from space 232960K, 0% used [0x00000000f1c80000,0x00000000f1c80000,0x0000000100000000)
  to   space 232960K, 0% used [0x00000000e3900000,0x00000000e3900000,0x00000000f1c80000)
 ParOldGen       total 947200K, used 858201K [0x0000000080000000, 0x00000000b9d00000, 0x00000000d5580000)
  object space 947200K, 90% used [0x0000000080000000,0x00000000b4616748,0x00000000b9d00000)
 Metaspace       used 6592K, capacity 7352K, committed 7552K, reserved 1056768K
  class space    used 616K, capacity 624K, committed 640K, reserved 1048576K
GC Heap History (10 events):
Event: 38,789 GC heap after
Heap after GC invocations=27 (full 5):
 PSYoungGen      total 482304K, used 144391K [0x00000000d5580000, 0x0000000100000000, 0x0000000100000000)
  eden space 287232K, 0% used [0x00000000d5580000,0x00000000d5580000,0x00000000e6e00000)
  from space 195072K, 74% used [0x00000000f3800000,0x00000000fc501f18,0x00000000ff680000)
  to   space 205824K, 0% used [0x00000000e6e00000,0x00000000e6e00000,0x00000000f3700000)
 ParOldGen       total 947200K, used 767840K [0x0000000080000000, 0x00000000b9d00000, 0x00000000d5580000)
  object space 947200K, 81% used [0x0000000080000000,0x00000000aedd8080,0x00000000b9d00000)
 Metaspace       used 6471K, capacity 7282K, committed 7552K, reserved 1056768K
  class space    used 608K, capacity 618K, committed 640K, reserved 1048576K
}
Event: 39,711 GC heap before
{Heap before GC invocations=28 (full 5):
 PSYoungGen      total 482304K, used 431623K [0x00000000d5580000, 0x0000000100000000, 0x0000000100000000)
  eden space 287232K, 100% used [0x00000000d5580000,0x00000000e6e00000,0x00000000e6e00000)
  from space 195072K, 74% used [0x00000000f3800000,0x00000000fc501f18,0x00000000ff680000)
  to   space 205824K, 0% used [0x00000000e6e00000,0x00000000e6e00000,0x00000000f3700000)
 ParOldGen       total 947200K, used 767840K [0x0000000080000000, 0x00000000b9d00000, 0x00000000d5580000)
  object space 947200K, 81% used [0x0000000080000000,0x00000000aedd8080,0x00000000b9d00000)
 Metaspace       used 6471K, capacity 7282K, committed 7552K, reserved 1056768K
  class space    used 608K, capacity 618K, committed 640K, reserved 1048576K
Event: 39,908 GC heap after
Heap after GC invocations=28 (full 5):
 PSYoungGen      total 475648K, used 188041K [0x00000000d5580000, 0x0000000100000000, 0x0000000100000000)
  eden space 287232K, 0% used [0x00000000d5580000,0x00000000d5580000,0x00000000e6e00000)
  from space 188416K, 99% used [0x00000000e6e00000,0x00000000f25a26d8,0x00000000f2600000)
  to   space 223232K, 0% used [0x00000000f2600000,0x00000000f2600000,0x0000000100000000)
 ParOldGen       total 947200K, used 767840K [0x0000000080000000, 0x00000000b9d00000, 0x00000000d5580000)
  object space 947200K, 81% used [0x0000000080000000,0x00000000aedd8080,0x00000000b9d00000)
 Metaspace       used 6471K, capacity 7282K, committed 7552K, reserved 1056768K
  class space    used 608K, capacity 618K, committed 640K, reserved 1048576K
}
Event: 40,655 GC heap before
{Heap before GC invocations=29 (full 5):
 PSYoungGen      total 475648K, used 475273K [0x00000000d5580000, 0x0000000100000000, 0x0000000100000000)
  eden space 287232K, 100% used [0x00000000d5580000,0x00000000e6e00000,0x00000000e6e00000)
  from space 188416K, 99% used [0x00000000e6e00000,0x00000000f25a26d8,0x00000000f2600000)
  to   space 223232K, 0% used [0x00000000f2600000,0x00000000f2600000,0x0000000100000000)
 ParOldGen       total 947200K, used 767840K [0x0000000080000000, 0x00000000b9d00000, 0x00000000d5580000)
  object space 947200K, 81% used [0x0000000080000000,0x00000000aedd8080,0x00000000b9d00000)
 Metaspace       used 6563K, capacity 7350K, committed 7552K, reserved 1056768K
  class space    used 613K, capacity 622K, committed 640K, reserved 1048576K
Event: 40,919 GC heap after
Heap after GC invocations=29 (full 5):
 PSYoungGen      total 456192K, used 223230K [0x00000000d5580000, 0x0000000100000000, 0x0000000100000000)
  eden space 232960K, 0% used [0x00000000d5580000,0x00000000d5580000,0x00000000e3900000)
  from space 223232K, 99% used [0x00000000f2600000,0x00000000fffffa78,0x0000000100000000)
  to   space 232960K, 0% used [0x00000000e3900000,0x00000000e3900000,0x00000000f1c80000)
 ParOldGen       total 947200K, used 775402K [0x0000000080000000, 0x00000000b9d00000, 0x00000000d5580000)
  object space 947200K, 81% used [0x0000000080000000,0x00000000af53ab60,0x00000000b9d00000)
 Metaspace       used 6563K, capacity 7350K, committed 7552K, reserved 1056768K
  class space    used 613K, capacity 622K, committed 640K, reserved 1048576K
}
Event: 41,708 GC heap before
{Heap before GC invocations=30 (full 5):
 PSYoungGen      total 456192K, used 456190K [0x00000000d5580000, 0x0000000100000000, 0x0000000100000000)
  eden space 232960K, 100% used [0x00000000d5580000,0x00000000e3900000,0x00000000e3900000)
  from space 223232K, 99% used [0x00000000f2600000,0x00000000fffffa78,0x0000000100000000)
  to   space 232960K, 0% used [0x00000000e3900000,0x00000000e3900000,0x00000000f1c80000)
 ParOldGen       total 947200K, used 775402K [0x0000000080000000, 0x00000000b9d00000, 0x00000000d5580000)
  object space 947200K, 81% used [0x0000000080000000,0x00000000af53ab60,0x00000000b9d00000)
 Metaspace       used 6592K, capacity 7352K, committed 7552K, reserved 1056768K
  class space    used 616K, capacity 624K, committed 640K, reserved 1048576K
Event: 42,028 GC heap after
Heap after GC invocations=30 (full 5):
 PSYoungGen      total 465920K, used 217724K [0x00000000d5580000, 0x0000000100000000, 0x0000000100000000)
  eden space 232960K, 0% used [0x00000000d5580000,0x00000000d5580000,0x00000000e3900000)
  from space 232960K, 93% used [0x00000000e3900000,0x00000000f0d9f0a0,0x00000000f1c80000)
  to   space 232960K, 0% used [0x00000000f1c80000,0x00000000f1c80000,0x0000000100000000)
 ParOldGen       total 947200K, used 817881K [0x0000000080000000, 0x00000000b9d00000, 0x00000000d5580000)
  object space 947200K, 86% used [0x0000000080000000,0x00000000b1eb6410,0x00000000b9d00000)
 Metaspace       used 6592K, capacity 7352K, committed 7552K, reserved 1056768K
  class space    used 616K, capacity 624K, committed 640K, reserved 1048576K
}
Event: 42,696 GC heap before
{Heap before GC invocations=31 (full 5):
 PSYoungGen      total 465920K, used 450684K [0x00000000d5580000, 0x0000000100000000, 0x0000000100000000)
  eden space 232960K, 100% used [0x00000000d5580000,0x00000000e3900000,0x00000000e3900000)
  from space 232960K, 93% used [0x00000000e3900000,0x00000000f0d9f0a0,0x00000000f1c80000)
  to   space 232960K, 0% used [0x00000000f1c80000,0x00000000f1c80000,0x0000000100000000)
 ParOldGen       total 947200K, used 817881K [0x0000000080000000, 0x00000000b9d00000, 0x00000000d5580000)
  object space 947200K, 86% used [0x0000000080000000,0x00000000b1eb6410,0x00000000b9d00000)
 Metaspace       used 6592K, capacity 7352K, committed 7552K, reserved 1056768K
  class space    used 616K, capacity 624K, committed 640K, reserved 1048576K
Event: 43,097 GC heap after
Heap after GC invocations=31 (full 5):
 PSYoungGen      total 465920K, used 156854K [0x00000000d5580000, 0x0000000100000000, 0x0000000100000000)
  eden space 232960K, 0% used [0x00000000d5580000,0x00000000d5580000,0x00000000e3900000)
  from space 232960K, 67% used [0x00000000f1c80000,0x00000000fb5adaa8,0x0000000100000000)
  to   space 232960K, 0% used [0x00000000e3900000,0x00000000e3900000,0x00000000f1c80000)
 ParOldGen       total 947200K, used 913469K [0x0000000080000000, 0x00000000b9d00000, 0x00000000d5580000)
  object space 947200K, 96% used [0x0000000080000000,0x00000000b7c0f5e8,0x00000000b9d00000)
 Metaspace       used 6592K, capacity 7352K, committed 7552K, reserved 1056768K
  class space    used 616K, capacity 624K, committed 640K, reserved 1048576K
}
Event: 43,097 GC heap before
{Heap before GC invocations=32 (full 6):
 PSYoungGen      total 465920K, used 156854K [0x00000000d5580000, 0x0000000100000000, 0x0000000100000000)
  eden space 232960K, 0% used [0x00000000d5580000,0x00000000d5580000,0x00000000e3900000)
  from space 232960K, 67% used [0x00000000f1c80000,0x00000000fb5adaa8,0x0000000100000000)
  to   space 232960K, 0% used [0x00000000e3900000,0x00000000e3900000,0x00000000f1c80000)
 ParOldGen       total 947200K, used 913469K [0x0000000080000000, 0x00000000b9d00000, 0x00000000d5580000)
  object space 947200K, 96% used [0x0000000080000000,0x00000000b7c0f5e8,0x00000000b9d00000)
 Metaspace       used 6592K, capacity 7352K, committed 7552K, reserved 1056768K
  class space    used 616K, capacity 624K, committed 640K, reserved 1048576K

