# JRE version: Java(TM) SE Runtime Environment (8.0_66-b17) (build 1.8.0_66-b17)
# Java VM: Java HotSpot(TM) 64-Bit Server VM (25.66-b17 mixed mode linux-amd64 compressed oops)
Heap:
 PSYoungGen      total 465920K, used 0K [0x00000000d5580000, 0x0000000100000000, 0x0000000100000000)
  eden space 232960K, 0% used [0x00000000d5580000,0x00000000d5580000,0x00000000e3900000)
  from space 232960K, 0% used [0x00000000f1c80000,0x00000000f1c80000,0x0000000100000000)
  to   space 232960K, 0% used [0x00000000e3900000,0x00000000e3900000,0x00000000f1c80000)
 ParOldGen       total 1031168K, used 889852K [0x0000000080000000, 0x00000000bef00000, 0x00000000d5580000)
  object space 1031168K, 86% used [0x0000000080000000,0x00000000b64ff2a8,0x00000000bef00000)
 Metaspace       used 6827K, capacity 7608K, committed 7936K, reserved 1056768K
  class space    used 629K, capacity 688K, committed 768K, reserved 1048576K
GC Heap History (10 events):
Event: 32,545 GC heap after
Heap after GC invocations=32 (full 6):
 PSYoungGen      total 461312K, used 117446K [0x00000000d5580000, 0x00000000ff500000, 0x0000000100000000)
  eden space 244736K, 0% used [0x00000000d5580000,0x00000000d5580000,0x00000000e4480000)
  from space 216576K, 54% used [0x00000000f1700000,0x00000000f89b1b28,0x00000000fea80000)
  to   space 215552K, 0% used [0x00000000e4480000,0x00000000e4480000,0x00000000f1700000)
 ParOldGen       total 1031168K, used 790034K [0x0000000080000000, 0x00000000bef00000, 0x00000000d5580000)
  object space 1031168K, 76% used [0x0000000080000000,0x00000000b0384980,0x00000000bef00000)
 Metaspace       used 6574K, capacity 7352K, committed 7552K, reserved 1056768K
  class space    used 615K, capacity 624K, committed 640K, reserved 1048576K
}
Event: 33,356 GC heap before
{Heap before GC invocations=33 (full 6):
 PSYoungGen      total 461312K, used 362182K [0x00000000d5580000, 0x00000000ff500000, 0x0000000100000000)
  eden space 244736K, 100% used [0x00000000d5580000,0x00000000e4480000,0x00000000e4480000)
  from space 216576K, 54% used [0x00000000f1700000,0x00000000f89b1b28,0x00000000fea80000)
  to   space 215552K, 0% used [0x00000000e4480000,0x00000000e4480000,0x00000000f1700000)
 ParOldGen       total 1031168K, used 790034K [0x0000000080000000, 0x00000000bef00000, 0x00000000d5580000)
  object space 1031168K, 76% used [0x0000000080000000,0x00000000b0384980,0x00000000bef00000)
 Metaspace       used 6585K, capacity 7352K, committed 7552K, reserved 1056768K
  class space    used 616K, capacity 624K, committed 640K, reserved 1048576K
Event: 33,512 GC heap after
Heap after GC invocations=33 (full 6):
 PSYoungGen      total 460288K, used 147963K [0x00000000d5580000, 0x0000000100000000, 0x0000000100000000)
  eden space 244736K, 0% used [0x00000000d5580000,0x00000000d5580000,0x00000000e4480000)
  from space 215552K, 68% used [0x00000000e4480000,0x00000000ed4fec98,0x00000000f1700000)
  to   space 225280K, 0% used [0x00000000f2400000,0x00000000f2400000,0x0000000100000000)
 ParOldGen       total 1031168K, used 790034K [0x0000000080000000, 0x00000000bef00000, 0x00000000d5580000)
  object space 1031168K, 76% used [0x0000000080000000,0x00000000b0384980,0x00000000bef00000)
 Metaspace       used 6585K, capacity 7352K, committed 7552K, reserved 1056768K
  class space    used 616K, capacity 624K, committed 640K, reserved 1048576K
}
Event: 34,156 GC heap before
{Heap before GC invocations=34 (full 6):
 PSYoungGen      total 460288K, used 392699K [0x00000000d5580000, 0x0000000100000000, 0x0000000100000000)
  eden space 244736K, 100% used [0x00000000d5580000,0x00000000e4480000,0x00000000e4480000)
  from space 215552K, 68% used [0x00000000e4480000,0x00000000ed4fec98,0x00000000f1700000)
  to   space 225280K, 0% used [0x00000000f2400000,0x00000000f2400000,0x0000000100000000)
 ParOldGen       total 1031168K, used 790034K [0x0000000080000000, 0x00000000bef00000, 0x00000000d5580000)
  object space 1031168K, 76% used [0x0000000080000000,0x00000000b0384980,0x00000000bef00000)
 Metaspace       used 6604K, capacity 7352K, committed 7552K, reserved 1056768K
  class space    used 616K, capacity 624K, committed 640K, reserved 1048576K
Event: 34,341 GC heap after
Heap after GC invocations=34 (full 6):
 PSYoungGen      total 458240K, used 186015K [0x00000000d5580000, 0x0000000100000000, 0x0000000100000000)
  eden space 232960K, 0% used [0x00000000d5580000,0x00000000d5580000,0x00000000e3900000)
  from space 225280K, 82% used [0x00000000f2400000,0x00000000fd9a7dc0,0x0000000100000000)
  to   space 232960K, 0% used [0x00000000e3900000,0x00000000e3900000,0x00000000f1c80000)
 ParOldGen       total 1031168K, used 790034K [0x0000000080000000, 0x00000000bef00000, 0x00000000d5580000)
  object space 1031168K, 76% used [0x0000000080000000,0x00000000b0384980,0x00000000bef00000)
 Metaspace       used 6604K, capacity 7352K, committed 7552K, reserved 1056768K
  class space    used 616K, capacity 624K, committed 640K, reserved 1048576K
}
Event: 34,886 GC heap before
{Heap before GC invocations=35 (full 6):
 PSYoungGen      total 458240K, used 418975K [0x00000000d5580000, 0x0000000100000000, 0x0000000100000000)
  eden space 232960K, 100% used [0x00000000d5580000,0x00000000e3900000,0x00000000e3900000)
  from space 225280K, 82% used [0x00000000f2400000,0x00000000fd9a7dc0,0x0000000100000000)
  to   space 232960K, 0% used [0x00000000e3900000,0x00000000e3900000,0x00000000f1c80000)
 ParOldGen       total 1031168K, used 790034K [0x0000000080000000, 0x00000000bef00000, 0x00000000d5580000)
  object space 1031168K, 76% used [0x0000000080000000,0x00000000b0384980,0x00000000bef00000)
 Metaspace       used 6623K, capacity 7384K, committed 7680K, reserved 1056768K
  class space    used 618K, capacity 656K, committed 768K, reserved 1048576K
Event: 35,195 GC heap after
Heap after GC invocations=35 (full 6):
 PSYoungGen      total 465920K, used 153931K [0x00000000d5580000, 0x0000000100000000, 0x0000000100000000)
  eden space 232960K, 0% used [0x00000000d5580000,0x00000000d5580000,0x00000000e3900000)
  from space 232960K, 66% used [0x00000000e3900000,0x00000000ecf52f20,0x00000000f1c80000)
  to   space 232960K, 0% used [0x00000000f1c80000,0x00000000f1c80000,0x0000000100000000)
 ParOldGen       total 1031168K, used 863590K [0x0000000080000000, 0x00000000bef00000, 0x00000000d5580000)
  object space 1031168K, 83% used [0x0000000080000000,0x00000000b4b59820,0x00000000bef00000)
 Metaspace       used 6623K, capacity 7384K, committed 7680K, reserved 1056768K
  class space    used 618K, capacity 656K, committed 768K, reserved 1048576K
}
Event: 35,824 GC heap before
{Heap before GC invocations=36 (full 6):
 PSYoungGen      total 465920K, used 386891K [0x00000000d5580000, 0x0000000100000000, 0x0000000100000000)
  eden space 232960K, 100% used [0x00000000d5580000,0x00000000e3900000,0x00000000e3900000)
  from space 232960K, 66% used [0x00000000e3900000,0x00000000ecf52f20,0x00000000f1c80000)
  to   space 232960K, 0% used [0x00000000f1c80000,0x00000000f1c80000,0x0000000100000000)
 ParOldGen       total 1031168K, used 863590K [0x0000000080000000, 0x00000000bef00000, 0x00000000d5580000)
  object space 1031168K, 83% used [0x0000000080000000,0x00000000b4b59820,0x00000000bef00000)
 Metaspace       used 6827K, capacity 7608K, committed 7936K, reserved 1056768K
  class space    used 629K, capacity 688K, committed 768K, reserved 1048576K
Event: 36,089 GC heap after
Heap after GC invocations=36 (full 6):
 PSYoungGen      total 465920K, used 117909K [0x00000000d5580000, 0x0000000100000000, 0x0000000100000000)
  eden space 232960K, 0% used [0x00000000d5580000,0x00000000d5580000,0x00000000e3900000)
  from space 232960K, 50% used [0x00000000f1c80000,0x00000000f8fa5738,0x0000000100000000)
  to   space 232960K, 0% used [0x00000000e3900000,0x00000000e3900000,0x00000000f1c80000)
 ParOldGen       total 1031168K, used 937106K [0x0000000080000000, 0x00000000bef00000, 0x00000000d5580000)
  object space 1031168K, 90% used [0x0000000080000000,0x00000000b93248f0,0x00000000bef00000)
 Metaspace       used 6827K, capacity 7608K, committed 7936K, reserved 1056768K
  class space    used 629K, capacity 688K, committed 768K, reserved 1048576K
}
Event: 36,092 GC heap before
{Heap before GC invocations=37 (full 7):
 PSYoungGen      total 465920K, used 117909K [0x00000000d5580000, 0x0000000100000000, 0x0000000100000000)
  eden space 232960K, 0% used [0x00000000d5580000,0x00000000d5580000,0x00000000e3900000)
  from space 232960K, 50% used [0x00000000f1c80000,0x00000000f8fa5738,0x0000000100000000)
  to   space 232960K, 0% used [0x00000000e3900000,0x00000000e3900000,0x00000000f1c80000)
 ParOldGen       total 1031168K, used 937106K [0x0000000080000000, 0x00000000bef00000, 0x00000000d5580000)
  object space 1031168K, 90% used [0x0000000080000000,0x00000000b93248f0,0x00000000bef00000)
 Metaspace       used 6827K, capacity 7608K, committed 7936K, reserved 1056768K
  class space    used 629K, capacity 688K, committed 768K, reserved 1048576K

