# JRE version: Java(TM) SE Runtime Environment (8.0_66-b17) (build 1.8.0_66-b17)
# Java VM: Java HotSpot(TM) 64-Bit Server VM (25.66-b17 mixed mode linux-amd64 compressed oops)
Heap:
 PSYoungGen      total 465920K, used 0K [0x00000000d5580000, 0x0000000100000000, 0x0000000100000000)
  eden space 232960K, 0% used [0x00000000d5580000,0x00000000d5580000,0x00000000e3900000)
  from space 232960K, 0% used [0x00000000e3900000,0x00000000e3900000,0x00000000f1c80000)
  to   space 232960K, 0% used [0x00000000f1c80000,0x00000000f1c80000,0x0000000100000000)
 ParOldGen       total 924672K, used 898835K [0x0000000080000000, 0x00000000b8700000, 0x00000000d5580000)
  object space 924672K, 97% used [0x0000000080000000,0x00000000b6dc4c10,0x00000000b8700000)
 Metaspace       used 6735K, capacity 7544K, committed 7680K, reserved 1056768K
  class space    used 627K, capacity 688K, committed 768K, reserved 1048576K
GC Heap History (10 events):
Event: 30,253 GC heap after
Heap after GC invocations=30 (full 5):
 PSYoungGen      total 439296K, used 187385K [0x00000000d5580000, 0x0000000100000000, 0x0000000100000000)
  eden space 251904K, 0% used [0x00000000d5580000,0x00000000d5580000,0x00000000e4b80000)
  from space 187392K, 99% used [0x00000000e4b80000,0x00000000f027e718,0x00000000f0280000)
  to   space 232960K, 0% used [0x00000000f1c80000,0x00000000f1c80000,0x0000000100000000)
 ParOldGen       total 924672K, used 655808K [0x0000000080000000, 0x00000000b8700000, 0x00000000d5580000)
  object space 924672K, 70% used [0x0000000080000000,0x00000000a80701b8,0x00000000b8700000)
 Metaspace       used 6491K, capacity 7286K, committed 7552K, reserved 1056768K
  class space    used 612K, capacity 622K, committed 640K, reserved 1048576K
}
Event: 30,883 GC heap before
{Heap before GC invocations=31 (full 5):
 PSYoungGen      total 439296K, used 439289K [0x00000000d5580000, 0x0000000100000000, 0x0000000100000000)
  eden space 251904K, 100% used [0x00000000d5580000,0x00000000e4b80000,0x00000000e4b80000)
  from space 187392K, 99% used [0x00000000e4b80000,0x00000000f027e718,0x00000000f0280000)
  to   space 232960K, 0% used [0x00000000f1c80000,0x00000000f1c80000,0x0000000100000000)
 ParOldGen       total 924672K, used 655808K [0x0000000080000000, 0x00000000b8700000, 0x00000000d5580000)
  object space 924672K, 70% used [0x0000000080000000,0x00000000a80701b8,0x00000000b8700000)
 Metaspace       used 6581K, capacity 7352K, committed 7552K, reserved 1056768K
  class space    used 616K, capacity 624K, committed 640K, reserved 1048576K
Event: 31,138 GC heap after
Heap after GC invocations=31 (full 5):
 PSYoungGen      total 465920K, used 213297K [0x00000000d5580000, 0x0000000100000000, 0x0000000100000000)
  eden space 232960K, 0% used [0x00000000d5580000,0x00000000d5580000,0x00000000e3900000)
  from space 232960K, 91% used [0x00000000f1c80000,0x00000000feccc5a8,0x0000000100000000)
  to   space 232960K, 0% used [0x00000000e3900000,0x00000000e3900000,0x00000000f1c80000)
 ParOldGen       total 924672K, used 666141K [0x0000000080000000, 0x00000000b8700000, 0x00000000d5580000)
  object space 924672K, 72% used [0x0000000080000000,0x00000000a8a87460,0x00000000b8700000)
 Metaspace       used 6581K, capacity 7352K, committed 7552K, reserved 1056768K
  class space    used 616K, capacity 624K, committed 640K, reserved 1048576K
}
Event: 31,823 GC heap before
{Heap before GC invocations=32 (full 5):
 PSYoungGen      total 465920K, used 446257K [0x00000000d5580000, 0x0000000100000000, 0x0000000100000000)
  eden space 232960K, 100% used [0x00000000d5580000,0x00000000e3900000,0x00000000e3900000)
  from space 232960K, 91% used [0x00000000f1c80000,0x00000000feccc5a8,0x0000000100000000)
  to   space 232960K, 0% used [0x00000000e3900000,0x00000000e3900000,0x00000000f1c80000)
 ParOldGen       total 924672K, used 666141K [0x0000000080000000, 0x00000000b8700000, 0x00000000d5580000)
  object space 924672K, 72% used [0x0000000080000000,0x00000000a8a87460,0x00000000b8700000)
 Metaspace       used 6581K, capacity 7352K, committed 7552K, reserved 1056768K
  class space    used 616K, capacity 624K, committed 640K, reserved 1048576K
Event: 32,088 GC heap after
Heap after GC invocations=32 (full 5):
 PSYoungGen      total 465920K, used 192078K [0x00000000d5580000, 0x0000000100000000, 0x0000000100000000)
  eden space 232960K, 0% used [0x00000000d5580000,0x00000000d5580000,0x00000000e3900000)
  from space 232960K, 82% used [0x00000000e3900000,0x00000000ef4938d8,0x00000000f1c80000)
  to   space 232960K, 0% used [0x00000000f1c80000,0x00000000f1c80000,0x0000000100000000)
 ParOldGen       total 924672K, used 723662K [0x0000000080000000, 0x00000000b8700000, 0x00000000d5580000)
  object space 924672K, 78% used [0x0000000080000000,0x00000000ac2b3ae0,0x00000000b8700000)
 Metaspace       used 6581K, capacity 7352K, committed 7552K, reserved 1056768K
  class space    used 616K, capacity 624K, committed 640K, reserved 1048576K
}
Event: 32,579 GC heap before
{Heap before GC invocations=33 (full 5):
 PSYoungGen      total 465920K, used 425038K [0x00000000d5580000, 0x0000000100000000, 0x0000000100000000)
  eden space 232960K, 100% used [0x00000000d5580000,0x00000000e3900000,0x00000000e3900000)
  from space 232960K, 82% used [0x00000000e3900000,0x00000000ef4938d8,0x00000000f1c80000)
  to   space 232960K, 0% used [0x00000000f1c80000,0x00000000f1c80000,0x0000000100000000)
 ParOldGen       total 924672K, used 723662K [0x0000000080000000, 0x00000000b8700000, 0x00000000d5580000)
  object space 924672K, 78% used [0x0000000080000000,0x00000000ac2b3ae0,0x00000000b8700000)
 Metaspace       used 6600K, capacity 7352K, committed 7552K, reserved 1056768K
  class space    used 616K, capacity 624K, committed 640K, reserved 1048576K
Event: 32,833 GC heap after
Heap after GC invocations=33 (full 5):
 PSYoungGen      total 465920K, used 150132K [0x00000000d5580000, 0x0000000100000000, 0x0000000100000000)
  eden space 232960K, 0% used [0x00000000d5580000,0x00000000d5580000,0x00000000e3900000)
  from space 232960K, 64% used [0x00000000f1c80000,0x00000000faf1d248,0x0000000100000000)
  to   space 232960K, 0% used [0x00000000e3900000,0x00000000e3900000,0x00000000f1c80000)
 ParOldGen       total 924672K, used 802064K [0x0000000080000000, 0x00000000b8700000, 0x00000000d5580000)
  object space 924672K, 86% used [0x0000000080000000,0x00000000b0f44290,0x00000000b8700000)
 Metaspace       used 6600K, capacity 7352K, committed 7552K, reserved 1056768K
  class space    used 616K, capacity 624K, committed 640K, reserved 1048576K
}
Event: 33,506 GC heap before
{Heap before GC invocations=34 (full 5):
 PSYoungGen      total 465920K, used 383092K [0x00000000d5580000, 0x0000000100000000, 0x0000000100000000)
  eden space 232960K, 100% used [0x00000000d5580000,0x00000000e3900000,0x00000000e3900000)
  from space 232960K, 64% used [0x00000000f1c80000,0x00000000faf1d248,0x0000000100000000)
  to   space 232960K, 0% used [0x00000000e3900000,0x00000000e3900000,0x00000000f1c80000)
 ParOldGen       total 924672K, used 802064K [0x0000000080000000, 0x00000000b8700000, 0x00000000d5580000)
  object space 924672K, 86% used [0x0000000080000000,0x00000000b0f44290,0x00000000b8700000)
 Metaspace       used 6735K, capacity 7544K, committed 7680K, reserved 1056768K
  class space    used 627K, capacity 688K, committed 768K, reserved 1048576K
Event: 33,815 GC heap after
Heap after GC invocations=34 (full 5):
 PSYoungGen      total 465920K, used 113849K [0x00000000d5580000, 0x0000000100000000, 0x0000000100000000)
  eden space 232960K, 0% used [0x00000000d5580000,0x00000000d5580000,0x00000000e3900000)
  from space 232960K, 48% used [0x00000000e3900000,0x00000000ea82e780,0x00000000f1c80000)
  to   space 232960K, 0% used [0x00000000f1c80000,0x00000000f1c80000,0x0000000100000000)
 ParOldGen       total 924672K, used 878841K [0x0000000080000000, 0x00000000b8700000, 0x00000000d5580000)
  object space 924672K, 95% used [0x0000000080000000,0x00000000b5a3e648,0x00000000b8700000)
 Metaspace       used 6735K, capacity 7544K, committed 7680K, reserved 1056768K
  class space    used 627K, capacity 688K, committed 768K, reserved 1048576K
}
Event: 33,815 GC heap before
{Heap before GC invocations=35 (full 6):
 PSYoungGen      total 465920K, used 113849K [0x00000000d5580000, 0x0000000100000000, 0x0000000100000000)
  eden space 232960K, 0% used [0x00000000d5580000,0x00000000d5580000,0x00000000e3900000)
  from space 232960K, 48% used [0x00000000e3900000,0x00000000ea82e780,0x00000000f1c80000)
  to   space 232960K, 0% used [0x00000000f1c80000,0x00000000f1c80000,0x0000000100000000)
 ParOldGen       total 924672K, used 878841K [0x0000000080000000, 0x00000000b8700000, 0x00000000d5580000)
  object space 924672K, 95% used [0x0000000080000000,0x00000000b5a3e648,0x00000000b8700000)
 Metaspace       used 6735K, capacity 7544K, committed 7680K, reserved 1056768K
  class space    used 627K, capacity 688K, committed 768K, reserved 1048576K

