# JRE version: Java(TM) SE Runtime Environment (8.0_66-b17) (build 1.8.0_66-b17)
# Java VM: Java HotSpot(TM) 64-Bit Server VM (25.66-b17 mixed mode linux-amd64 compressed oops)
Heap:
 PSYoungGen      total 465920K, used 0K [0x00000000d5580000, 0x0000000100000000, 0x0000000100000000)
  eden space 232960K, 0% used [0x00000000d5580000,0x00000000d5580000,0x00000000e3900000)
  from space 232960K, 0% used [0x00000000e3900000,0x00000000e3900000,0x00000000f1c80000)
  to   space 232960K, 0% used [0x00000000f1c80000,0x00000000f1c80000,0x0000000100000000)
 ParOldGen       total 964096K, used 816321K [0x0000000080000000, 0x00000000bad80000, 0x00000000d5580000)
  object space 964096K, 84% used [0x0000000080000000,0x00000000b1d30550,0x00000000bad80000)
 Metaspace       used 6837K, capacity 7608K, committed 7936K, reserved 1056768K
  class space    used 629K, capacity 688K, committed 768K, reserved 1048576K
GC Heap History (10 events):
Event: 34,106 GC heap after
Heap after GC invocations=35 (full 6):
 PSYoungGen      total 269824K, used 36607K [0x00000000d5580000, 0x00000000ffe00000, 0x0000000100000000)
  eden space 232960K, 0% used [0x00000000d5580000,0x00000000d5580000,0x00000000e3900000)
  from space 36864K, 99% used [0x00000000e3900000,0x00000000e5cbfe38,0x00000000e5d00000)
  to   space 231936K, 0% used [0x00000000f1b80000,0x00000000f1b80000,0x00000000ffe00000)
 ParOldGen       total 964096K, used 832055K [0x0000000080000000, 0x00000000bad80000, 0x00000000d5580000)
  object space 964096K, 86% used [0x0000000080000000,0x00000000b2c8dd38,0x00000000bad80000)
 Metaspace       used 6588K, capacity 7352K, committed 7552K, reserved 1056768K
  class space    used 616K, capacity 624K, committed 640K, reserved 1048576K
}
Event: 34,652 GC heap before
{Heap before GC invocations=36 (full 6):
 PSYoungGen      total 269824K, used 269567K [0x00000000d5580000, 0x00000000ffe00000, 0x0000000100000000)
  eden space 232960K, 100% used [0x00000000d5580000,0x00000000e3900000,0x00000000e3900000)
  from space 36864K, 99% used [0x00000000e3900000,0x00000000e5cbfe38,0x00000000e5d00000)
  to   space 231936K, 0% used [0x00000000f1b80000,0x00000000f1b80000,0x00000000ffe00000)
 ParOldGen       total 964096K, used 832055K [0x0000000080000000, 0x00000000bad80000, 0x00000000d5580000)
  object space 964096K, 86% used [0x0000000080000000,0x00000000b2c8dd38,0x00000000bad80000)
 Metaspace       used 6608K, capacity 7352K, committed 7552K, reserved 1056768K
  class space    used 616K, capacity 624K, committed 640K, reserved 1048576K
Event: 34,758 GC heap after
Heap after GC invocations=36 (full 6):
 PSYoungGen      total 473088K, used 74912K [0x00000000d5580000, 0x00000000ff700000, 0x0000000100000000)
  eden space 248320K, 0% used [0x00000000d5580000,0x00000000d5580000,0x00000000e4800000)
  from space 224768K, 33% used [0x00000000f1b80000,0x00000000f64a8080,0x00000000ff700000)
  to   space 216576K, 0% used [0x00000000e4800000,0x00000000e4800000,0x00000000f1b80000)
 ParOldGen       total 964096K, used 832055K [0x0000000080000000, 0x00000000bad80000, 0x00000000d5580000)
  object space 964096K, 86% used [0x0000000080000000,0x00000000b2c8dd38,0x00000000bad80000)
 Metaspace       used 6608K, capacity 7352K, committed 7552K, reserved 1056768K
  class space    used 616K, capacity 624K, committed 640K, reserved 1048576K
}
Event: 35,437 GC heap before
{Heap before GC invocations=37 (full 6):
 PSYoungGen      total 473088K, used 323232K [0x00000000d5580000, 0x00000000ff700000, 0x0000000100000000)
  eden space 248320K, 100% used [0x00000000d5580000,0x00000000e4800000,0x00000000e4800000)
  from space 224768K, 33% used [0x00000000f1b80000,0x00000000f64a8080,0x00000000ff700000)
  to   space 216576K, 0% used [0x00000000e4800000,0x00000000e4800000,0x00000000f1b80000)
 ParOldGen       total 964096K, used 832055K [0x0000000080000000, 0x00000000bad80000, 0x00000000d5580000)
  object space 964096K, 86% used [0x0000000080000000,0x00000000b2c8dd38,0x00000000bad80000)
 Metaspace       used 6825K, capacity 7608K, committed 7936K, reserved 1056768K
  class space    used 629K, capacity 688K, committed 768K, reserved 1048576K
Event: 35,598 GC heap after
Heap after GC invocations=37 (full 6):
 PSYoungGen      total 464896K, used 118233K [0x00000000d5580000, 0x00000000ffb00000, 0x0000000100000000)
  eden space 248320K, 0% used [0x00000000d5580000,0x00000000d5580000,0x00000000e4800000)
  from space 216576K, 54% used [0x00000000e4800000,0x00000000ebb765d8,0x00000000f1b80000)
  to   space 218112K, 0% used [0x00000000f2600000,0x00000000f2600000,0x00000000ffb00000)
 ParOldGen       total 964096K, used 832055K [0x0000000080000000, 0x00000000bad80000, 0x00000000d5580000)
  object space 964096K, 86% used [0x0000000080000000,0x00000000b2c8dd38,0x00000000bad80000)
 Metaspace       used 6825K, capacity 7608K, committed 7936K, reserved 1056768K
  class space    used 629K, capacity 688K, committed 768K, reserved 1048576K
}
Event: 36,283 GC heap before
{Heap before GC invocations=38 (full 6):
 PSYoungGen      total 464896K, used 366553K [0x00000000d5580000, 0x00000000ffb00000, 0x0000000100000000)
  eden space 248320K, 100% used [0x00000000d5580000,0x00000000e4800000,0x00000000e4800000)
  from space 216576K, 54% used [0x00000000e4800000,0x00000000ebb765d8,0x00000000f1b80000)
  to   space 218112K, 0% used [0x00000000f2600000,0x00000000f2600000,0x00000000ffb00000)
 ParOldGen       total 964096K, used 832055K [0x0000000080000000, 0x00000000bad80000, 0x00000000d5580000)
  object space 964096K, 86% used [0x0000000080000000,0x00000000b2c8dd38,0x00000000bad80000)
 Metaspace       used 6835K, capacity 7608K, committed 7936K, reserved 1056768K
  class space    used 629K, capacity 688K, committed 768K, reserved 1048576K
Event: 36,507 GC heap after
Heap after GC invocations=38 (full 6):
 PSYoungGen      total 451072K, used 162150K [0x00000000d5580000, 0x0000000100000000, 0x0000000100000000)
  eden space 232960K, 0% used [0x00000000d5580000,0x00000000d5580000,0x00000000e3900000)
  from space 218112K, 74% used [0x00000000f2600000,0x00000000fc459a70,0x00000000ffb00000)
  to   space 232960K, 0% used [0x00000000e3900000,0x00000000e3900000,0x00000000f1c80000)
 ParOldGen       total 964096K, used 832055K [0x0000000080000000, 0x00000000bad80000, 0x00000000d5580000)
  object space 964096K, 86% used [0x0000000080000000,0x00000000b2c8dd38,0x00000000bad80000)
 Metaspace       used 6835K, capacity 7608K, committed 7936K, reserved 1056768K
  class space    used 629K, capacity 688K, committed 768K, reserved 1048576K
}
Event: 37,052 GC heap before
{Heap before GC invocations=39 (full 6):
 PSYoungGen      total 451072K, used 395110K [0x00000000d5580000, 0x0000000100000000, 0x0000000100000000)
  eden space 232960K, 100% used [0x00000000d5580000,0x00000000e3900000,0x00000000e3900000)
  from space 218112K, 74% used [0x00000000f2600000,0x00000000fc459a70,0x00000000ffb00000)
  to   space 232960K, 0% used [0x00000000e3900000,0x00000000e3900000,0x00000000f1c80000)
 ParOldGen       total 964096K, used 832055K [0x0000000080000000, 0x00000000bad80000, 0x00000000d5580000)
  object space 964096K, 86% used [0x0000000080000000,0x00000000b2c8dd38,0x00000000bad80000)
 Metaspace       used 6837K, capacity 7608K, committed 7936K, reserved 1056768K
  class space    used 629K, capacity 688K, committed 768K, reserved 1048576K
Event: 37,303 GC heap after
Heap after GC invocations=39 (full 6):
 PSYoungGen      total 465920K, used 126211K [0x00000000d5580000, 0x0000000100000000, 0x0000000100000000)
  eden space 232960K, 0% used [0x00000000d5580000,0x00000000d5580000,0x00000000e3900000)
  from space 232960K, 54% used [0x00000000e3900000,0x00000000eb440e88,0x00000000f1c80000)
  to   space 232960K, 0% used [0x00000000f1c80000,0x00000000f1c80000,0x0000000100000000)
 ParOldGen       total 964096K, used 905722K [0x0000000080000000, 0x00000000bad80000, 0x00000000d5580000)
  object space 964096K, 93% used [0x0000000080000000,0x00000000b747ea88,0x00000000bad80000)
 Metaspace       used 6837K, capacity 7608K, committed 7936K, reserved 1056768K
  class space    used 629K, capacity 688K, committed 768K, reserved 1048576K
}
Event: 37,303 GC heap before
{Heap before GC invocations=40 (full 7):
 PSYoungGen      total 465920K, used 126211K [0x00000000d5580000, 0x0000000100000000, 0x0000000100000000)
  eden space 232960K, 0% used [0x00000000d5580000,0x00000000d5580000,0x00000000e3900000)
  from space 232960K, 54% used [0x00000000e3900000,0x00000000eb440e88,0x00000000f1c80000)
  to   space 232960K, 0% used [0x00000000f1c80000,0x00000000f1c80000,0x0000000100000000)
 ParOldGen       total 964096K, used 905722K [0x0000000080000000, 0x00000000bad80000, 0x00000000d5580000)
  object space 964096K, 93% used [0x0000000080000000,0x00000000b747ea88,0x00000000bad80000)
 Metaspace       used 6837K, capacity 7608K, committed 7936K, reserved 1056768K
  class space    used 629K, capacity 688K, committed 768K, reserved 1048576K

