# JRE version: Java(TM) SE Runtime Environment (8.0_66-b17) (build 1.8.0_66-b17)
# Java VM: Java HotSpot(TM) 64-Bit Server VM (25.66-b17 mixed mode linux-amd64 compressed oops)
Heap:
 PSYoungGen      total 465920K, used 699K [0x00000000d5580000, 0x0000000100000000, 0x0000000100000000)
  eden space 232960K, 0% used [0x00000000d5580000,0x00000000d5580000,0x00000000e3900000)
  from space 232960K, 0% used [0x00000000f1c80000,0x00000000f1d2ed20,0x0000000100000000)
  to   space 232960K, 0% used [0x00000000e3900000,0x00000000e3900000,0x00000000f1c80000)
 ParOldGen       total 824832K, used 824542K [0x0000000080000000, 0x00000000b2580000, 0x00000000d5580000)
  object space 824832K, 99% used [0x0000000080000000,0x00000000b2537a88,0x00000000b2580000)
 Metaspace       used 6601K, capacity 7352K, committed 7552K, reserved 1056768K
  class space    used 616K, capacity 624K, committed 640K, reserved 1048576K
GC Heap History (10 events):
Event: 29,715 GC heap after
Heap after GC invocations=29 (full 5):
 PSYoungGen      total 469504K, used 129921K [0x00000000d5580000, 0x00000000ff980000, 0x0000000100000000)
  eden space 262656K, 0% used [0x00000000d5580000,0x00000000d5580000,0x00000000e5600000)
  from space 206848K, 62% used [0x00000000f2280000,0x00000000fa1604a8,0x00000000fec80000)
  to   space 209408K, 0% used [0x00000000e5600000,0x00000000e5600000,0x00000000f2280000)
 ParOldGen       total 824832K, used 682820K [0x0000000080000000, 0x00000000b2580000, 0x00000000d5580000)
  object space 824832K, 82% used [0x0000000080000000,0x00000000a9ad1338,0x00000000b2580000)
 Metaspace       used 6479K, capacity 7282K, committed 7552K, reserved 1056768K
  class space    used 608K, capacity 618K, committed 640K, reserved 1048576K
}
Event: 30,504 GC heap before
{Heap before GC invocations=30 (full 5):
 PSYoungGen      total 469504K, used 392577K [0x00000000d5580000, 0x00000000ff980000, 0x0000000100000000)
  eden space 262656K, 100% used [0x00000000d5580000,0x00000000e5600000,0x00000000e5600000)
  from space 206848K, 62% used [0x00000000f2280000,0x00000000fa1604a8,0x00000000fec80000)
  to   space 209408K, 0% used [0x00000000e5600000,0x00000000e5600000,0x00000000f2280000)
 ParOldGen       total 824832K, used 682820K [0x0000000080000000, 0x00000000b2580000, 0x00000000d5580000)
  object space 824832K, 82% used [0x0000000080000000,0x00000000a9ad1338,0x00000000b2580000)
 Metaspace       used 6481K, capacity 7282K, committed 7552K, reserved 1056768K
  class space    used 608K, capacity 618K, committed 640K, reserved 1048576K
Event: 30,724 GC heap after
Heap after GC invocations=30 (full 5):
 PSYoungGen      total 435712K, used 173025K [0x00000000d5580000, 0x0000000100000000, 0x0000000100000000)
  eden space 262656K, 0% used [0x00000000d5580000,0x00000000d5580000,0x00000000e5600000)
  from space 173056K, 99% used [0x00000000e5600000,0x00000000efef8618,0x00000000eff00000)
  to   space 227328K, 0% used [0x00000000f2200000,0x00000000f2200000,0x0000000100000000)
 ParOldGen       total 824832K, used 682820K [0x0000000080000000, 0x00000000b2580000, 0x00000000d5580000)
  object space 824832K, 82% used [0x0000000080000000,0x00000000a9ad1338,0x00000000b2580000)
 Metaspace       used 6481K, capacity 7282K, committed 7552K, reserved 1056768K
  class space    used 608K, capacity 618K, committed 640K, reserved 1048576K
}
Event: 31,381 GC heap before
{Heap before GC invocations=31 (full 5):
 PSYoungGen      total 435712K, used 435681K [0x00000000d5580000, 0x0000000100000000, 0x0000000100000000)
  eden space 262656K, 100% used [0x00000000d5580000,0x00000000e5600000,0x00000000e5600000)
  from space 173056K, 99% used [0x00000000e5600000,0x00000000efef8618,0x00000000eff00000)
  to   space 227328K, 0% used [0x00000000f2200000,0x00000000f2200000,0x0000000100000000)
 ParOldGen       total 824832K, used 682820K [0x0000000080000000, 0x00000000b2580000, 0x00000000d5580000)
  object space 824832K, 82% used [0x0000000080000000,0x00000000a9ad1338,0x00000000b2580000)
 Metaspace       used 6561K, capacity 7350K, committed 7552K, reserved 1056768K
  class space    used 613K, capacity 622K, committed 640K, reserved 1048576K
Event: 31,675 GC heap after
Heap after GC invocations=31 (full 5):
 PSYoungGen      total 460288K, used 215464K [0x00000000d5580000, 0x0000000100000000, 0x0000000100000000)
  eden space 232960K, 0% used [0x00000000d5580000,0x00000000d5580000,0x00000000e3900000)
  from space 227328K, 94% used [0x00000000f2200000,0x00000000ff46a1b0,0x0000000100000000)
  to   space 232960K, 0% used [0x00000000e3900000,0x00000000e3900000,0x00000000f1c80000)
 ParOldGen       total 824832K, used 682820K [0x0000000080000000, 0x00000000b2580000, 0x00000000d5580000)
  object space 824832K, 82% used [0x0000000080000000,0x00000000a9ad1338,0x00000000b2580000)
 Metaspace       used 6561K, capacity 7350K, committed 7552K, reserved 1056768K
  class space    used 613K, capacity 622K, committed 640K, reserved 1048576K
}
Event: 32,298 GC heap before
{Heap before GC invocations=32 (full 5):
 PSYoungGen      total 460288K, used 448424K [0x00000000d5580000, 0x0000000100000000, 0x0000000100000000)
  eden space 232960K, 100% used [0x00000000d5580000,0x00000000e3900000,0x00000000e3900000)
  from space 227328K, 94% used [0x00000000f2200000,0x00000000ff46a1b0,0x0000000100000000)
  to   space 232960K, 0% used [0x00000000e3900000,0x00000000e3900000,0x00000000f1c80000)
 ParOldGen       total 824832K, used 682820K [0x0000000080000000, 0x00000000b2580000, 0x00000000d5580000)
  object space 824832K, 82% used [0x0000000080000000,0x00000000a9ad1338,0x00000000b2580000)
 Metaspace       used 6600K, capacity 7352K, committed 7552K, reserved 1056768K
  class space    used 616K, capacity 624K, committed 640K, reserved 1048576K
Event: 32,640 GC heap after
Heap after GC invocations=32 (full 5):
 PSYoungGen      total 465920K, used 216019K [0x00000000d5580000, 0x0000000100000000, 0x0000000100000000)
  eden space 232960K, 0% used [0x00000000d5580000,0x00000000d5580000,0x00000000e3900000)
  from space 232960K, 92% used [0x00000000e3900000,0x00000000f0bf4fc8,0x00000000f1c80000)
  to   space 232960K, 0% used [0x00000000f1c80000,0x00000000f1c80000,0x0000000100000000)
 ParOldGen       total 824832K, used 714985K [0x0000000080000000, 0x00000000b2580000, 0x00000000d5580000)
  object space 824832K, 86% used [0x0000000080000000,0x00000000aba3a468,0x00000000b2580000)
 Metaspace       used 6600K, capacity 7352K, committed 7552K, reserved 1056768K
  class space    used 616K, capacity 624K, committed 640K, reserved 1048576K
}
Event: 33,315 GC heap before
{Heap before GC invocations=33 (full 5):
 PSYoungGen      total 465920K, used 448979K [0x00000000d5580000, 0x0000000100000000, 0x0000000100000000)
  eden space 232960K, 100% used [0x00000000d5580000,0x00000000e3900000,0x00000000e3900000)
  from space 232960K, 92% used [0x00000000e3900000,0x00000000f0bf4fc8,0x00000000f1c80000)
  to   space 232960K, 0% used [0x00000000f1c80000,0x00000000f1c80000,0x0000000100000000)
 ParOldGen       total 824832K, used 714985K [0x0000000080000000, 0x00000000b2580000, 0x00000000d5580000)
  object space 824832K, 86% used [0x0000000080000000,0x00000000aba3a468,0x00000000b2580000)
 Metaspace       used 6601K, capacity 7352K, committed 7552K, reserved 1056768K
  class space    used 616K, capacity 624K, committed 640K, reserved 1048576K
Event: 33,608 GC heap after
Heap after GC invocations=33 (full 5):
 PSYoungGen      total 465920K, used 194789K [0x00000000d5580000, 0x0000000100000000, 0x0000000100000000)
  eden space 232960K, 0% used [0x00000000d5580000,0x00000000d5580000,0x00000000e3900000)
  from space 232960K, 83% used [0x00000000f1c80000,0x00000000fdab9730,0x0000000100000000)
  to   space 232960K, 0% used [0x00000000e3900000,0x00000000e3900000,0x00000000f1c80000)
 ParOldGen       total 824832K, used 773000K [0x0000000080000000, 0x00000000b2580000, 0x00000000d5580000)
  object space 824832K, 93% used [0x0000000080000000,0x00000000af2e21c0,0x00000000b2580000)
 Metaspace       used 6601K, capacity 7352K, committed 7552K, reserved 1056768K
  class space    used 616K, capacity 624K, committed 640K, reserved 1048576K
}
Event: 33,608 GC heap before
{Heap before GC invocations=34 (full 6):
 PSYoungGen      total 465920K, used 194789K [0x00000000d5580000, 0x0000000100000000, 0x0000000100000000)
  eden space 232960K, 0% used [0x00000000d5580000,0x00000000d5580000,0x00000000e3900000)
  from space 232960K, 83% used [0x00000000f1c80000,0x00000000fdab9730,0x0000000100000000)
  to   space 232960K, 0% used [0x00000000e3900000,0x00000000e3900000,0x00000000f1c80000)
 ParOldGen       total 824832K, used 773000K [0x0000000080000000, 0x00000000b2580000, 0x00000000d5580000)
  object space 824832K, 93% used [0x0000000080000000,0x00000000af2e21c0,0x00000000b2580000)
 Metaspace       used 6601K, capacity 7352K, committed 7552K, reserved 1056768K
  class space    used 616K, capacity 624K, committed 640K, reserved 1048576K

