# JRE version: Java(TM) SE Runtime Environment (8.0_66-b17) (build 1.8.0_66-b17)
# Java VM: Java HotSpot(TM) 64-Bit Server VM (25.66-b17 mixed mode linux-amd64 compressed oops)
Heap:
 PSYoungGen      total 465920K, used 0K [0x00000000d5580000, 0x0000000100000000, 0x0000000100000000)
  eden space 232960K, 0% used [0x00000000d5580000,0x00000000d5580000,0x00000000e3900000)
  from space 232960K, 0% used [0x00000000f1c80000,0x00000000f1c80000,0x0000000100000000)
  to   space 232960K, 0% used [0x00000000e3900000,0x00000000e3900000,0x00000000f1c80000)
 ParOldGen       total 974336K, used 870061K [0x0000000080000000, 0x00000000bb780000, 0x00000000d5580000)
  object space 974336K, 89% used [0x0000000080000000,0x00000000b51ab7e8,0x00000000bb780000)
 Metaspace       used 6596K, capacity 7352K, committed 7552K, reserved 1056768K
  class space    used 615K, capacity 624K, committed 640K, reserved 1048576K
GC Heap History (10 events):
Event: 35,254 GC heap after
Heap after GC invocations=27 (full 5):
 PSYoungGen      total 479744K, used 155796K [0x00000000d5580000, 0x0000000100000000, 0x0000000100000000)
  eden space 295424K, 0% used [0x00000000d5580000,0x00000000d5580000,0x00000000e7600000)
  from space 184320K, 84% used [0x00000000f4c00000,0x00000000fe4252b8,0x0000000100000000)
  to   space 201728K, 0% used [0x00000000e7600000,0x00000000e7600000,0x00000000f3b00000)
 ParOldGen       total 974336K, used 764315K [0x0000000080000000, 0x00000000bb780000, 0x00000000d5580000)
  object space 974336K, 78% used [0x0000000080000000,0x00000000aea66f60,0x00000000bb780000)
 Metaspace       used 6474K, capacity 7282K, committed 7552K, reserved 1056768K
  class space    used 607K, capacity 618K, committed 640K, reserved 1048576K
}
Event: 36,325 GC heap before
{Heap before GC invocations=28 (full 5):
 PSYoungGen      total 479744K, used 451220K [0x00000000d5580000, 0x0000000100000000, 0x0000000100000000)
  eden space 295424K, 100% used [0x00000000d5580000,0x00000000e7600000,0x00000000e7600000)
  from space 184320K, 84% used [0x00000000f4c00000,0x00000000fe4252b8,0x0000000100000000)
  to   space 201728K, 0% used [0x00000000e7600000,0x00000000e7600000,0x00000000f3b00000)
 ParOldGen       total 974336K, used 764315K [0x0000000080000000, 0x00000000bb780000, 0x00000000d5580000)
  object space 974336K, 78% used [0x0000000080000000,0x00000000aea66f60,0x00000000bb780000)
 Metaspace       used 6475K, capacity 7282K, committed 7552K, reserved 1056768K
  class space    used 607K, capacity 618K, committed 640K, reserved 1048576K
Event: 36,581 GC heap after
Heap after GC invocations=28 (full 5):
 PSYoungGen      total 496640K, used 200886K [0x00000000d5580000, 0x0000000100000000, 0x0000000100000000)
  eden space 295424K, 0% used [0x00000000d5580000,0x00000000d5580000,0x00000000e7600000)
  from space 201216K, 99% used [0x00000000e7600000,0x00000000f3a2d910,0x00000000f3a80000)
  to   space 202240K, 0% used [0x00000000f3a80000,0x00000000f3a80000,0x0000000100000000)
 ParOldGen       total 974336K, used 764315K [0x0000000080000000, 0x00000000bb780000, 0x00000000d5580000)
  object space 974336K, 78% used [0x0000000080000000,0x00000000aea66f60,0x00000000bb780000)
 Metaspace       used 6475K, capacity 7282K, committed 7552K, reserved 1056768K
  class space    used 607K, capacity 618K, committed 640K, reserved 1048576K
}
Event: 37,417 GC heap before
{Heap before GC invocations=29 (full 5):
 PSYoungGen      total 496640K, used 496310K [0x00000000d5580000, 0x0000000100000000, 0x0000000100000000)
  eden space 295424K, 100% used [0x00000000d5580000,0x00000000e7600000,0x00000000e7600000)
  from space 201216K, 99% used [0x00000000e7600000,0x00000000f3a2d910,0x00000000f3a80000)
  to   space 202240K, 0% used [0x00000000f3a80000,0x00000000f3a80000,0x0000000100000000)
 ParOldGen       total 974336K, used 764315K [0x0000000080000000, 0x00000000bb780000, 0x00000000d5580000)
  object space 974336K, 78% used [0x0000000080000000,0x00000000aea66f60,0x00000000bb780000)
 Metaspace       used 6594K, capacity 7352K, committed 7552K, reserved 1056768K
  class space    used 615K, capacity 624K, committed 640K, reserved 1048576K
Event: 37,857 GC heap after
Heap after GC invocations=29 (full 5):
 PSYoungGen      total 435200K, used 202230K [0x00000000d5580000, 0x0000000100000000, 0x0000000100000000)
  eden space 232960K, 0% used [0x00000000d5580000,0x00000000d5580000,0x00000000e3900000)
  from space 202240K, 99% used [0x00000000f3a80000,0x00000000ffffda48,0x0000000100000000)
  to   space 232960K, 0% used [0x00000000e3900000,0x00000000e3900000,0x00000000f1c80000)
 ParOldGen       total 974336K, used 806359K [0x0000000080000000, 0x00000000bb780000, 0x00000000d5580000)
  object space 974336K, 82% used [0x0000000080000000,0x00000000b1375c80,0x00000000bb780000)
 Metaspace       used 6594K, capacity 7352K, committed 7552K, reserved 1056768K
  class space    used 615K, capacity 624K, committed 640K, reserved 1048576K
}
Event: 38,661 GC heap before
{Heap before GC invocations=30 (full 5):
 PSYoungGen      total 435200K, used 435190K [0x00000000d5580000, 0x0000000100000000, 0x0000000100000000)
  eden space 232960K, 100% used [0x00000000d5580000,0x00000000e3900000,0x00000000e3900000)
  from space 202240K, 99% used [0x00000000f3a80000,0x00000000ffffda48,0x0000000100000000)
  to   space 232960K, 0% used [0x00000000e3900000,0x00000000e3900000,0x00000000f1c80000)
 ParOldGen       total 974336K, used 806359K [0x0000000080000000, 0x00000000bb780000, 0x00000000d5580000)
  object space 974336K, 82% used [0x0000000080000000,0x00000000b1375c80,0x00000000bb780000)
 Metaspace       used 6595K, capacity 7352K, committed 7552K, reserved 1056768K
  class space    used 615K, capacity 624K, committed 640K, reserved 1048576K
Event: 39,002 GC heap after
Heap after GC invocations=30 (full 5):
 PSYoungGen      total 465920K, used 197957K [0x00000000d5580000, 0x0000000100000000, 0x0000000100000000)
  eden space 232960K, 0% used [0x00000000d5580000,0x00000000d5580000,0x00000000e3900000)
  from space 232960K, 84% used [0x00000000e3900000,0x00000000efa515d0,0x00000000f1c80000)
  to   space 232960K, 0% used [0x00000000f1c80000,0x00000000f1c80000,0x0000000100000000)
 ParOldGen       total 974336K, used 848200K [0x0000000080000000, 0x00000000bb780000, 0x00000000d5580000)
  object space 974336K, 87% used [0x0000000080000000,0x00000000b3c521a0,0x00000000bb780000)
 Metaspace       used 6595K, capacity 7352K, committed 7552K, reserved 1056768K
  class space    used 615K, capacity 624K, committed 640K, reserved 1048576K
}
Event: 39,566 GC heap before
{Heap before GC invocations=31 (full 5):
 PSYoungGen      total 465920K, used 430917K [0x00000000d5580000, 0x0000000100000000, 0x0000000100000000)
  eden space 232960K, 100% used [0x00000000d5580000,0x00000000e3900000,0x00000000e3900000)
  from space 232960K, 84% used [0x00000000e3900000,0x00000000efa515d0,0x00000000f1c80000)
  to   space 232960K, 0% used [0x00000000f1c80000,0x00000000f1c80000,0x0000000100000000)
 ParOldGen       total 974336K, used 848200K [0x0000000080000000, 0x00000000bb780000, 0x00000000d5580000)
  object space 974336K, 87% used [0x0000000080000000,0x00000000b3c521a0,0x00000000bb780000)
 Metaspace       used 6596K, capacity 7352K, committed 7552K, reserved 1056768K
  class space    used 615K, capacity 624K, committed 640K, reserved 1048576K
Event: 40,002 GC heap after
Heap after GC invocations=31 (full 5):
 PSYoungGen      total 465920K, used 153928K [0x00000000d5580000, 0x0000000100000000, 0x0000000100000000)
  eden space 232960K, 0% used [0x00000000d5580000,0x00000000d5580000,0x00000000e3900000)
  from space 232960K, 66% used [0x00000000f1c80000,0x00000000fb2d2258,0x0000000100000000)
  to   space 232960K, 0% used [0x00000000e3900000,0x00000000e3900000,0x00000000f1c80000)
 ParOldGen       total 974336K, used 928346K [0x0000000080000000, 0x00000000bb780000, 0x00000000d5580000)
  object space 974336K, 95% used [0x0000000080000000,0x00000000b8a968f8,0x00000000bb780000)
 Metaspace       used 6596K, capacity 7352K, committed 7552K, reserved 1056768K
  class space    used 615K, capacity 624K, committed 640K, reserved 1048576K
}
Event: 40,012 GC heap before
{Heap before GC invocations=32 (full 6):
 PSYoungGen      total 465920K, used 153928K [0x00000000d5580000, 0x0000000100000000, 0x0000000100000000)
  eden space 232960K, 0% used [0x00000000d5580000,0x00000000d5580000,0x00000000e3900000)
  from space 232960K, 66% used [0x00000000f1c80000,0x00000000fb2d2258,0x0000000100000000)
  to   space 232960K, 0% used [0x00000000e3900000,0x00000000e3900000,0x00000000f1c80000)
 ParOldGen       total 974336K, used 928346K [0x0000000080000000, 0x00000000bb780000, 0x00000000d5580000)
  object space 974336K, 95% used [0x0000000080000000,0x00000000b8a968f8,0x00000000bb780000)
 Metaspace       used 6596K, capacity 7352K, committed 7552K, reserved 1056768K
  class space    used 615K, capacity 624K, committed 640K, reserved 1048576K

